Using pre-set license
Built from '2021.3/staging' branch; Version is '2021.3.9f1 (ad3870b89536) revision 11352176'; Using compiler version '192829333'; Build Type 'Release'
OS: 'Windows 10  (10.0.19043) 64bit Core' Language: 'ko' Physical Memory: 65461 MB
BatchMode: 1, IsHumanControllingUs: 0, StartBugReporterOnCrash: 0, Is64bit: 1, IsPro: 1

COMMAND LINE ARGUMENTS:
C:\Program Files\Unity\Hub\Editor\2021.3.9f1\Editor\Unity.exe
-adb2
-batchMode
-noUpm
-name
AssetImportWorker4
-projectPath
C:/Users/USER/source/repos/UnityEngineBasic_Nowon_2000_2200/TowerDefence
-logFile
Logs/AssetImportWorker4.log
-srvPort
5931
Successfully changed project path to: C:/Users/USER/source/repos/UnityEngineBasic_Nowon_2000_2200/TowerDefence
C:/Users/USER/source/repos/UnityEngineBasic_Nowon_2000_2200/TowerDefence
[UnityMemory] Configuration Parameters - Can be set up in boot.config
    "memorysetup-bucket-allocator-granularity=16"
    "memorysetup-bucket-allocator-bucket-count=8"
    "memorysetup-bucket-allocator-block-size=33554432"
    "memorysetup-bucket-allocator-block-count=8"
    "memorysetup-main-allocator-block-size=16777216"
    "memorysetup-thread-allocator-block-size=16777216"
    "memorysetup-gfx-main-allocator-block-size=16777216"
    "memorysetup-gfx-thread-allocator-block-size=16777216"
    "memorysetup-cache-allocator-block-size=4194304"
    "memorysetup-typetree-allocator-block-size=2097152"
    "memorysetup-profiler-bucket-allocator-granularity=16"
    "memorysetup-profiler-bucket-allocator-bucket-count=8"
    "memorysetup-profiler-bucket-allocator-block-size=33554432"
    "memorysetup-profiler-bucket-allocator-block-count=8"
    "memorysetup-profiler-allocator-block-size=16777216"
    "memorysetup-profiler-editor-allocator-block-size=1048576"
    "memorysetup-temp-allocator-size-main=16777216"
    "memorysetup-job-temp-allocator-block-size=2097152"
    "memorysetup-job-temp-allocator-block-size-background=1048576"
    "memorysetup-job-temp-allocator-reduction-small-platforms=262144"
    "memorysetup-temp-allocator-size-background-worker=32768"
    "memorysetup-temp-allocator-size-job-worker=262144"
    "memorysetup-temp-allocator-size-preload-manager=33554432"
    "memorysetup-temp-allocator-size-nav-mesh-worker=65536"
    "memorysetup-temp-allocator-size-audio-worker=65536"
    "memorysetup-temp-allocator-size-cloud-worker=32768"
    "memorysetup-temp-allocator-size-gi-baking-worker=262144"
    "memorysetup-temp-allocator-size-gfx=262144"
Refreshing native plugins compatible for Editor in 24.98 ms, found 2 plugins.
Preloading 0 native plugins for Editor in 0.00 ms.
Initialize engine version: 2021.3.9f1 (ad3870b89536)
[Subsystems] Discovering subsystems at path C:/Program Files/Unity/Hub/Editor/2021.3.9f1/Editor/Data/Resources/UnitySubsystems
[Subsystems] Discovering subsystems at path C:/Users/USER/source/repos/UnityEngineBasic_Nowon_2000_2200/TowerDefence/Assets
GfxDevice: creating device client; threaded=0; jobified=0
Direct3D:
    Version:  Direct3D 11.0 [level 11.1]
    Renderer: NVIDIA GeForce RTX 3070 (ID=0x2488)
    Vendor:   NVIDIA
    VRAM:     8043 MB
    Driver:   30.0.15.1295
Initialize mono
Mono path[0] = 'C:/Program Files/Unity/Hub/Editor/2021.3.9f1/Editor/Data/Managed'
Mono path[1] = 'C:/Program Files/Unity/Hub/Editor/2021.3.9f1/Editor/Data/MonoBleedingEdge/lib/mono/unityjit-win32'
Mono config path = 'C:/Program Files/Unity/Hub/Editor/2021.3.9f1/Editor/Data/MonoBleedingEdge/etc'
Using monoOptions --debugger-agent=transport=dt_socket,embedding=1,server=y,suspend=n,address=127.0.0.1:56496
Begin MonoManager ReloadAssembly
Registering precompiled unity dll's ...
Register platform support module: C:/Program Files/Unity/Hub/Editor/2021.3.9f1/Editor/Data/PlaybackEngines/WindowsStandaloneSupport/UnityEditor.WindowsStandalone.Extensions.dll
Registered in 0.006191 seconds.
Native extension for WindowsStandalone target not found
Refreshing native plugins compatible for Editor in 22.13 ms, found 2 plugins.
Preloading 0 native plugins for Editor in 0.00 ms.
Mono: successfully reloaded assembly
- Completed reload, in  0.416 seconds
Domain Reload Profiling:
	ReloadAssembly (417ms)
		BeginReloadAssembly (54ms)
			ExecutionOrderSort (0ms)
			DisableScriptedObjects (0ms)
			BackupInstance (0ms)
			ReleaseScriptingObjects (0ms)
			CreateAndSetChildDomain (1ms)
		EndReloadAssembly (279ms)
			LoadAssemblies (52ms)
			RebuildTransferFunctionScriptingTraits (0ms)
			SetupTypeCache (68ms)
			ReleaseScriptCaches (0ms)
			RebuildScriptCaches (19ms)
			SetupLoadedEditorAssemblies (152ms)
				LogAssemblyErrors (0ms)
				InitializePlatformSupportModulesInManaged (6ms)
				SetLoadedEditorAssemblies (0ms)
				RefreshPlugins (22ms)
				BeforeProcessingInitializeOnLoad (1ms)
				ProcessInitializeOnLoadAttributes (91ms)
				ProcessInitializeOnLoadMethodAttributes (32ms)
				AfterProcessingInitializeOnLoad (0ms)
				EditorAssembliesLoaded (0ms)
			ExecutionOrderSort2 (0ms)
			AwakeInstancesAfterBackupRestoration (0ms)
Platform modules already initialized, skipping
Registering precompiled user dll's ...
Registered in 0.002548 seconds.
Begin MonoManager ReloadAssembly
Native extension for WindowsStandalone target not found
Refreshing native plugins compatible for Editor in 0.37 ms, found 2 plugins.
Preloading 0 native plugins for Editor in 0.00 ms.
Mono: successfully reloaded assembly
- Completed reload, in  0.610 seconds
Domain Reload Profiling:
	ReloadAssembly (611ms)
		BeginReloadAssembly (84ms)
			ExecutionOrderSort (0ms)
			DisableScriptedObjects (4ms)
			BackupInstance (0ms)
			ReleaseScriptingObjects (0ms)
			CreateAndSetChildDomain (16ms)
		EndReloadAssembly (447ms)
			LoadAssemblies (56ms)
			RebuildTransferFunctionScriptingTraits (0ms)
			SetupTypeCache (116ms)
			ReleaseScriptCaches (0ms)
			RebuildScriptCaches (29ms)
			SetupLoadedEditorAssemblies (223ms)
				LogAssemblyErrors (0ms)
				InitializePlatformSupportModulesInManaged (4ms)
				SetLoadedEditorAssemblies (0ms)
				RefreshPlugins (0ms)
				BeforeProcessingInitializeOnLoad (41ms)
				ProcessInitializeOnLoadAttributes (147ms)
				ProcessInitializeOnLoadMethodAttributes (22ms)
				AfterProcessingInitializeOnLoad (8ms)
				EditorAssembliesLoaded (0ms)
			ExecutionOrderSort2 (0ms)
			AwakeInstancesAfterBackupRestoration (6ms)
Platform modules already initialized, skipping
========================================================================
Worker process is ready to serve import requests
Launched and connected shader compiler UnityShaderCompiler.exe after 0.06 seconds
Refreshing native plugins compatible for Editor in 0.63 ms, found 2 plugins.
Preloading 0 native plugins for Editor in 0.00 ms.
Unloading 1748 Unused Serialized files (Serialized files now loaded: 0)
Unloading 19 unused Assets / (48.2 KB). Loaded Objects now: 2214.
Memory consumption went from 75.9 MB to 75.8 MB.
Total: 2.354600 ms (FindLiveObjects: 0.128300 ms CreateObjectMapping: 0.037400 ms MarkObjects: 2.117800 ms  DeleteObjects: 0.070400 ms)

AssetImportParameters requested are different than current active one (requested -> active):
  custom:video-decoder-ogg-theora: a1e56fd34408186e4bbccfd4996cb3dc -> 
  custom:container-muxer-webm: aa71ff27fc2769a1b78a27578f13a17b -> 
  custom:container-demuxer-webm: 4f35f7cbe854078d1ac9338744f61a02 -> 
  custom:video-encoder-webm-vp8: eb34c28f22e8b96e1ab97ce403110664 -> 
  custom:audio-encoder-webm-vorbis: bf7c407c2cedff20999df2af8eb42d56 -> 
  custom:framework-win-MediaFoundation: 216162199b28c13a410421893ffa2e32 -> 
  custom:container-demuxer-ogg: 62fdf1f143b41e24485cea50d1cbac27 -> 
  custom:video-decoder-webm-vp8: 9c59270c3fd7afecdb556c50c9e8de78 -> 
  custom:audio-decoder-ogg-vorbis: bf7c407c2cedff20999df2af8eb42d56 -> 
========================================================================
Received Import Request.
  Time since last request: 89287.032220 seconds.
  path: ProjectSettings/TagManager.asset
  artifactKey: Guid(00000000000000003000000000000000) Importer(815301076,1909f56bfc062723c751e8b465ee728b)
Start importing ProjectSettings/TagManager.asset using Guid(00000000000000003000000000000000) Importer(815301076,1909f56bfc062723c751e8b465ee728b)  -> (artifact id: '38b541033f16573a1ffab4b3a327b595') in 0.029132 seconds 
========================================================================
Received Import Request.
  Time since last request: 69.465737 seconds.
  path: Assets/03. Prefabs/Projectile
  artifactKey: Guid(7d0cb69d7ad4776488852cd02b08d487) Importer(815301076,1909f56bfc062723c751e8b465ee728b)
Start importing Assets/03. Prefabs/Projectile using Guid(7d0cb69d7ad4776488852cd02b08d487) Importer(815301076,1909f56bfc062723c751e8b465ee728b)  -> (artifact id: 'f7c3cd50d78e6b76d22f622a8ea19470') in 0.001633 seconds 
========================================================================
Received Import Request.
  Time since last request: 2.458064 seconds.
  path: Assets/03. Prefabs/Projectile/Bullet.prefab
  artifactKey: Guid(d001d408756690c4eb0b86bf9bca2f6a) Importer(815301076,1909f56bfc062723c751e8b465ee728b)
Start importing Assets/03. Prefabs/Projectile/Bullet.prefab using Guid(d001d408756690c4eb0b86bf9bca2f6a) Importer(815301076,1909f56bfc062723c751e8b465ee728b)  -> (artifact id: '63b52b5938efebe2c88d4f7bedd7c890') in 0.054647 seconds 
========================================================================
Received Import Request.
  Time since last request: 10.853469 seconds.
  path: Assets/03. Prefabs/Projectile/Bullet.prefab
  artifactKey: Guid(d001d408756690c4eb0b86bf9bca2f6a) Importer(815301076,1909f56bfc062723c751e8b465ee728b)
Start importing Assets/03. Prefabs/Projectile/Bullet.prefab using Guid(d001d408756690c4eb0b86bf9bca2f6a) Importer(815301076,1909f56bfc062723c751e8b465ee728b)  -> (artifact id: 'b72c76519b82cd343270e5812f0abcd2') in 0.006149 seconds 
========================================================================
Received Import Request.
  Time since last request: 5.441552 seconds.
  path: Assets/03. Prefabs/Projectile/Bullet.prefab
  artifactKey: Guid(d001d408756690c4eb0b86bf9bca2f6a) Importer(815301076,1909f56bfc062723c751e8b465ee728b)
Start importing Assets/03. Prefabs/Projectile/Bullet.prefab using Guid(d001d408756690c4eb0b86bf9bca2f6a) Importer(815301076,1909f56bfc062723c751e8b465ee728b)  -> (artifact id: 'b0b298317baf926c901ed6ca012fa19f') in 0.010142 seconds 
========================================================================
Received Import Request.
  Time since last request: 3.294226 seconds.
  path: Assets/03. Prefabs/Towers/MachineGun1.prefab
  artifactKey: Guid(0e1eeed9832b0ed4398e376c4186e32f) Importer(815301076,1909f56bfc062723c751e8b465ee728b)
Start importing Assets/03. Prefabs/Towers/MachineGun1.prefab using Guid(0e1eeed9832b0ed4398e376c4186e32f) Importer(815301076,1909f56bfc062723c751e8b465ee728b)  -> (artifact id: '3105a30490a669ce975ebd465c72943c') in 0.032597 seconds 
========================================================================
Received Import Request.
  Time since last request: 8.886228 seconds.
  path: Assets/03. Prefabs/Towers/MachineGun1.prefab
  artifactKey: Guid(0e1eeed9832b0ed4398e376c4186e32f) Importer(815301076,1909f56bfc062723c751e8b465ee728b)
Start importing Assets/03. Prefabs/Towers/MachineGun1.prefab using Guid(0e1eeed9832b0ed4398e376c4186e32f) Importer(815301076,1909f56bfc062723c751e8b465ee728b)  -> (artifact id: '07fe48db0e6abbd16d20168f8f120ef5') in 0.008035 seconds 
========================================================================
Received Import Request.
  Time since last request: 7.464638 seconds.
  path: Assets/03. Prefabs/Towers/MachineGun1.prefab
  artifactKey: Guid(0e1eeed9832b0ed4398e376c4186e32f) Importer(815301076,1909f56bfc062723c751e8b465ee728b)
Start importing Assets/03. Prefabs/Towers/MachineGun1.prefab using Guid(0e1eeed9832b0ed4398e376c4186e32f) Importer(815301076,1909f56bfc062723c751e8b465ee728b)  -> (artifact id: '22f92b43e8813ea94d41b1e97633fb3f') in 0.006763 seconds 
========================================================================
Received Import Request.
  Time since last request: 122.728227 seconds.
  path: Assets/03. Prefabs/Towers/MachineGun2.prefab
  artifactKey: Guid(d4a53a08c6b98194eb521f411150b2a5) Importer(815301076,1909f56bfc062723c751e8b465ee728b)
Start importing Assets/03. Prefabs/Towers/MachineGun2.prefab using Guid(d4a53a08c6b98194eb521f411150b2a5) Importer(815301076,1909f56bfc062723c751e8b465ee728b)  -> (artifact id: '5dc016895dd25ac180c01f8bc956f961') in 0.010439 seconds 
========================================================================
Received Import Request.
  Time since last request: 66.005765 seconds.
  path: Assets/03. Prefabs/Towers/MachineGun3.prefab
  artifactKey: Guid(5641665f9c7b7944d86b1f2c3d13d6f8) Importer(815301076,1909f56bfc062723c751e8b465ee728b)
Start importing Assets/03. Prefabs/Towers/MachineGun3.prefab using Guid(5641665f9c7b7944d86b1f2c3d13d6f8) Importer(815301076,1909f56bfc062723c751e8b465ee728b)  -> (artifact id: '56cdc0079b3d25be99c7e2d75258cb2b') in 0.010693 seconds 
========================================================================
Received Import Request.
  Time since last request: 41.564118 seconds.
  path: Assets/03. Prefabs/Towers/MachineGun3.prefab
  artifactKey: Guid(5641665f9c7b7944d86b1f2c3d13d6f8) Importer(815301076,1909f56bfc062723c751e8b465ee728b)
Start importing Assets/03. Prefabs/Towers/MachineGun3.prefab using Guid(5641665f9c7b7944d86b1f2c3d13d6f8) Importer(815301076,1909f56bfc062723c751e8b465ee728b)  -> (artifact id: '7299051f9ea1a8fcb36a34104a44903c') in 0.008822 seconds 
========================================================================
Received Import Request.
  Time since last request: 3.674865 seconds.
  path: Assets/03. Prefabs/Towers/MachineGun3.prefab
  artifactKey: Guid(5641665f9c7b7944d86b1f2c3d13d6f8) Importer(815301076,1909f56bfc062723c751e8b465ee728b)
Start importing Assets/03. Prefabs/Towers/MachineGun3.prefab using Guid(5641665f9c7b7944d86b1f2c3d13d6f8) Importer(815301076,1909f56bfc062723c751e8b465ee728b)  -> (artifact id: '6c6bbe6aae2ef2406b556dbbda04f463') in 0.007491 seconds 
========================================================================
Received Import Request.
  Time since last request: 0.592659 seconds.
  path: Assets/03. Prefabs/Towers/MachineGun3.prefab
  artifactKey: Guid(5641665f9c7b7944d86b1f2c3d13d6f8) Importer(815301076,1909f56bfc062723c751e8b465ee728b)
Start importing Assets/03. Prefabs/Towers/MachineGun3.prefab using Guid(5641665f9c7b7944d86b1f2c3d13d6f8) Importer(815301076,1909f56bfc062723c751e8b465ee728b)  -> (artifact id: '174dae6b8e2022095c27fc6bc571739d') in 0.010849 seconds 
========================================================================
Received Import Request.
  Time since last request: 1.408936 seconds.
  path: Assets/03. Prefabs/Towers/MachineGun3.prefab
  artifactKey: Guid(5641665f9c7b7944d86b1f2c3d13d6f8) Importer(815301076,1909f56bfc062723c751e8b465ee728b)
Start importing Assets/03. Prefabs/Towers/MachineGun3.prefab using Guid(5641665f9c7b7944d86b1f2c3d13d6f8) Importer(815301076,1909f56bfc062723c751e8b465ee728b)  -> (artifact id: '0ae1ca888241cf2f9f7a977e2c5ad1d2') in 0.007229 seconds 
========================================================================
Received Import Request.
  Time since last request: 0.380443 seconds.
  path: Assets/03. Prefabs/Towers/MachineGun3.prefab
  artifactKey: Guid(5641665f9c7b7944d86b1f2c3d13d6f8) Importer(815301076,1909f56bfc062723c751e8b465ee728b)
Start importing Assets/03. Prefabs/Towers/MachineGun3.prefab using Guid(5641665f9c7b7944d86b1f2c3d13d6f8) Importer(815301076,1909f56bfc062723c751e8b465ee728b)  -> (artifact id: 'a6e734dd2637f4fba59274867adddd84') in 0.007363 seconds 
========================================================================
Received Import Request.
  Time since last request: 10.673288 seconds.
  path: Assets/03. Prefabs/Towers/MachineGun3.prefab
  artifactKey: Guid(5641665f9c7b7944d86b1f2c3d13d6f8) Importer(815301076,1909f56bfc062723c751e8b465ee728b)
Start importing Assets/03. Prefabs/Towers/MachineGun3.prefab using Guid(5641665f9c7b7944d86b1f2c3d13d6f8) Importer(815301076,1909f56bfc062723c751e8b465ee728b)  -> (artifact id: 'b13868a941616fa5e35829040b333877') in 0.007631 seconds 
========================================================================
Received Import Request.
  Time since last request: 0.810897 seconds.
  path: Assets/03. Prefabs/Towers/MachineGun3.prefab
  artifactKey: Guid(5641665f9c7b7944d86b1f2c3d13d6f8) Importer(815301076,1909f56bfc062723c751e8b465ee728b)
Start importing Assets/03. Prefabs/Towers/MachineGun3.prefab using Guid(5641665f9c7b7944d86b1f2c3d13d6f8) Importer(815301076,1909f56bfc062723c751e8b465ee728b)  -> (artifact id: 'd7ad3156156a687ac0f404d3851ee7d6') in 0.007594 seconds 
========================================================================
Received Import Request.
  Time since last request: 21.628058 seconds.
  path: Assets/03. Prefabs/Towers/MachineGun3.prefab
  artifactKey: Guid(5641665f9c7b7944d86b1f2c3d13d6f8) Importer(815301076,1909f56bfc062723c751e8b465ee728b)
Start importing Assets/03. Prefabs/Towers/MachineGun3.prefab using Guid(5641665f9c7b7944d86b1f2c3d13d6f8) Importer(815301076,1909f56bfc062723c751e8b465ee728b)  -> (artifact id: '336b9886b5f3a76ea9e171d1eb1344c0') in 0.006893 seconds 
========================================================================
Received Import Request.
  Time since last request: 1.027985 seconds.
  path: Assets/03. Prefabs/Towers/MachineGun3.prefab
  artifactKey: Guid(5641665f9c7b7944d86b1f2c3d13d6f8) Importer(815301076,1909f56bfc062723c751e8b465ee728b)
Start importing Assets/03. Prefabs/Towers/MachineGun3.prefab using Guid(5641665f9c7b7944d86b1f2c3d13d6f8) Importer(815301076,1909f56bfc062723c751e8b465ee728b)  -> (artifact id: '36bd278fedcc67c4e0f804b10ac8e158') in 0.010518 seconds 
========================================================================
Received Import Request.
  Time since last request: 0.811459 seconds.
  path: Assets/03. Prefabs/Towers/MachineGun3.prefab
  artifactKey: Guid(5641665f9c7b7944d86b1f2c3d13d6f8) Importer(815301076,1909f56bfc062723c751e8b465ee728b)
Start importing Assets/03. Prefabs/Towers/MachineGun3.prefab using Guid(5641665f9c7b7944d86b1f2c3d13d6f8) Importer(815301076,1909f56bfc062723c751e8b465ee728b)  -> (artifact id: '83fbc02e6f5b8352a49bd57fc0f1d8ab') in 0.007876 seconds 
========================================================================
Received Import Request.
  Time since last request: 0.382903 seconds.
  path: Assets/03. Prefabs/Towers/MachineGun3.prefab
  artifactKey: Guid(5641665f9c7b7944d86b1f2c3d13d6f8) Importer(815301076,1909f56bfc062723c751e8b465ee728b)
Start importing Assets/03. Prefabs/Towers/MachineGun3.prefab using Guid(5641665f9c7b7944d86b1f2c3d13d6f8) Importer(815301076,1909f56bfc062723c751e8b465ee728b)  -> (artifact id: '54745fb8bb9d5c2ee0ed69c8159c5714') in 0.007445 seconds 
========================================================================
Received Import Request.
  Time since last request: 0.599408 seconds.
  path: Assets/03. Prefabs/Towers/MachineGun3.prefab
  artifactKey: Guid(5641665f9c7b7944d86b1f2c3d13d6f8) Importer(815301076,1909f56bfc062723c751e8b465ee728b)
Start importing Assets/03. Prefabs/Towers/MachineGun3.prefab using Guid(5641665f9c7b7944d86b1f2c3d13d6f8) Importer(815301076,1909f56bfc062723c751e8b465ee728b)  -> (artifact id: '9726717b68184b7179c5621ef80e629c') in 0.007639 seconds 
========================================================================
Received Import Request.
  Time since last request: 0.794720 seconds.
  path: Assets/03. Prefabs/Towers/MachineGun3.prefab
  artifactKey: Guid(5641665f9c7b7944d86b1f2c3d13d6f8) Importer(815301076,1909f56bfc062723c751e8b465ee728b)
Start importing Assets/03. Prefabs/Towers/MachineGun3.prefab using Guid(5641665f9c7b7944d86b1f2c3d13d6f8) Importer(815301076,1909f56bfc062723c751e8b465ee728b)  -> (artifact id: '1ef528ae215f8796b4f8fc1bd9ef4f45') in 0.006905 seconds 
========================================================================
Received Import Request.
  Time since last request: 9.464642 seconds.
  path: Assets/03. Prefabs/Towers/MachineGun3.prefab
  artifactKey: Guid(5641665f9c7b7944d86b1f2c3d13d6f8) Importer(815301076,1909f56bfc062723c751e8b465ee728b)
Start importing Assets/03. Prefabs/Towers/MachineGun3.prefab using Guid(5641665f9c7b7944d86b1f2c3d13d6f8) Importer(815301076,1909f56bfc062723c751e8b465ee728b)  -> (artifact id: 'cb1372f508dbdb4ef1a45d9edf278370') in 0.011970 seconds 
========================================================================
Received Import Request.
  Time since last request: 21.642262 seconds.
  path: Assets/03. Prefabs/Towers/MachineGun3.prefab
  artifactKey: Guid(5641665f9c7b7944d86b1f2c3d13d6f8) Importer(815301076,1909f56bfc062723c751e8b465ee728b)
Start importing Assets/03. Prefabs/Towers/MachineGun3.prefab using Guid(5641665f9c7b7944d86b1f2c3d13d6f8) Importer(815301076,1909f56bfc062723c751e8b465ee728b)  -> (artifact id: '907c8b5910e824d10fa10a5584b0be87') in 0.007225 seconds 
========================================================================
Received Import Request.
  Time since last request: 19.071362 seconds.
  path: Assets/03. Prefabs/Towers/MachineGun3.asset
  artifactKey: Guid(3637bfb478c03c843aa53cbe3ce0ae27) Importer(815301076,1909f56bfc062723c751e8b465ee728b)
Start importing Assets/03. Prefabs/Towers/MachineGun3.asset using Guid(3637bfb478c03c843aa53cbe3ce0ae27) Importer(815301076,1909f56bfc062723c751e8b465ee728b)  -> (artifact id: '3f41dde1108568a56a47e7cc73539be4') in 0.002119 seconds 
========================================================================
Received Import Request.
  Time since last request: 11.501452 seconds.
  path: Assets/03. Prefabs/Towers/MachineGun3.prefab
  artifactKey: Guid(5641665f9c7b7944d86b1f2c3d13d6f8) Importer(815301076,1909f56bfc062723c751e8b465ee728b)
Start importing Assets/03. Prefabs/Towers/MachineGun3.prefab using Guid(5641665f9c7b7944d86b1f2c3d13d6f8) Importer(815301076,1909f56bfc062723c751e8b465ee728b)  -> (artifact id: '5785cf07f6260bf49de9f23050d5154d') in 0.009899 seconds 
========================================================================
Received Import Request.
  Time since last request: 9.905598 seconds.
  path: Assets/03. Prefabs/Towers/MachineGun3.prefab
  artifactKey: Guid(5641665f9c7b7944d86b1f2c3d13d6f8) Importer(815301076,1909f56bfc062723c751e8b465ee728b)
Start importing Assets/03. Prefabs/Towers/MachineGun3.prefab using Guid(5641665f9c7b7944d86b1f2c3d13d6f8) Importer(815301076,1909f56bfc062723c751e8b465ee728b)  -> (artifact id: 'a8f944fc02b3e341041bc9d6612b741e') in 0.009297 seconds 
========================================================================
Received Import Request.
  Time since last request: 6.983646 seconds.
  path: Assets/03. Prefabs/Towers/MachineGun2.prefab
  artifactKey: Guid(d4a53a08c6b98194eb521f411150b2a5) Importer(815301076,1909f56bfc062723c751e8b465ee728b)
Start importing Assets/03. Prefabs/Towers/MachineGun2.prefab using Guid(d4a53a08c6b98194eb521f411150b2a5) Importer(815301076,1909f56bfc062723c751e8b465ee728b)  -> (artifact id: '14bd5594900e217434585d7d7a97d546') in 0.020768 seconds 
========================================================================
Received Import Request.
  Time since last request: 6.665907 seconds.
  path: Assets/03. Prefabs/Towers/MachineGun3.prefab
  artifactKey: Guid(5641665f9c7b7944d86b1f2c3d13d6f8) Importer(815301076,1909f56bfc062723c751e8b465ee728b)
Start importing Assets/03. Prefabs/Towers/MachineGun3.prefab using Guid(5641665f9c7b7944d86b1f2c3d13d6f8) Importer(815301076,1909f56bfc062723c751e8b465ee728b)  -> (artifact id: '57241b403e8cdda9ade4e4fb669381ad') in 0.009006 seconds 
========================================================================
Received Import Request.
  Time since last request: 30.392683 seconds.
  path: Assets/03. Prefabs/Towers/MachineGun2.prefab
  artifactKey: Guid(d4a53a08c6b98194eb521f411150b2a5) Importer(815301076,1909f56bfc062723c751e8b465ee728b)
Start importing Assets/03. Prefabs/Towers/MachineGun2.prefab using Guid(d4a53a08c6b98194eb521f411150b2a5) Importer(815301076,1909f56bfc062723c751e8b465ee728b)  -> (artifact id: '9188d1f1c9b472cf272c053bd6072392') in 0.007767 seconds 
========================================================================
Received Import Request.
  Time since last request: 7.508189 seconds.
  path: Assets/03. Prefabs/Towers/MachineGun1.prefab
  artifactKey: Guid(0e1eeed9832b0ed4398e376c4186e32f) Importer(815301076,1909f56bfc062723c751e8b465ee728b)
Start importing Assets/03. Prefabs/Towers/MachineGun1.prefab using Guid(0e1eeed9832b0ed4398e376c4186e32f) Importer(815301076,1909f56bfc062723c751e8b465ee728b)  -> (artifact id: '1433932fc7a150c6cb76df350b120a3e') in 0.009145 seconds 
========================================================================
Received Import Request.
  Time since last request: 43.791424 seconds.
  path: Assets/03. Prefabs/Towers/MachineGun3.prefab
  artifactKey: Guid(5641665f9c7b7944d86b1f2c3d13d6f8) Importer(815301076,1909f56bfc062723c751e8b465ee728b)
Start importing Assets/03. Prefabs/Towers/MachineGun3.prefab using Guid(5641665f9c7b7944d86b1f2c3d13d6f8) Importer(815301076,1909f56bfc062723c751e8b465ee728b)  -> (artifact id: '6f61df833e765ce18982356f1b0c8d73') in 0.007250 seconds 
========================================================================
Received Import Request.
  Time since last request: 9.729194 seconds.
  path: Assets/03. Prefabs/Towers/MachineGun3.prefab
  artifactKey: Guid(5641665f9c7b7944d86b1f2c3d13d6f8) Importer(815301076,1909f56bfc062723c751e8b465ee728b)
Start importing Assets/03. Prefabs/Towers/MachineGun3.prefab using Guid(5641665f9c7b7944d86b1f2c3d13d6f8) Importer(815301076,1909f56bfc062723c751e8b465ee728b)  -> (artifact id: 'aa6ba94fdb51a7227d5a2e7ff92c83c6') in 0.010428 seconds 
========================================================================
Received Import Request.
  Time since last request: 5.857208 seconds.
  path: Assets/03. Prefabs/Towers/MachineGun1.prefab
  artifactKey: Guid(0e1eeed9832b0ed4398e376c4186e32f) Importer(815301076,1909f56bfc062723c751e8b465ee728b)
Start importing Assets/03. Prefabs/Towers/MachineGun1.prefab using Guid(0e1eeed9832b0ed4398e376c4186e32f) Importer(815301076,1909f56bfc062723c751e8b465ee728b)  -> (artifact id: '497984019908835ed37a3ba74c49e37a') in 0.007833 seconds 
========================================================================
Received Import Request.
  Time since last request: 14.465740 seconds.
  path: Assets/03. Prefabs/Towers/MachineGun3.prefab
  artifactKey: Guid(5641665f9c7b7944d86b1f2c3d13d6f8) Importer(815301076,1909f56bfc062723c751e8b465ee728b)
Start importing Assets/03. Prefabs/Towers/MachineGun3.prefab using Guid(5641665f9c7b7944d86b1f2c3d13d6f8) Importer(815301076,1909f56bfc062723c751e8b465ee728b)  -> (artifact id: 'c490921de60c006337992fe71234d046') in 0.008062 seconds 
========================================================================
Received Import Request.
  Time since last request: 2.866735 seconds.
  path: Assets/03. Prefabs/Towers/MachineGun3.prefab
  artifactKey: Guid(5641665f9c7b7944d86b1f2c3d13d6f8) Importer(815301076,1909f56bfc062723c751e8b465ee728b)
Start importing Assets/03. Prefabs/Towers/MachineGun3.prefab using Guid(5641665f9c7b7944d86b1f2c3d13d6f8) Importer(815301076,1909f56bfc062723c751e8b465ee728b)  -> (artifact id: '2c14ded3e6d63668070969f7ad0d1a50') in 0.010202 seconds 
========================================================================
Received Import Request.
  Time since last request: 6.391248 seconds.
  path: Assets/03. Prefabs/Towers/MachineGun2.prefab
  artifactKey: Guid(d4a53a08c6b98194eb521f411150b2a5) Importer(815301076,1909f56bfc062723c751e8b465ee728b)
Start importing Assets/03. Prefabs/Towers/MachineGun2.prefab using Guid(d4a53a08c6b98194eb521f411150b2a5) Importer(815301076,1909f56bfc062723c751e8b465ee728b)  -> (artifact id: '03136a7aa40abe6485c7b9771e4607a2') in 0.007189 seconds 
========================================================================
Received Import Request.
  Time since last request: 1.553160 seconds.
  path: Assets/03. Prefabs/Towers/MachineGun3.prefab
  artifactKey: Guid(5641665f9c7b7944d86b1f2c3d13d6f8) Importer(815301076,1909f56bfc062723c751e8b465ee728b)
Start importing Assets/03. Prefabs/Towers/MachineGun3.prefab using Guid(5641665f9c7b7944d86b1f2c3d13d6f8) Importer(815301076,1909f56bfc062723c751e8b465ee728b)  -> (artifact id: '5da612cb4526a9657e21ebbf5221a407') in 0.007311 seconds 
========================================================================
Received Prepare
Registering precompiled user dll's ...
Registered in 0.002245 seconds.
Begin MonoManager ReloadAssembly
Native extension for WindowsStandalone target not found
Refreshing native plugins compatible for Editor in 0.37 ms, found 2 plugins.
Preloading 0 native plugins for Editor in 0.00 ms.
Mono: successfully reloaded assembly
- Completed reload, in  0.586 seconds
Domain Reload Profiling:
	ReloadAssembly (586ms)
		BeginReloadAssembly (93ms)
			ExecutionOrderSort (0ms)
			DisableScriptedObjects (4ms)
			BackupInstance (0ms)
			ReleaseScriptingObjects (0ms)
			CreateAndSetChildDomain (24ms)
		EndReloadAssembly (427ms)
			LoadAssemblies (50ms)
			RebuildTransferFunctionScriptingTraits (0ms)
			SetupTypeCache (119ms)
			ReleaseScriptCaches (1ms)
			RebuildScriptCaches (23ms)
			SetupLoadedEditorAssemblies (207ms)
				LogAssemblyErrors (0ms)
				InitializePlatformSupportModulesInManaged (10ms)
				SetLoadedEditorAssemblies (0ms)
				RefreshPlugins (0ms)
				BeforeProcessingInitializeOnLoad (35ms)
				ProcessInitializeOnLoadAttributes (135ms)
				ProcessInitializeOnLoadMethodAttributes (19ms)
				AfterProcessingInitializeOnLoad (7ms)
				EditorAssembliesLoaded (0ms)
			ExecutionOrderSort2 (0ms)
			AwakeInstancesAfterBackupRestoration (5ms)
Platform modules already initialized, skipping
Refreshing native plugins compatible for Editor in 2.19 ms, found 2 plugins.
Preloading 0 native plugins for Editor in 0.00 ms.
Unloading 1729 Unused Serialized files (Serialized files now loaded: 0)
Unloading 14 unused Assets / (25.4 KB). Loaded Objects now: 2225.
Memory consumption went from 78.4 MB to 78.4 MB.
Total: 3.304100 ms (FindLiveObjects: 0.223400 ms CreateObjectMapping: 0.039700 ms MarkObjects: 3.019800 ms  DeleteObjects: 0.020000 ms)

AssetImportParameters requested are different than current active one (requested -> active):
  custom:video-decoder-ogg-theora: a1e56fd34408186e4bbccfd4996cb3dc -> 
  custom:container-muxer-webm: aa71ff27fc2769a1b78a27578f13a17b -> 
  custom:container-demuxer-webm: 4f35f7cbe854078d1ac9338744f61a02 -> 
  custom:video-encoder-webm-vp8: eb34c28f22e8b96e1ab97ce403110664 -> 
  custom:audio-encoder-webm-vorbis: bf7c407c2cedff20999df2af8eb42d56 -> 
  custom:framework-win-MediaFoundation: 216162199b28c13a410421893ffa2e32 -> 
  custom:container-demuxer-ogg: 62fdf1f143b41e24485cea50d1cbac27 -> 
  custom:video-decoder-webm-vp8: 9c59270c3fd7afecdb556c50c9e8de78 -> 
  custom:audio-decoder-ogg-vorbis: bf7c407c2cedff20999df2af8eb42d56 -> 
========================================================================
Received Prepare
Registering precompiled user dll's ...
Registered in 0.002260 seconds.
Begin MonoManager ReloadAssembly
Native extension for WindowsStandalone target not found
Refreshing native plugins compatible for Editor in 0.37 ms, found 2 plugins.
Preloading 0 native plugins for Editor in 0.00 ms.
Mono: successfully reloaded assembly
- Completed reload, in  0.572 seconds
Domain Reload Profiling:
	ReloadAssembly (573ms)
		BeginReloadAssembly (93ms)
			ExecutionOrderSort (0ms)
			DisableScriptedObjects (4ms)
			BackupInstance (0ms)
			ReleaseScriptingObjects (0ms)
			CreateAndSetChildDomain (22ms)
		EndReloadAssembly (414ms)
			LoadAssemblies (54ms)
			RebuildTransferFunctionScriptingTraits (0ms)
			SetupTypeCache (107ms)
			ReleaseScriptCaches (1ms)
			RebuildScriptCaches (23ms)
			SetupLoadedEditorAssemblies (206ms)
				LogAssemblyErrors (0ms)
				InitializePlatformSupportModulesInManaged (9ms)
				SetLoadedEditorAssemblies (0ms)
				RefreshPlugins (0ms)
				BeforeProcessingInitializeOnLoad (36ms)
				ProcessInitializeOnLoadAttributes (133ms)
				ProcessInitializeOnLoadMethodAttributes (20ms)
				AfterProcessingInitializeOnLoad (7ms)
				EditorAssembliesLoaded (0ms)
			ExecutionOrderSort2 (0ms)
			AwakeInstancesAfterBackupRestoration (5ms)
Platform modules already initialized, skipping
Refreshing native plugins compatible for Editor in 1.56 ms, found 2 plugins.
Preloading 0 native plugins for Editor in 0.00 ms.
Unloading 1729 Unused Serialized files (Serialized files now loaded: 0)
Unloading 12 unused Assets / (24.6 KB). Loaded Objects now: 2228.
Memory consumption went from 78.4 MB to 78.4 MB.
Total: 3.153900 ms (FindLiveObjects: 0.145000 ms CreateObjectMapping: 0.041000 ms MarkObjects: 2.948500 ms  DeleteObjects: 0.018600 ms)

AssetImportParameters requested are different than current active one (requested -> active):
  custom:video-decoder-ogg-theora: a1e56fd34408186e4bbccfd4996cb3dc -> 
  custom:container-muxer-webm: aa71ff27fc2769a1b78a27578f13a17b -> 
  custom:container-demuxer-webm: 4f35f7cbe854078d1ac9338744f61a02 -> 
  custom:video-encoder-webm-vp8: eb34c28f22e8b96e1ab97ce403110664 -> 
  custom:audio-encoder-webm-vorbis: bf7c407c2cedff20999df2af8eb42d56 -> 
  custom:framework-win-MediaFoundation: 216162199b28c13a410421893ffa2e32 -> 
  custom:container-demuxer-ogg: 62fdf1f143b41e24485cea50d1cbac27 -> 
  custom:video-decoder-webm-vp8: 9c59270c3fd7afecdb556c50c9e8de78 -> 
  custom:audio-decoder-ogg-vorbis: bf7c407c2cedff20999df2af8eb42d56 -> 
========================================================================
Received Prepare
Registering precompiled user dll's ...
Registered in 0.003608 seconds.
Begin MonoManager ReloadAssembly
Native extension for WindowsStandalone target not found
Refreshing native plugins compatible for Editor in 0.37 ms, found 2 plugins.
Preloading 0 native plugins for Editor in 0.00 ms.
Mono: successfully reloaded assembly
- Completed reload, in  0.567 seconds
Domain Reload Profiling:
	ReloadAssembly (567ms)
		BeginReloadAssembly (92ms)
			ExecutionOrderSort (0ms)
			DisableScriptedObjects (4ms)
			BackupInstance (0ms)
			ReleaseScriptingObjects (0ms)
			CreateAndSetChildDomain (25ms)
		EndReloadAssembly (412ms)
			LoadAssemblies (48ms)
			RebuildTransferFunctionScriptingTraits (0ms)
			SetupTypeCache (114ms)
			ReleaseScriptCaches (1ms)
			RebuildScriptCaches (22ms)
			SetupLoadedEditorAssemblies (200ms)
				LogAssemblyErrors (0ms)
				InitializePlatformSupportModulesInManaged (9ms)
				SetLoadedEditorAssemblies (0ms)
				RefreshPlugins (0ms)
				BeforeProcessingInitializeOnLoad (33ms)
				ProcessInitializeOnLoadAttributes (131ms)
				ProcessInitializeOnLoadMethodAttributes (20ms)
				AfterProcessingInitializeOnLoad (6ms)
				EditorAssembliesLoaded (0ms)
			ExecutionOrderSort2 (0ms)
			AwakeInstancesAfterBackupRestoration (5ms)
Platform modules already initialized, skipping
Refreshing native plugins compatible for Editor in 1.91 ms, found 2 plugins.
Preloading 0 native plugins for Editor in 0.00 ms.
Unloading 1729 Unused Serialized files (Serialized files now loaded: 0)
Unloading 12 unused Assets / (24.6 KB). Loaded Objects now: 2231.
Memory consumption went from 78.4 MB to 78.4 MB.
Total: 2.449400 ms (FindLiveObjects: 0.133700 ms CreateObjectMapping: 0.044500 ms MarkObjects: 2.253900 ms  DeleteObjects: 0.016700 ms)

AssetImportParameters requested are different than current active one (requested -> active):
  custom:video-decoder-ogg-theora: a1e56fd34408186e4bbccfd4996cb3dc -> 
  custom:container-muxer-webm: aa71ff27fc2769a1b78a27578f13a17b -> 
  custom:container-demuxer-webm: 4f35f7cbe854078d1ac9338744f61a02 -> 
  custom:video-encoder-webm-vp8: eb34c28f22e8b96e1ab97ce403110664 -> 
  custom:audio-encoder-webm-vorbis: bf7c407c2cedff20999df2af8eb42d56 -> 
  custom:framework-win-MediaFoundation: 216162199b28c13a410421893ffa2e32 -> 
  custom:container-demuxer-ogg: 62fdf1f143b41e24485cea50d1cbac27 -> 
  custom:video-decoder-webm-vp8: 9c59270c3fd7afecdb556c50c9e8de78 -> 
  custom:audio-decoder-ogg-vorbis: bf7c407c2cedff20999df2af8eb42d56 -> 
========================================================================
Received Import Request.
  Time since last request: 516.067832 seconds.
  path: Assets/03. Prefabs/Towers/MachineGun1.prefab
  artifactKey: Guid(0e1eeed9832b0ed4398e376c4186e32f) Importer(815301076,1909f56bfc062723c751e8b465ee728b)
Start importing Assets/03. Prefabs/Towers/MachineGun1.prefab using Guid(0e1eeed9832b0ed4398e376c4186e32f) Importer(815301076,1909f56bfc062723c751e8b465ee728b)  -> (artifact id: 'f761d842e8a64fb9ffdfd6247dba9041') in 0.056031 seconds 
========================================================================
Received Import Request.
  Time since last request: 7.444220 seconds.
  path: Assets/03. Prefabs/Towers/MachineGun2.prefab
  artifactKey: Guid(d4a53a08c6b98194eb521f411150b2a5) Importer(815301076,1909f56bfc062723c751e8b465ee728b)
Start importing Assets/03. Prefabs/Towers/MachineGun2.prefab using Guid(d4a53a08c6b98194eb521f411150b2a5) Importer(815301076,1909f56bfc062723c751e8b465ee728b)  -> (artifact id: '98a06919a06680d9a50fcecda897ad29') in 0.008790 seconds 
========================================================================
Received Import Request.
  Time since last request: 3.446507 seconds.
  path: Assets/03. Prefabs/Towers/MachineGun3.prefab
  artifactKey: Guid(5641665f9c7b7944d86b1f2c3d13d6f8) Importer(815301076,1909f56bfc062723c751e8b465ee728b)
Start importing Assets/03. Prefabs/Towers/MachineGun3.prefab using Guid(5641665f9c7b7944d86b1f2c3d13d6f8) Importer(815301076,1909f56bfc062723c751e8b465ee728b)  -> (artifact id: 'ff006d28a49a4f163f1ff4317e550570') in 0.007746 seconds 
========================================================================
Received Import Request.
  Time since last request: 5.122349 seconds.
  path: Assets/03. Prefabs/Towers/MachineGun1.prefab
  artifactKey: Guid(0e1eeed9832b0ed4398e376c4186e32f) Importer(815301076,1909f56bfc062723c751e8b465ee728b)
Start importing Assets/03. Prefabs/Towers/MachineGun1.prefab using Guid(0e1eeed9832b0ed4398e376c4186e32f) Importer(815301076,1909f56bfc062723c751e8b465ee728b)  -> (artifact id: 'cf6d65447d995376f3aaad9d7eef2f21') in 0.008302 seconds 
========================================================================
Received Import Request.
  Time since last request: 33.482283 seconds.
  path: Assets/03. Prefabs/Towers/MachineGun2.prefab
  artifactKey: Guid(d4a53a08c6b98194eb521f411150b2a5) Importer(815301076,1909f56bfc062723c751e8b465ee728b)
Start importing Assets/03. Prefabs/Towers/MachineGun2.prefab using Guid(d4a53a08c6b98194eb521f411150b2a5) Importer(815301076,1909f56bfc062723c751e8b465ee728b)  -> (artifact id: '99c3efb0a30d001fc4a7feb293f2326f') in 0.008014 seconds 
========================================================================
Received Import Request.
  Time since last request: 1.295099 seconds.
  path: Assets/03. Prefabs/Towers/MachineGun3.prefab
  artifactKey: Guid(5641665f9c7b7944d86b1f2c3d13d6f8) Importer(815301076,1909f56bfc062723c751e8b465ee728b)
Start importing Assets/03. Prefabs/Towers/MachineGun3.prefab using Guid(5641665f9c7b7944d86b1f2c3d13d6f8) Importer(815301076,1909f56bfc062723c751e8b465ee728b)  -> (artifact id: '620bb628941929860dbfb180cf98f712') in 0.007231 seconds 
========================================================================
Received Prepare
Registering precompiled user dll's ...
Registered in 0.002723 seconds.
Begin MonoManager ReloadAssembly
Native extension for WindowsStandalone target not found
Refreshing native plugins compatible for Editor in 0.29 ms, found 2 plugins.
Preloading 0 native plugins for Editor in 0.00 ms.
Mono: successfully reloaded assembly
- Completed reload, in  0.577 seconds
Domain Reload Profiling:
	ReloadAssembly (577ms)
		BeginReloadAssembly (96ms)
			ExecutionOrderSort (0ms)
			DisableScriptedObjects (3ms)
			BackupInstance (0ms)
			ReleaseScriptingObjects (0ms)
			CreateAndSetChildDomain (25ms)
		EndReloadAssembly (409ms)
			LoadAssemblies (55ms)
			RebuildTransferFunctionScriptingTraits (0ms)
			SetupTypeCache (109ms)
			ReleaseScriptCaches (1ms)
			RebuildScriptCaches (22ms)
			SetupLoadedEditorAssemblies (201ms)
				LogAssemblyErrors (0ms)
				InitializePlatformSupportModulesInManaged (9ms)
				SetLoadedEditorAssemblies (0ms)
				RefreshPlugins (0ms)
				BeforeProcessingInitializeOnLoad (35ms)
				ProcessInitializeOnLoadAttributes (130ms)
				ProcessInitializeOnLoadMethodAttributes (19ms)
				AfterProcessingInitializeOnLoad (7ms)
				EditorAssembliesLoaded (0ms)
			ExecutionOrderSort2 (0ms)
			AwakeInstancesAfterBackupRestoration (5ms)
Platform modules already initialized, skipping
Refreshing native plugins compatible for Editor in 1.34 ms, found 2 plugins.
Preloading 0 native plugins for Editor in 0.00 ms.
Unloading 1729 Unused Serialized files (Serialized files now loaded: 0)
Unloading 13 unused Assets / (25.4 KB). Loaded Objects now: 2234.
Memory consumption went from 78.4 MB to 78.4 MB.
Total: 2.462500 ms (FindLiveObjects: 0.129100 ms CreateObjectMapping: 0.037800 ms MarkObjects: 2.279200 ms  DeleteObjects: 0.015500 ms)

AssetImportParameters requested are different than current active one (requested -> active):
  custom:video-decoder-ogg-theora: a1e56fd34408186e4bbccfd4996cb3dc -> 
  custom:container-muxer-webm: aa71ff27fc2769a1b78a27578f13a17b -> 
  custom:container-demuxer-webm: 4f35f7cbe854078d1ac9338744f61a02 -> 
  custom:video-encoder-webm-vp8: eb34c28f22e8b96e1ab97ce403110664 -> 
  custom:audio-encoder-webm-vorbis: bf7c407c2cedff20999df2af8eb42d56 -> 
  custom:framework-win-MediaFoundation: 216162199b28c13a410421893ffa2e32 -> 
  custom:container-demuxer-ogg: 62fdf1f143b41e24485cea50d1cbac27 -> 
  custom:video-decoder-webm-vp8: 9c59270c3fd7afecdb556c50c9e8de78 -> 
  custom:audio-decoder-ogg-vorbis: bf7c407c2cedff20999df2af8eb42d56 -> 
========================================================================
Received Prepare
Registering precompiled user dll's ...
Registered in 0.003188 seconds.
Begin MonoManager ReloadAssembly
Native extension for WindowsStandalone target not found
Refreshing native plugins compatible for Editor in 0.31 ms, found 2 plugins.
Preloading 0 native plugins for Editor in 0.00 ms.
Mono: successfully reloaded assembly
- Completed reload, in  0.578 seconds
Domain Reload Profiling:
	ReloadAssembly (578ms)
		BeginReloadAssembly (95ms)
			ExecutionOrderSort (0ms)
			DisableScriptedObjects (5ms)
			BackupInstance (0ms)
			ReleaseScriptingObjects (0ms)
			CreateAndSetChildDomain (23ms)
		EndReloadAssembly (416ms)
			LoadAssemblies (56ms)
			RebuildTransferFunctionScriptingTraits (0ms)
			SetupTypeCache (109ms)
			ReleaseScriptCaches (1ms)
			RebuildScriptCaches (23ms)
			SetupLoadedEditorAssemblies (206ms)
				LogAssemblyErrors (0ms)
				InitializePlatformSupportModulesInManaged (9ms)
				SetLoadedEditorAssemblies (0ms)
				RefreshPlugins (0ms)
				BeforeProcessingInitializeOnLoad (37ms)
				ProcessInitializeOnLoadAttributes (132ms)
				ProcessInitializeOnLoadMethodAttributes (19ms)
				AfterProcessingInitializeOnLoad (7ms)
				EditorAssembliesLoaded (0ms)
			ExecutionOrderSort2 (0ms)
			AwakeInstancesAfterBackupRestoration (5ms)
Platform modules already initialized, skipping
Refreshing native plugins compatible for Editor in 1.36 ms, found 2 plugins.
Preloading 0 native plugins for Editor in 0.00 ms.
Unloading 1729 Unused Serialized files (Serialized files now loaded: 0)
Unloading 12 unused Assets / (24.6 KB). Loaded Objects now: 2237.
Memory consumption went from 78.4 MB to 78.4 MB.
Total: 2.278400 ms (FindLiveObjects: 0.134100 ms CreateObjectMapping: 0.037700 ms MarkObjects: 2.093800 ms  DeleteObjects: 0.012200 ms)

AssetImportParameters requested are different than current active one (requested -> active):
  custom:video-decoder-ogg-theora: a1e56fd34408186e4bbccfd4996cb3dc -> 
  custom:container-muxer-webm: aa71ff27fc2769a1b78a27578f13a17b -> 
  custom:container-demuxer-webm: 4f35f7cbe854078d1ac9338744f61a02 -> 
  custom:video-encoder-webm-vp8: eb34c28f22e8b96e1ab97ce403110664 -> 
  custom:audio-encoder-webm-vorbis: bf7c407c2cedff20999df2af8eb42d56 -> 
  custom:framework-win-MediaFoundation: 216162199b28c13a410421893ffa2e32 -> 
  custom:container-demuxer-ogg: 62fdf1f143b41e24485cea50d1cbac27 -> 
  custom:video-decoder-webm-vp8: 9c59270c3fd7afecdb556c50c9e8de78 -> 
  custom:audio-decoder-ogg-vorbis: bf7c407c2cedff20999df2af8eb42d56 -> 
========================================================================
Received Prepare
Registering precompiled user dll's ...
Registered in 0.003770 seconds.
Begin MonoManager ReloadAssembly
Native extension for WindowsStandalone target not found
Refreshing native plugins compatible for Editor in 0.38 ms, found 2 plugins.
Preloading 0 native plugins for Editor in 0.00 ms.
Mono: successfully reloaded assembly
- Completed reload, in  0.573 seconds
Domain Reload Profiling:
	ReloadAssembly (573ms)
		BeginReloadAssembly (89ms)
			ExecutionOrderSort (0ms)
			DisableScriptedObjects (4ms)
			BackupInstance (0ms)
			ReleaseScriptingObjects (0ms)
			CreateAndSetChildDomain (21ms)
		EndReloadAssembly (419ms)
			LoadAssemblies (51ms)
			RebuildTransferFunctionScriptingTraits (0ms)
			SetupTypeCache (106ms)
			ReleaseScriptCaches (1ms)
			RebuildScriptCaches (23ms)
			SetupLoadedEditorAssemblies (210ms)
				LogAssemblyErrors (0ms)
				InitializePlatformSupportModulesInManaged (9ms)
				SetLoadedEditorAssemblies (0ms)
				RefreshPlugins (0ms)
				BeforeProcessingInitializeOnLoad (33ms)
				ProcessInitializeOnLoadAttributes (140ms)
				ProcessInitializeOnLoadMethodAttributes (21ms)
				AfterProcessingInitializeOnLoad (6ms)
				EditorAssembliesLoaded (0ms)
			ExecutionOrderSort2 (0ms)
			AwakeInstancesAfterBackupRestoration (5ms)
Platform modules already initialized, skipping
Refreshing native plugins compatible for Editor in 1.38 ms, found 2 plugins.
Preloading 0 native plugins for Editor in 0.00 ms.
Unloading 1729 Unused Serialized files (Serialized files now loaded: 0)
Unloading 12 unused Assets / (24.7 KB). Loaded Objects now: 2240.
Memory consumption went from 78.4 MB to 78.4 MB.
Total: 2.329300 ms (FindLiveObjects: 0.119900 ms CreateObjectMapping: 0.031100 ms MarkObjects: 2.168100 ms  DeleteObjects: 0.009800 ms)

AssetImportParameters requested are different than current active one (requested -> active):
  custom:video-decoder-ogg-theora: a1e56fd34408186e4bbccfd4996cb3dc -> 
  custom:container-muxer-webm: aa71ff27fc2769a1b78a27578f13a17b -> 
  custom:container-demuxer-webm: 4f35f7cbe854078d1ac9338744f61a02 -> 
  custom:video-encoder-webm-vp8: eb34c28f22e8b96e1ab97ce403110664 -> 
  custom:audio-encoder-webm-vorbis: bf7c407c2cedff20999df2af8eb42d56 -> 
  custom:framework-win-MediaFoundation: 216162199b28c13a410421893ffa2e32 -> 
  custom:container-demuxer-ogg: 62fdf1f143b41e24485cea50d1cbac27 -> 
  custom:video-decoder-webm-vp8: 9c59270c3fd7afecdb556c50c9e8de78 -> 
  custom:audio-decoder-ogg-vorbis: bf7c407c2cedff20999df2af8eb42d56 -> 
========================================================================
Received Import Request.
  Time since last request: 390.126580 seconds.
  path: Assets/04. Materials
  artifactKey: Guid(ab1590ec95d832a42a4b36f8e7ecb50f) Importer(815301076,1909f56bfc062723c751e8b465ee728b)
Start importing Assets/04. Materials using Guid(ab1590ec95d832a42a4b36f8e7ecb50f) Importer(815301076,1909f56bfc062723c751e8b465ee728b)  -> (artifact id: 'd1c3fc10466c23050b51c76bdcf48b55') in 0.007515 seconds 
========================================================================
Received Prepare
Registering precompiled user dll's ...
Registered in 0.003189 seconds.
Begin MonoManager ReloadAssembly
Native extension for WindowsStandalone target not found
Refreshing native plugins compatible for Editor in 0.37 ms, found 2 plugins.
Preloading 0 native plugins for Editor in 0.00 ms.
Mono: successfully reloaded assembly
- Completed reload, in  0.563 seconds
Domain Reload Profiling:
	ReloadAssembly (564ms)
		BeginReloadAssembly (88ms)
			ExecutionOrderSort (0ms)
			DisableScriptedObjects (4ms)
			BackupInstance (0ms)
			ReleaseScriptingObjects (0ms)
			CreateAndSetChildDomain (21ms)
		EndReloadAssembly (413ms)
			LoadAssemblies (48ms)
			RebuildTransferFunctionScriptingTraits (0ms)
			SetupTypeCache (106ms)
			ReleaseScriptCaches (1ms)
			RebuildScriptCaches (22ms)
			SetupLoadedEditorAssemblies (208ms)
				LogAssemblyErrors (0ms)
				InitializePlatformSupportModulesInManaged (8ms)
				SetLoadedEditorAssemblies (0ms)
				RefreshPlugins (0ms)
				BeforeProcessingInitializeOnLoad (35ms)
				ProcessInitializeOnLoadAttributes (137ms)
				ProcessInitializeOnLoadMethodAttributes (20ms)
				AfterProcessingInitializeOnLoad (7ms)
				EditorAssembliesLoaded (0ms)
			ExecutionOrderSort2 (0ms)
			AwakeInstancesAfterBackupRestoration (5ms)
Platform modules already initialized, skipping
Refreshing native plugins compatible for Editor in 1.82 ms, found 2 plugins.
Preloading 0 native plugins for Editor in 0.00 ms.
Unloading 1729 Unused Serialized files (Serialized files now loaded: 0)
Unloading 12 unused Assets / (24.6 KB). Loaded Objects now: 2243.
Memory consumption went from 78.4 MB to 78.4 MB.
Total: 2.869900 ms (FindLiveObjects: 0.151000 ms CreateObjectMapping: 0.031300 ms MarkObjects: 2.670200 ms  DeleteObjects: 0.016600 ms)

AssetImportParameters requested are different than current active one (requested -> active):
  custom:video-decoder-ogg-theora: a1e56fd34408186e4bbccfd4996cb3dc -> 
  custom:container-muxer-webm: aa71ff27fc2769a1b78a27578f13a17b -> 
  custom:container-demuxer-webm: 4f35f7cbe854078d1ac9338744f61a02 -> 
  custom:video-encoder-webm-vp8: eb34c28f22e8b96e1ab97ce403110664 -> 
  custom:audio-encoder-webm-vorbis: bf7c407c2cedff20999df2af8eb42d56 -> 
  custom:framework-win-MediaFoundation: 216162199b28c13a410421893ffa2e32 -> 
  custom:container-demuxer-ogg: 62fdf1f143b41e24485cea50d1cbac27 -> 
  custom:video-decoder-webm-vp8: 9c59270c3fd7afecdb556c50c9e8de78 -> 
  custom:audio-decoder-ogg-vorbis: bf7c407c2cedff20999df2af8eb42d56 -> 
========================================================================
Received Import Request.
  Time since last request: 45.160125 seconds.
  path: Assets/03. Prefabs/Projectile/Bullet.prefab
  artifactKey: Guid(d001d408756690c4eb0b86bf9bca2f6a) Importer(815301076,1909f56bfc062723c751e8b465ee728b)
Start importing Assets/03. Prefabs/Projectile/Bullet.prefab using Guid(d001d408756690c4eb0b86bf9bca2f6a) Importer(815301076,1909f56bfc062723c751e8b465ee728b)  -> (artifact id: '823a59efff0a8a8319e9aba7d32051f6') in 0.053972 seconds 
========================================================================
Received Prepare
Registering precompiled user dll's ...
Registered in 0.002310 seconds.
Begin MonoManager ReloadAssembly
Native extension for WindowsStandalone target not found
Refreshing native plugins compatible for Editor in 0.34 ms, found 2 plugins.
Preloading 0 native plugins for Editor in 0.00 ms.
Mono: successfully reloaded assembly
- Completed reload, in  0.573 seconds
Domain Reload Profiling:
	ReloadAssembly (573ms)
		BeginReloadAssembly (95ms)
			ExecutionOrderSort (0ms)
			DisableScriptedObjects (4ms)
			BackupInstance (0ms)
			ReleaseScriptingObjects (0ms)
			CreateAndSetChildDomain (24ms)
		EndReloadAssembly (416ms)
			LoadAssemblies (54ms)
			RebuildTransferFunctionScriptingTraits (0ms)
			SetupTypeCache (103ms)
			ReleaseScriptCaches (1ms)
			RebuildScriptCaches (28ms)
			SetupLoadedEditorAssemblies (208ms)
				LogAssemblyErrors (0ms)
				InitializePlatformSupportModulesInManaged (8ms)
				SetLoadedEditorAssemblies (0ms)
				RefreshPlugins (0ms)
				BeforeProcessingInitializeOnLoad (34ms)
				ProcessInitializeOnLoadAttributes (137ms)
				ProcessInitializeOnLoadMethodAttributes (23ms)
				AfterProcessingInitializeOnLoad (6ms)
				EditorAssembliesLoaded (0ms)
			ExecutionOrderSort2 (0ms)
			AwakeInstancesAfterBackupRestoration (5ms)
Platform modules already initialized, skipping
Refreshing native plugins compatible for Editor in 1.27 ms, found 2 plugins.
Preloading 0 native plugins for Editor in 0.00 ms.
Unloading 1729 Unused Serialized files (Serialized files now loaded: 0)
Unloading 12 unused Assets / (24.7 KB). Loaded Objects now: 2246.
Memory consumption went from 78.5 MB to 78.4 MB.
Total: 2.249100 ms (FindLiveObjects: 0.113500 ms CreateObjectMapping: 0.030500 ms MarkObjects: 2.094600 ms  DeleteObjects: 0.010000 ms)

AssetImportParameters requested are different than current active one (requested -> active):
  custom:video-decoder-ogg-theora: a1e56fd34408186e4bbccfd4996cb3dc -> 
  custom:container-muxer-webm: aa71ff27fc2769a1b78a27578f13a17b -> 
  custom:container-demuxer-webm: 4f35f7cbe854078d1ac9338744f61a02 -> 
  custom:video-encoder-webm-vp8: eb34c28f22e8b96e1ab97ce403110664 -> 
  custom:audio-encoder-webm-vorbis: bf7c407c2cedff20999df2af8eb42d56 -> 
  custom:framework-win-MediaFoundation: 216162199b28c13a410421893ffa2e32 -> 
  custom:container-demuxer-ogg: 62fdf1f143b41e24485cea50d1cbac27 -> 
  custom:video-decoder-webm-vp8: 9c59270c3fd7afecdb556c50c9e8de78 -> 
  custom:audio-decoder-ogg-vorbis: bf7c407c2cedff20999df2af8eb42d56 -> 
========================================================================
Received Prepare
Registering precompiled user dll's ...
Registered in 0.003382 seconds.
Begin MonoManager ReloadAssembly
Native extension for WindowsStandalone target not found
Refreshing native plugins compatible for Editor in 0.29 ms, found 2 plugins.
Preloading 0 native plugins for Editor in 0.00 ms.
Mono: successfully reloaded assembly
- Completed reload, in  0.564 seconds
Domain Reload Profiling:
	ReloadAssembly (564ms)
		BeginReloadAssembly (89ms)
			ExecutionOrderSort (0ms)
			DisableScriptedObjects (4ms)
			BackupInstance (0ms)
			ReleaseScriptingObjects (0ms)
			CreateAndSetChildDomain (23ms)
		EndReloadAssembly (410ms)
			LoadAssemblies (49ms)
			RebuildTransferFunctionScriptingTraits (0ms)
			SetupTypeCache (108ms)
			ReleaseScriptCaches (1ms)
			RebuildScriptCaches (21ms)
			SetupLoadedEditorAssemblies (204ms)
				LogAssemblyErrors (0ms)
				InitializePlatformSupportModulesInManaged (8ms)
				SetLoadedEditorAssemblies (0ms)
				RefreshPlugins (0ms)
				BeforeProcessingInitializeOnLoad (36ms)
				ProcessInitializeOnLoadAttributes (133ms)
				ProcessInitializeOnLoadMethodAttributes (20ms)
				AfterProcessingInitializeOnLoad (7ms)
				EditorAssembliesLoaded (0ms)
			ExecutionOrderSort2 (0ms)
			AwakeInstancesAfterBackupRestoration (5ms)
Platform modules already initialized, skipping
Refreshing native plugins compatible for Editor in 1.47 ms, found 2 plugins.
Preloading 0 native plugins for Editor in 0.00 ms.
Unloading 1729 Unused Serialized files (Serialized files now loaded: 0)
Unloading 12 unused Assets / (24.7 KB). Loaded Objects now: 2249.
Memory consumption went from 78.5 MB to 78.4 MB.
Total: 2.376800 ms (FindLiveObjects: 0.138800 ms CreateObjectMapping: 0.036500 ms MarkObjects: 2.186800 ms  DeleteObjects: 0.013900 ms)

AssetImportParameters requested are different than current active one (requested -> active):
  custom:video-decoder-ogg-theora: a1e56fd34408186e4bbccfd4996cb3dc -> 
  custom:container-muxer-webm: aa71ff27fc2769a1b78a27578f13a17b -> 
  custom:container-demuxer-webm: 4f35f7cbe854078d1ac9338744f61a02 -> 
  custom:video-encoder-webm-vp8: eb34c28f22e8b96e1ab97ce403110664 -> 
  custom:audio-encoder-webm-vorbis: bf7c407c2cedff20999df2af8eb42d56 -> 
  custom:framework-win-MediaFoundation: 216162199b28c13a410421893ffa2e32 -> 
  custom:container-demuxer-ogg: 62fdf1f143b41e24485cea50d1cbac27 -> 
  custom:video-decoder-webm-vp8: 9c59270c3fd7afecdb556c50c9e8de78 -> 
  custom:audio-decoder-ogg-vorbis: bf7c407c2cedff20999df2af8eb42d56 -> 
========================================================================
Received Import Request.
  Time since last request: 98.424049 seconds.
  path: Assets/03. Prefabs/Projectile/Bullet.prefab
  artifactKey: Guid(d001d408756690c4eb0b86bf9bca2f6a) Importer(815301076,1909f56bfc062723c751e8b465ee728b)
Start importing Assets/03. Prefabs/Projectile/Bullet.prefab using Guid(d001d408756690c4eb0b86bf9bca2f6a) Importer(815301076,1909f56bfc062723c751e8b465ee728b)  -> (artifact id: '595154f6b3223f58116237476b7c16e9') in 0.053031 seconds 
========================================================================
Received Prepare
Registering precompiled user dll's ...
Registered in 0.002138 seconds.
Begin MonoManager ReloadAssembly
Native extension for WindowsStandalone target not found
Refreshing native plugins compatible for Editor in 0.34 ms, found 2 plugins.
Preloading 0 native plugins for Editor in 0.00 ms.
Mono: successfully reloaded assembly
- Completed reload, in  0.558 seconds
Domain Reload Profiling:
	ReloadAssembly (558ms)
		BeginReloadAssembly (88ms)
			ExecutionOrderSort (0ms)
			DisableScriptedObjects (3ms)
			BackupInstance (0ms)
			ReleaseScriptingObjects (0ms)
			CreateAndSetChildDomain (23ms)
		EndReloadAssembly (408ms)
			LoadAssemblies (49ms)
			RebuildTransferFunctionScriptingTraits (0ms)
			SetupTypeCache (104ms)
			ReleaseScriptCaches (1ms)
			RebuildScriptCaches (22ms)
			SetupLoadedEditorAssemblies (206ms)
				LogAssemblyErrors (0ms)
				InitializePlatformSupportModulesInManaged (8ms)
				SetLoadedEditorAssemblies (0ms)
				RefreshPlugins (0ms)
				BeforeProcessingInitializeOnLoad (36ms)
				ProcessInitializeOnLoadAttributes (134ms)
				ProcessInitializeOnLoadMethodAttributes (20ms)
				AfterProcessingInitializeOnLoad (7ms)
				EditorAssembliesLoaded (0ms)
			ExecutionOrderSort2 (0ms)
			AwakeInstancesAfterBackupRestoration (6ms)
Platform modules already initialized, skipping
Refreshing native plugins compatible for Editor in 2.01 ms, found 2 plugins.
Preloading 0 native plugins for Editor in 0.00 ms.
Unloading 1729 Unused Serialized files (Serialized files now loaded: 0)
Unloading 12 unused Assets / (24.6 KB). Loaded Objects now: 2252.
Memory consumption went from 78.5 MB to 78.4 MB.
Total: 2.294900 ms (FindLiveObjects: 0.120700 ms CreateObjectMapping: 0.031100 ms MarkObjects: 2.129800 ms  DeleteObjects: 0.012600 ms)

AssetImportParameters requested are different than current active one (requested -> active):
  custom:video-decoder-ogg-theora: a1e56fd34408186e4bbccfd4996cb3dc -> 
  custom:container-muxer-webm: aa71ff27fc2769a1b78a27578f13a17b -> 
  custom:container-demuxer-webm: 4f35f7cbe854078d1ac9338744f61a02 -> 
  custom:video-encoder-webm-vp8: eb34c28f22e8b96e1ab97ce403110664 -> 
  custom:audio-encoder-webm-vorbis: bf7c407c2cedff20999df2af8eb42d56 -> 
  custom:framework-win-MediaFoundation: 216162199b28c13a410421893ffa2e32 -> 
  custom:container-demuxer-ogg: 62fdf1f143b41e24485cea50d1cbac27 -> 
  custom:video-decoder-webm-vp8: 9c59270c3fd7afecdb556c50c9e8de78 -> 
  custom:audio-decoder-ogg-vorbis: bf7c407c2cedff20999df2af8eb42d56 -> 
========================================================================
Received Prepare
Registering precompiled user dll's ...
Registered in 0.003326 seconds.
Begin MonoManager ReloadAssembly
Native extension for WindowsStandalone target not found
Refreshing native plugins compatible for Editor in 0.38 ms, found 2 plugins.
Preloading 0 native plugins for Editor in 0.00 ms.
Mono: successfully reloaded assembly
- Completed reload, in  0.558 seconds
Domain Reload Profiling:
	ReloadAssembly (558ms)
		BeginReloadAssembly (90ms)
			ExecutionOrderSort (0ms)
			DisableScriptedObjects (4ms)
			BackupInstance (0ms)
			ReleaseScriptingObjects (0ms)
			CreateAndSetChildDomain (22ms)
		EndReloadAssembly (401ms)
			LoadAssemblies (51ms)
			RebuildTransferFunctionScriptingTraits (0ms)
			SetupTypeCache (108ms)
			ReleaseScriptCaches (1ms)
			RebuildScriptCaches (22ms)
			SetupLoadedEditorAssemblies (197ms)
				LogAssemblyErrors (0ms)
				InitializePlatformSupportModulesInManaged (9ms)
				SetLoadedEditorAssemblies (0ms)
				RefreshPlugins (0ms)
				BeforeProcessingInitializeOnLoad (32ms)
				ProcessInitializeOnLoadAttributes (129ms)
				ProcessInitializeOnLoadMethodAttributes (20ms)
				AfterProcessingInitializeOnLoad (6ms)
				EditorAssembliesLoaded (0ms)
			ExecutionOrderSort2 (0ms)
			AwakeInstancesAfterBackupRestoration (4ms)
Platform modules already initialized, skipping
Refreshing native plugins compatible for Editor in 1.93 ms, found 2 plugins.
Preloading 0 native plugins for Editor in 0.00 ms.
Unloading 1729 Unused Serialized files (Serialized files now loaded: 0)
Unloading 12 unused Assets / (24.6 KB). Loaded Objects now: 2255.
Memory consumption went from 78.5 MB to 78.5 MB.
Total: 2.689300 ms (FindLiveObjects: 0.228900 ms CreateObjectMapping: 0.044200 ms MarkObjects: 2.394800 ms  DeleteObjects: 0.020100 ms)

AssetImportParameters requested are different than current active one (requested -> active):
  custom:video-decoder-ogg-theora: a1e56fd34408186e4bbccfd4996cb3dc -> 
  custom:container-muxer-webm: aa71ff27fc2769a1b78a27578f13a17b -> 
  custom:container-demuxer-webm: 4f35f7cbe854078d1ac9338744f61a02 -> 
  custom:video-encoder-webm-vp8: eb34c28f22e8b96e1ab97ce403110664 -> 
  custom:audio-encoder-webm-vorbis: bf7c407c2cedff20999df2af8eb42d56 -> 
  custom:framework-win-MediaFoundation: 216162199b28c13a410421893ffa2e32 -> 
  custom:container-demuxer-ogg: 62fdf1f143b41e24485cea50d1cbac27 -> 
  custom:video-decoder-webm-vp8: 9c59270c3fd7afecdb556c50c9e8de78 -> 
  custom:audio-decoder-ogg-vorbis: bf7c407c2cedff20999df2af8eb42d56 -> 
========================================================================
Received Prepare
Registering precompiled user dll's ...
Registered in 0.002135 seconds.
Begin MonoManager ReloadAssembly
Native extension for WindowsStandalone target not found
Refreshing native plugins compatible for Editor in 0.37 ms, found 2 plugins.
Preloading 0 native plugins for Editor in 0.00 ms.
Mono: successfully reloaded assembly
- Completed reload, in  0.571 seconds
Domain Reload Profiling:
	ReloadAssembly (571ms)
		BeginReloadAssembly (94ms)
			ExecutionOrderSort (0ms)
			DisableScriptedObjects (4ms)
			BackupInstance (0ms)
			ReleaseScriptingObjects (0ms)
			CreateAndSetChildDomain (22ms)
		EndReloadAssembly (411ms)
			LoadAssemblies (53ms)
			RebuildTransferFunctionScriptingTraits (0ms)
			SetupTypeCache (105ms)
			ReleaseScriptCaches (1ms)
			RebuildScriptCaches (22ms)
			SetupLoadedEditorAssemblies (208ms)
				LogAssemblyErrors (0ms)
				InitializePlatformSupportModulesInManaged (8ms)
				SetLoadedEditorAssemblies (0ms)
				RefreshPlugins (0ms)
				BeforeProcessingInitializeOnLoad (37ms)
				ProcessInitializeOnLoadAttributes (135ms)
				ProcessInitializeOnLoadMethodAttributes (20ms)
				AfterProcessingInitializeOnLoad (7ms)
				EditorAssembliesLoaded (0ms)
			ExecutionOrderSort2 (0ms)
			AwakeInstancesAfterBackupRestoration (5ms)
Platform modules already initialized, skipping
Refreshing native plugins compatible for Editor in 1.93 ms, found 2 plugins.
Preloading 0 native plugins for Editor in 0.00 ms.
Unloading 1729 Unused Serialized files (Serialized files now loaded: 0)
Unloading 12 unused Assets / (24.6 KB). Loaded Objects now: 2258.
Memory consumption went from 78.5 MB to 78.5 MB.
Total: 3.013000 ms (FindLiveObjects: 0.211500 ms CreateObjectMapping: 0.044300 ms MarkObjects: 2.739400 ms  DeleteObjects: 0.017100 ms)

AssetImportParameters requested are different than current active one (requested -> active):
  custom:video-decoder-ogg-theora: a1e56fd34408186e4bbccfd4996cb3dc -> 
  custom:container-muxer-webm: aa71ff27fc2769a1b78a27578f13a17b -> 
  custom:container-demuxer-webm: 4f35f7cbe854078d1ac9338744f61a02 -> 
  custom:video-encoder-webm-vp8: eb34c28f22e8b96e1ab97ce403110664 -> 
  custom:audio-encoder-webm-vorbis: bf7c407c2cedff20999df2af8eb42d56 -> 
  custom:framework-win-MediaFoundation: 216162199b28c13a410421893ffa2e32 -> 
  custom:container-demuxer-ogg: 62fdf1f143b41e24485cea50d1cbac27 -> 
  custom:video-decoder-webm-vp8: 9c59270c3fd7afecdb556c50c9e8de78 -> 
  custom:audio-decoder-ogg-vorbis: bf7c407c2cedff20999df2af8eb42d56 -> 
========================================================================
Received Prepare
Registering precompiled user dll's ...
Registered in 0.002309 seconds.
Begin MonoManager ReloadAssembly
Native extension for WindowsStandalone target not found
Refreshing native plugins compatible for Editor in 0.30 ms, found 2 plugins.
Preloading 0 native plugins for Editor in 0.00 ms.
Mono: successfully reloaded assembly
- Completed reload, in  0.559 seconds
Domain Reload Profiling:
	ReloadAssembly (560ms)
		BeginReloadAssembly (92ms)
			ExecutionOrderSort (0ms)
			DisableScriptedObjects (4ms)
			BackupInstance (0ms)
			ReleaseScriptingObjects (0ms)
			CreateAndSetChildDomain (21ms)
		EndReloadAssembly (404ms)
			LoadAssemblies (50ms)
			RebuildTransferFunctionScriptingTraits (0ms)
			SetupTypeCache (104ms)
			ReleaseScriptCaches (1ms)
			RebuildScriptCaches (23ms)
			SetupLoadedEditorAssemblies (198ms)
				LogAssemblyErrors (0ms)
				InitializePlatformSupportModulesInManaged (9ms)
				SetLoadedEditorAssemblies (0ms)
				RefreshPlugins (0ms)
				BeforeProcessingInitializeOnLoad (33ms)
				ProcessInitializeOnLoadAttributes (130ms)
				ProcessInitializeOnLoadMethodAttributes (20ms)
				AfterProcessingInitializeOnLoad (6ms)
				EditorAssembliesLoaded (0ms)
			ExecutionOrderSort2 (0ms)
			AwakeInstancesAfterBackupRestoration (4ms)
Platform modules already initialized, skipping
Refreshing native plugins compatible for Editor in 1.50 ms, found 2 plugins.
Preloading 0 native plugins for Editor in 0.00 ms.
Unloading 1729 Unused Serialized files (Serialized files now loaded: 0)
Unloading 12 unused Assets / (24.6 KB). Loaded Objects now: 2261.
Memory consumption went from 78.5 MB to 78.5 MB.
Total: 2.686500 ms (FindLiveObjects: 0.142500 ms CreateObjectMapping: 0.032200 ms MarkObjects: 2.494300 ms  DeleteObjects: 0.016500 ms)

AssetImportParameters requested are different than current active one (requested -> active):
  custom:video-decoder-ogg-theora: a1e56fd34408186e4bbccfd4996cb3dc -> 
  custom:container-muxer-webm: aa71ff27fc2769a1b78a27578f13a17b -> 
  custom:container-demuxer-webm: 4f35f7cbe854078d1ac9338744f61a02 -> 
  custom:video-encoder-webm-vp8: eb34c28f22e8b96e1ab97ce403110664 -> 
  custom:audio-encoder-webm-vorbis: bf7c407c2cedff20999df2af8eb42d56 -> 
  custom:framework-win-MediaFoundation: 216162199b28c13a410421893ffa2e32 -> 
  custom:container-demuxer-ogg: 62fdf1f143b41e24485cea50d1cbac27 -> 
  custom:video-decoder-webm-vp8: 9c59270c3fd7afecdb556c50c9e8de78 -> 
  custom:audio-decoder-ogg-vorbis: bf7c407c2cedff20999df2af8eb42d56 -> 
========================================================================
Received Import Request.
  Time since last request: 112.052658 seconds.
  path: Assets/03. Prefabs/Towers/MachineGun3.prefab
  artifactKey: Guid(5641665f9c7b7944d86b1f2c3d13d6f8) Importer(815301076,1909f56bfc062723c751e8b465ee728b)
Start importing Assets/03. Prefabs/Towers/MachineGun3.prefab using Guid(5641665f9c7b7944d86b1f2c3d13d6f8) Importer(815301076,1909f56bfc062723c751e8b465ee728b)  -> (artifact id: 'e68e5797358708e7c22634756431aa9e') in 0.054074 seconds 
========================================================================
Received Import Request.
  Time since last request: 1.968822 seconds.
  path: Assets/03. Prefabs/Towers/MachineGun2.prefab
  artifactKey: Guid(d4a53a08c6b98194eb521f411150b2a5) Importer(815301076,1909f56bfc062723c751e8b465ee728b)
Start importing Assets/03. Prefabs/Towers/MachineGun2.prefab using Guid(d4a53a08c6b98194eb521f411150b2a5) Importer(815301076,1909f56bfc062723c751e8b465ee728b)  -> (artifact id: '775b5a7671b36feffae842ab6e5e6c97') in 0.008471 seconds 
========================================================================
Received Import Request.
  Time since last request: 10.467406 seconds.
  path: Assets/03. Prefabs/Towers/MachineGun3.prefab
  artifactKey: Guid(5641665f9c7b7944d86b1f2c3d13d6f8) Importer(815301076,1909f56bfc062723c751e8b465ee728b)
Start importing Assets/03. Prefabs/Towers/MachineGun3.prefab using Guid(5641665f9c7b7944d86b1f2c3d13d6f8) Importer(815301076,1909f56bfc062723c751e8b465ee728b)  -> (artifact id: '5ffe972f41f56a8d2d70d3df0914cdc0') in 0.007903 seconds 
========================================================================
Received Prepare
Registering precompiled user dll's ...
Registered in 0.002177 seconds.
Begin MonoManager ReloadAssembly
Native extension for WindowsStandalone target not found
Refreshing native plugins compatible for Editor in 0.33 ms, found 2 plugins.
Preloading 0 native plugins for Editor in 0.00 ms.
Mono: successfully reloaded assembly
- Completed reload, in  0.570 seconds
Domain Reload Profiling:
	ReloadAssembly (570ms)
		BeginReloadAssembly (91ms)
			ExecutionOrderSort (0ms)
			DisableScriptedObjects (4ms)
			BackupInstance (0ms)
			ReleaseScriptingObjects (0ms)
			CreateAndSetChildDomain (23ms)
		EndReloadAssembly (414ms)
			LoadAssemblies (52ms)
			RebuildTransferFunctionScriptingTraits (0ms)
			SetupTypeCache (104ms)
			ReleaseScriptCaches (1ms)
			RebuildScriptCaches (22ms)
			SetupLoadedEditorAssemblies (209ms)
				LogAssemblyErrors (0ms)
				InitializePlatformSupportModulesInManaged (8ms)
				SetLoadedEditorAssemblies (0ms)
				RefreshPlugins (0ms)
				BeforeProcessingInitializeOnLoad (34ms)
				ProcessInitializeOnLoadAttributes (139ms)
				ProcessInitializeOnLoadMethodAttributes (21ms)
				AfterProcessingInitializeOnLoad (7ms)
				EditorAssembliesLoaded (0ms)
			ExecutionOrderSort2 (0ms)
			AwakeInstancesAfterBackupRestoration (5ms)
Platform modules already initialized, skipping
Refreshing native plugins compatible for Editor in 1.80 ms, found 2 plugins.
Preloading 0 native plugins for Editor in 0.00 ms.
Unloading 1729 Unused Serialized files (Serialized files now loaded: 0)
Unloading 13 unused Assets / (25.3 KB). Loaded Objects now: 2264.
Memory consumption went from 78.5 MB to 78.5 MB.
Total: 2.324000 ms (FindLiveObjects: 0.126500 ms CreateObjectMapping: 0.033800 ms MarkObjects: 2.143300 ms  DeleteObjects: 0.019000 ms)

AssetImportParameters requested are different than current active one (requested -> active):
  custom:video-decoder-ogg-theora: a1e56fd34408186e4bbccfd4996cb3dc -> 
  custom:container-muxer-webm: aa71ff27fc2769a1b78a27578f13a17b -> 
  custom:container-demuxer-webm: 4f35f7cbe854078d1ac9338744f61a02 -> 
  custom:video-encoder-webm-vp8: eb34c28f22e8b96e1ab97ce403110664 -> 
  custom:audio-encoder-webm-vorbis: bf7c407c2cedff20999df2af8eb42d56 -> 
  custom:framework-win-MediaFoundation: 216162199b28c13a410421893ffa2e32 -> 
  custom:container-demuxer-ogg: 62fdf1f143b41e24485cea50d1cbac27 -> 
  custom:video-decoder-webm-vp8: 9c59270c3fd7afecdb556c50c9e8de78 -> 
  custom:audio-decoder-ogg-vorbis: bf7c407c2cedff20999df2af8eb42d56 -> 
========================================================================
Received Import Request.
  Time since last request: 69.642429 seconds.
  path: Assets/03. Prefabs/Projectile/Bullet.prefab
  artifactKey: Guid(d001d408756690c4eb0b86bf9bca2f6a) Importer(815301076,1909f56bfc062723c751e8b465ee728b)
Start importing Assets/03. Prefabs/Projectile/Bullet.prefab using Guid(d001d408756690c4eb0b86bf9bca2f6a) Importer(815301076,1909f56bfc062723c751e8b465ee728b)  -> (artifact id: '6411a12ba8006bb31a4482cdafe25e52') in 0.052697 seconds 
========================================================================
Received Prepare
Registering precompiled user dll's ...
Registered in 0.002152 seconds.
Begin MonoManager ReloadAssembly
Native extension for WindowsStandalone target not found
Refreshing native plugins compatible for Editor in 0.37 ms, found 2 plugins.
Preloading 0 native plugins for Editor in 0.00 ms.
Mono: successfully reloaded assembly
- Completed reload, in  0.560 seconds
Domain Reload Profiling:
	ReloadAssembly (561ms)
		BeginReloadAssembly (89ms)
			ExecutionOrderSort (0ms)
			DisableScriptedObjects (3ms)
			BackupInstance (0ms)
			ReleaseScriptingObjects (0ms)
			CreateAndSetChildDomain (24ms)
		EndReloadAssembly (405ms)
			LoadAssemblies (48ms)
			RebuildTransferFunctionScriptingTraits (0ms)
			SetupTypeCache (108ms)
			ReleaseScriptCaches (1ms)
			RebuildScriptCaches (24ms)
			SetupLoadedEditorAssemblies (198ms)
				LogAssemblyErrors (0ms)
				InitializePlatformSupportModulesInManaged (8ms)
				SetLoadedEditorAssemblies (0ms)
				RefreshPlugins (0ms)
				BeforeProcessingInitializeOnLoad (33ms)
				ProcessInitializeOnLoadAttributes (131ms)
				ProcessInitializeOnLoadMethodAttributes (19ms)
				AfterProcessingInitializeOnLoad (6ms)
				EditorAssembliesLoaded (0ms)
			ExecutionOrderSort2 (0ms)
			AwakeInstancesAfterBackupRestoration (4ms)
Platform modules already initialized, skipping
Refreshing native plugins compatible for Editor in 2.14 ms, found 2 plugins.
Preloading 0 native plugins for Editor in 0.00 ms.
Unloading 1729 Unused Serialized files (Serialized files now loaded: 0)
Unloading 12 unused Assets / (24.7 KB). Loaded Objects now: 2267.
Memory consumption went from 78.5 MB to 78.5 MB.
Total: 11.824800 ms (FindLiveObjects: 0.220000 ms CreateObjectMapping: 0.247800 ms MarkObjects: 11.338300 ms  DeleteObjects: 0.017500 ms)

AssetImportParameters requested are different than current active one (requested -> active):
  custom:video-decoder-ogg-theora: a1e56fd34408186e4bbccfd4996cb3dc -> 
  custom:container-muxer-webm: aa71ff27fc2769a1b78a27578f13a17b -> 
  custom:container-demuxer-webm: 4f35f7cbe854078d1ac9338744f61a02 -> 
  custom:video-encoder-webm-vp8: eb34c28f22e8b96e1ab97ce403110664 -> 
  custom:audio-encoder-webm-vorbis: bf7c407c2cedff20999df2af8eb42d56 -> 
  custom:framework-win-MediaFoundation: 216162199b28c13a410421893ffa2e32 -> 
  custom:container-demuxer-ogg: 62fdf1f143b41e24485cea50d1cbac27 -> 
  custom:video-decoder-webm-vp8: 9c59270c3fd7afecdb556c50c9e8de78 -> 
  custom:audio-decoder-ogg-vorbis: bf7c407c2cedff20999df2af8eb42d56 -> 
========================================================================
Received Import Request.
  Time since last request: 291.852295 seconds.
  path: Assets/TextMesh Pro/Examples & Extras/Materials/Ground - Surface Shader Scene.mat
  artifactKey: Guid(aadd5a709a48466c887296bb5b1b8110) Importer(815301076,1909f56bfc062723c751e8b465ee728b)
Start importing Assets/TextMesh Pro/Examples & Extras/Materials/Ground - Surface Shader Scene.mat using Guid(aadd5a709a48466c887296bb5b1b8110) Importer(815301076,1909f56bfc062723c751e8b465ee728b)  -> (artifact id: 'ed71c60e2267792c3482252c23ef2cf1') in 0.088297 seconds 
========================================================================
Received Import Request.
  Time since last request: 0.000028 seconds.
  path: Assets/TextMesh Pro/Examples & Extras/Materials/Small Crate_diffuse.mat
  artifactKey: Guid(22262639920f43d6be32430e4e58350d) Importer(815301076,1909f56bfc062723c751e8b465ee728b)
Start importing Assets/TextMesh Pro/Examples & Extras/Materials/Small Crate_diffuse.mat using Guid(22262639920f43d6be32430e4e58350d) Importer(815301076,1909f56bfc062723c751e8b465ee728b)  -> (artifact id: '27d2a8f0c2d4e55388d27091e846715c') in 0.184327 seconds 
========================================================================
Received Import Request.
  Time since last request: 0.000023 seconds.
  path: Assets/04. Materials/TowerLevel1Ghost.mat
  artifactKey: Guid(cb69a0f8f05c2c64b89e2dbd9acac409) Importer(815301076,1909f56bfc062723c751e8b465ee728b)
Start importing Assets/04. Materials/TowerLevel1Ghost.mat using Guid(cb69a0f8f05c2c64b89e2dbd9acac409) Importer(815301076,1909f56bfc062723c751e8b465ee728b)  -> (artifact id: '4ed2874b068f1aadd5be86d684e52b2f') in 0.008929 seconds 
========================================================================
Received Import Request.
  Time since last request: 0.000016 seconds.
  path: Assets/04. Materials/TowerLevel2.mat
  artifactKey: Guid(e89cb2805c01a4249bf771e7f2586f1f) Importer(815301076,1909f56bfc062723c751e8b465ee728b)
Start importing Assets/04. Materials/TowerLevel2.mat using Guid(e89cb2805c01a4249bf771e7f2586f1f) Importer(815301076,1909f56bfc062723c751e8b465ee728b)  -> (artifact id: '68e3dbb48091df7afad71ecfe6b2f543') in 0.011482 seconds 
========================================================================
Received Import Request.
  Time since last request: 0.000025 seconds.
  path: Assets/04. Materials/TowerLevel3.mat
  artifactKey: Guid(7c4f122f27531f640927324ee88db0a3) Importer(815301076,1909f56bfc062723c751e8b465ee728b)
Start importing Assets/04. Materials/TowerLevel3.mat using Guid(7c4f122f27531f640927324ee88db0a3) Importer(815301076,1909f56bfc062723c751e8b465ee728b)  -> (artifact id: '30c1dbcf265579a7fbdd28f60feb03c4') in 0.009648 seconds 
========================================================================
Received Import Request.
  Time since last request: 0.000025 seconds.
  path: Assets/TextMesh Pro/Examples & Extras/Resources/Fonts & Materials/Roboto-Bold SDF.asset
  artifactKey: Guid(5302535af1044152a457ed104f1f4b91) Importer(815301076,1909f56bfc062723c751e8b465ee728b)
Start importing Assets/TextMesh Pro/Examples & Extras/Resources/Fonts & Materials/Roboto-Bold SDF.asset using Guid(5302535af1044152a457ed104f1f4b91) Importer(815301076,1909f56bfc062723c751e8b465ee728b)  -> (artifact id: '9c5265c17b2cde1269a6aa07c2185323') in 0.034539 seconds 
========================================================================
Received Import Request.
  Time since last request: 0.000016 seconds.
  path: Assets/TextMesh Pro/Examples & Extras/Resources/Fonts & Materials/Oswald Bold SDF.asset
  artifactKey: Guid(0161d805a3764c089bef00bfe00793f5) Importer(815301076,1909f56bfc062723c751e8b465ee728b)
Start importing Assets/TextMesh Pro/Examples & Extras/Resources/Fonts & Materials/Oswald Bold SDF.asset using Guid(0161d805a3764c089bef00bfe00793f5) Importer(815301076,1909f56bfc062723c751e8b465ee728b)  -> (artifact id: 'deb9997f2bd569f60f16135f69d02791') in 0.019709 seconds 
========================================================================
Received Import Request.
  Time since last request: 0.000019 seconds.
  path: Assets/TextMesh Pro/Examples & Extras/Resources/Fonts & Materials/Roboto-Bold SDF - Surface.mat
  artifactKey: Guid(e6b276ec991f467aa14ef1f3cc665993) Importer(815301076,1909f56bfc062723c751e8b465ee728b)
Start importing Assets/TextMesh Pro/Examples & Extras/Resources/Fonts & Materials/Roboto-Bold SDF - Surface.mat using Guid(e6b276ec991f467aa14ef1f3cc665993) Importer(815301076,1909f56bfc062723c751e8b465ee728b)  -> (artifact id: '110fc041d69212018614b019d108a81b') in 0.098987 seconds 
========================================================================
Received Import Request.
  Time since last request: 5.625106 seconds.
  path: Assets/TextMesh Pro/Fonts/LiberationSans.ttf
  artifactKey: Guid(e3265ab4bf004d28a9537516768c1c75) Importer(815301076,1909f56bfc062723c751e8b465ee728b)
Start importing Assets/TextMesh Pro/Fonts/LiberationSans.ttf using Guid(e3265ab4bf004d28a9537516768c1c75) Importer(815301076,1909f56bfc062723c751e8b465ee728b)  -> (artifact id: 'f3bd036785823e2281556a384dd6489b') in 0.029912 seconds 
========================================================================
Received Import Request.
  Time since last request: 0.000017 seconds.
  path: Assets/TextMesh Pro/Examples & Extras/Resources/Fonts & Materials/Electronic Highway Sign SDF.asset
  artifactKey: Guid(dc36b3fdc14f47ebb36fd484a67e268a) Importer(815301076,1909f56bfc062723c751e8b465ee728b)
Start importing Assets/TextMesh Pro/Examples & Extras/Resources/Fonts & Materials/Electronic Highway Sign SDF.asset using Guid(dc36b3fdc14f47ebb36fd484a67e268a) Importer(815301076,1909f56bfc062723c751e8b465ee728b)  -> (artifact id: 'f4b6ca446c087f816a6248ca1e1f8869') in 0.017890 seconds 
========================================================================
Received Import Request.
  Time since last request: 0.000018 seconds.
  path: Assets/TextMesh Pro/Examples & Extras/Resources/Fonts & Materials/Anton SDF - Drop Shadow.mat
  artifactKey: Guid(749b9069dc4742c5bfa5c74644049926) Importer(815301076,1909f56bfc062723c751e8b465ee728b)
Start importing Assets/TextMesh Pro/Examples & Extras/Resources/Fonts & Materials/Anton SDF - Drop Shadow.mat using Guid(749b9069dc4742c5bfa5c74644049926) Importer(815301076,1909f56bfc062723c751e8b465ee728b)  -> (artifact id: 'a87ef09396bc0454d5bdb68395f257dd') in 0.053917 seconds 
========================================================================
Received Import Request.
  Time since last request: 0.000018 seconds.
  path: Assets/TextMesh Pro/Examples & Extras/Resources/Fonts & Materials/Anton SDF - Sunny Days.mat
  artifactKey: Guid(6522f30e342599e4e9dd4cc2cc03c830) Importer(815301076,1909f56bfc062723c751e8b465ee728b)
Start importing Assets/TextMesh Pro/Examples & Extras/Resources/Fonts & Materials/Anton SDF - Sunny Days.mat using Guid(6522f30e342599e4e9dd4cc2cc03c830) Importer(815301076,1909f56bfc062723c751e8b465ee728b)  -> (artifact id: 'c4e7f61c382d7feb95765ddc7d6621e2') in 0.088186 seconds 
Editor requested this worker to shutdown with reason: Scaling down because of idle timeout
AssetImportWorker is now disconnected from the server
Process exiting
Exiting without the bug reporter. Application will terminate with return code 0