Using pre-set license
Built from '2021.3/staging' branch; Version is '2021.3.9f1 (ad3870b89536) revision 11352176'; Using compiler version '192829333'; Build Type 'Release'
OS: 'Windows 10  (10.0.19043) 64bit Core' Language: 'ko' Physical Memory: 65461 MB
BatchMode: 1, IsHumanControllingUs: 0, StartBugReporterOnCrash: 0, Is64bit: 1, IsPro: 1

COMMAND LINE ARGUMENTS:
C:\Program Files\Unity\Hub\Editor\2021.3.9f1\Editor\Unity.exe
-adb2
-batchMode
-noUpm
-name
AssetImportWorker0
-projectPath
C:/Users/USER/source/repos/UnityEngineBasic_Nowon_2000_2200/TowerDefence
-logFile
Logs/AssetImportWorker0.log
-srvPort
6479
Successfully changed project path to: C:/Users/USER/source/repos/UnityEngineBasic_Nowon_2000_2200/TowerDefence
C:/Users/USER/source/repos/UnityEngineBasic_Nowon_2000_2200/TowerDefence
[UnityMemory] Configuration Parameters - Can be set up in boot.config
    "memorysetup-bucket-allocator-granularity=16"
    "memorysetup-bucket-allocator-bucket-count=8"
    "memorysetup-bucket-allocator-block-size=33554432"
    "memorysetup-bucket-allocator-block-count=8"
    "memorysetup-main-allocator-block-size=16777216"
    "memorysetup-thread-allocator-block-size=16777216"
    "memorysetup-gfx-main-allocator-block-size=16777216"
    "memorysetup-gfx-thread-allocator-block-size=16777216"
    "memorysetup-cache-allocator-block-size=4194304"
    "memorysetup-typetree-allocator-block-size=2097152"
    "memorysetup-profiler-bucket-allocator-granularity=16"
    "memorysetup-profiler-bucket-allocator-bucket-count=8"
    "memorysetup-profiler-bucket-allocator-block-size=33554432"
    "memorysetup-profiler-bucket-allocator-block-count=8"
    "memorysetup-profiler-allocator-block-size=16777216"
    "memorysetup-profiler-editor-allocator-block-size=1048576"
    "memorysetup-temp-allocator-size-main=16777216"
    "memorysetup-job-temp-allocator-block-size=2097152"
    "memorysetup-job-temp-allocator-block-size-background=1048576"
    "memorysetup-job-temp-allocator-reduction-small-platforms=262144"
    "memorysetup-temp-allocator-size-background-worker=32768"
    "memorysetup-temp-allocator-size-job-worker=262144"
    "memorysetup-temp-allocator-size-preload-manager=33554432"
    "memorysetup-temp-allocator-size-nav-mesh-worker=65536"
    "memorysetup-temp-allocator-size-audio-worker=65536"
    "memorysetup-temp-allocator-size-cloud-worker=32768"
    "memorysetup-temp-allocator-size-gi-baking-worker=262144"
    "memorysetup-temp-allocator-size-gfx=262144"
Refreshing native plugins compatible for Editor in 20.98 ms, found 2 plugins.
Preloading 0 native plugins for Editor in 0.00 ms.
Initialize engine version: 2021.3.9f1 (ad3870b89536)
[Subsystems] Discovering subsystems at path C:/Program Files/Unity/Hub/Editor/2021.3.9f1/Editor/Data/Resources/UnitySubsystems
[Subsystems] Discovering subsystems at path C:/Users/USER/source/repos/UnityEngineBasic_Nowon_2000_2200/TowerDefence/Assets
GfxDevice: creating device client; threaded=0; jobified=0
Direct3D:
    Version:  Direct3D 11.0 [level 11.1]
    Renderer: NVIDIA GeForce RTX 3070 (ID=0x2488)
    Vendor:   NVIDIA
    VRAM:     8043 MB
    Driver:   30.0.15.1295
Initialize mono
Mono path[0] = 'C:/Program Files/Unity/Hub/Editor/2021.3.9f1/Editor/Data/Managed'
Mono path[1] = 'C:/Program Files/Unity/Hub/Editor/2021.3.9f1/Editor/Data/MonoBleedingEdge/lib/mono/unityjit-win32'
Mono config path = 'C:/Program Files/Unity/Hub/Editor/2021.3.9f1/Editor/Data/MonoBleedingEdge/etc'
Using monoOptions --debugger-agent=transport=dt_socket,embedding=1,server=y,suspend=n,address=127.0.0.1:56924
Begin MonoManager ReloadAssembly
Registering precompiled unity dll's ...
Register platform support module: C:/Program Files/Unity/Hub/Editor/2021.3.9f1/Editor/Data/PlaybackEngines/WindowsStandaloneSupport/UnityEditor.WindowsStandalone.Extensions.dll
Registered in 0.004947 seconds.
Native extension for WindowsStandalone target not found
Refreshing native plugins compatible for Editor in 21.14 ms, found 2 plugins.
Preloading 0 native plugins for Editor in 0.00 ms.
Mono: successfully reloaded assembly
- Completed reload, in  0.416 seconds
Domain Reload Profiling:
	ReloadAssembly (416ms)
		BeginReloadAssembly (50ms)
			ExecutionOrderSort (0ms)
			DisableScriptedObjects (0ms)
			BackupInstance (0ms)
			ReleaseScriptingObjects (0ms)
			CreateAndSetChildDomain (1ms)
		EndReloadAssembly (287ms)
			LoadAssemblies (48ms)
			RebuildTransferFunctionScriptingTraits (0ms)
			SetupTypeCache (72ms)
			ReleaseScriptCaches (0ms)
			RebuildScriptCaches (20ms)
			SetupLoadedEditorAssemblies (157ms)
				LogAssemblyErrors (0ms)
				InitializePlatformSupportModulesInManaged (6ms)
				SetLoadedEditorAssemblies (0ms)
				RefreshPlugins (21ms)
				BeforeProcessingInitializeOnLoad (1ms)
				ProcessInitializeOnLoadAttributes (94ms)
				ProcessInitializeOnLoadMethodAttributes (34ms)
				AfterProcessingInitializeOnLoad (0ms)
				EditorAssembliesLoaded (0ms)
			ExecutionOrderSort2 (0ms)
			AwakeInstancesAfterBackupRestoration (0ms)
Platform modules already initialized, skipping
Registering precompiled user dll's ...
Registered in 0.002854 seconds.
Begin MonoManager ReloadAssembly
Native extension for WindowsStandalone target not found
Refreshing native plugins compatible for Editor in 0.30 ms, found 2 plugins.
Preloading 0 native plugins for Editor in 0.00 ms.
Mono: successfully reloaded assembly
- Completed reload, in  0.644 seconds
Domain Reload Profiling:
	ReloadAssembly (645ms)
		BeginReloadAssembly (88ms)
			ExecutionOrderSort (0ms)
			DisableScriptedObjects (4ms)
			BackupInstance (0ms)
			ReleaseScriptingObjects (0ms)
			CreateAndSetChildDomain (15ms)
		EndReloadAssembly (471ms)
			LoadAssemblies (58ms)
			RebuildTransferFunctionScriptingTraits (0ms)
			SetupTypeCache (121ms)
			ReleaseScriptCaches (0ms)
			RebuildScriptCaches (30ms)
			SetupLoadedEditorAssemblies (237ms)
				LogAssemblyErrors (0ms)
				InitializePlatformSupportModulesInManaged (4ms)
				SetLoadedEditorAssemblies (0ms)
				RefreshPlugins (0ms)
				BeforeProcessingInitializeOnLoad (46ms)
				ProcessInitializeOnLoadAttributes (155ms)
				ProcessInitializeOnLoadMethodAttributes (24ms)
				AfterProcessingInitializeOnLoad (7ms)
				EditorAssembliesLoaded (0ms)
			ExecutionOrderSort2 (0ms)
			AwakeInstancesAfterBackupRestoration (4ms)
Platform modules already initialized, skipping
========================================================================
Worker process is ready to serve import requests
Launched and connected shader compiler UnityShaderCompiler.exe after 0.05 seconds
Refreshing native plugins compatible for Editor in 0.40 ms, found 2 plugins.
Preloading 0 native plugins for Editor in 0.00 ms.
Unloading 1742 Unused Serialized files (Serialized files now loaded: 0)
Unloading 19 unused Assets / (48.2 KB). Loaded Objects now: 2208.
Memory consumption went from 75.7 MB to 75.7 MB.
Total: 2.529300 ms (FindLiveObjects: 0.119400 ms CreateObjectMapping: 0.039800 ms MarkObjects: 2.280100 ms  DeleteObjects: 0.088800 ms)

AssetImportParameters requested are different than current active one (requested -> active):
  custom:video-decoder-ogg-theora: a1e56fd34408186e4bbccfd4996cb3dc -> 
  custom:container-muxer-webm: aa71ff27fc2769a1b78a27578f13a17b -> 
  custom:container-demuxer-webm: 4f35f7cbe854078d1ac9338744f61a02 -> 
  custom:video-encoder-webm-vp8: eb34c28f22e8b96e1ab97ce403110664 -> 
  custom:audio-encoder-webm-vorbis: bf7c407c2cedff20999df2af8eb42d56 -> 
  custom:framework-win-MediaFoundation: 216162199b28c13a410421893ffa2e32 -> 
  custom:container-demuxer-ogg: 62fdf1f143b41e24485cea50d1cbac27 -> 
  custom:video-decoder-webm-vp8: 9c59270c3fd7afecdb556c50c9e8de78 -> 
  custom:audio-decoder-ogg-vorbis: bf7c407c2cedff20999df2af8eb42d56 -> 
========================================================================
Received Import Request.
  Time since last request: 166253.477614 seconds.
  path: Assets/02. Scripts/LevelInfo.cs
  artifactKey: Guid(87d8a91310050474183af7b01ae1c2e2) Importer(815301076,1909f56bfc062723c751e8b465ee728b)
Start importing Assets/02. Scripts/LevelInfo.cs using Guid(87d8a91310050474183af7b01ae1c2e2) Importer(815301076,1909f56bfc062723c751e8b465ee728b)  -> (artifact id: 'd32c30bf16268603397198c0715111f8') in 0.038134 seconds 
========================================================================
Received Prepare
Registering precompiled user dll's ...
Registered in 0.002186 seconds.
Begin MonoManager ReloadAssembly
Native extension for WindowsStandalone target not found
Refreshing native plugins compatible for Editor in 0.37 ms, found 2 plugins.
Preloading 0 native plugins for Editor in 0.00 ms.
Mono: successfully reloaded assembly
- Completed reload, in  0.596 seconds
Domain Reload Profiling:
	ReloadAssembly (596ms)
		BeginReloadAssembly (97ms)
			ExecutionOrderSort (0ms)
			DisableScriptedObjects (4ms)
			BackupInstance (0ms)
			ReleaseScriptingObjects (0ms)
			CreateAndSetChildDomain (23ms)
		EndReloadAssembly (432ms)
			LoadAssemblies (55ms)
			RebuildTransferFunctionScriptingTraits (0ms)
			SetupTypeCache (110ms)
			ReleaseScriptCaches (1ms)
			RebuildScriptCaches (26ms)
			SetupLoadedEditorAssemblies (213ms)
				LogAssemblyErrors (0ms)
				InitializePlatformSupportModulesInManaged (9ms)
				SetLoadedEditorAssemblies (0ms)
				RefreshPlugins (0ms)
				BeforeProcessingInitializeOnLoad (35ms)
				ProcessInitializeOnLoadAttributes (141ms)
				ProcessInitializeOnLoadMethodAttributes (20ms)
				AfterProcessingInitializeOnLoad (7ms)
				EditorAssembliesLoaded (0ms)
			ExecutionOrderSort2 (0ms)
			AwakeInstancesAfterBackupRestoration (5ms)
Platform modules already initialized, skipping
Refreshing native plugins compatible for Editor in 1.12 ms, found 2 plugins.
Preloading 0 native plugins for Editor in 0.00 ms.
Unloading 1723 Unused Serialized files (Serialized files now loaded: 0)
Unloading 12 unused Assets / (24.5 KB). Loaded Objects now: 2211.
Memory consumption went from 74.2 MB to 74.2 MB.
Total: 2.588100 ms (FindLiveObjects: 0.113200 ms CreateObjectMapping: 0.030700 ms MarkObjects: 2.431000 ms  DeleteObjects: 0.012700 ms)

AssetImportParameters requested are different than current active one (requested -> active):
  custom:video-decoder-ogg-theora: a1e56fd34408186e4bbccfd4996cb3dc -> 
  custom:container-muxer-webm: aa71ff27fc2769a1b78a27578f13a17b -> 
  custom:container-demuxer-webm: 4f35f7cbe854078d1ac9338744f61a02 -> 
  custom:video-encoder-webm-vp8: eb34c28f22e8b96e1ab97ce403110664 -> 
  custom:audio-encoder-webm-vorbis: bf7c407c2cedff20999df2af8eb42d56 -> 
  custom:framework-win-MediaFoundation: 216162199b28c13a410421893ffa2e32 -> 
  custom:container-demuxer-ogg: 62fdf1f143b41e24485cea50d1cbac27 -> 
  custom:video-decoder-webm-vp8: 9c59270c3fd7afecdb556c50c9e8de78 -> 
  custom:audio-decoder-ogg-vorbis: bf7c407c2cedff20999df2af8eb42d56 -> 
========================================================================
Received Import Request.
  Time since last request: 467.906571 seconds.
  path: Assets/05. Textures/머신건LV1.PNG
  artifactKey: Guid(503058bad4e7e0143be343ee865266d7) Importer(815301076,1909f56bfc062723c751e8b465ee728b)
Start importing Assets/05. Textures/머신건LV1.PNG using Guid(503058bad4e7e0143be343ee865266d7) Importer(815301076,1909f56bfc062723c751e8b465ee728b)  -> (artifact id: '223fc57d48b05b5838a77c4c5d086ae6') in 0.139553 seconds 
========================================================================
Received Import Request.
  Time since last request: 107.484868 seconds.
  path: Assets/02. Scripts/TowerUI.cs
  artifactKey: Guid(a01656352e23f5e40a8bf05bcc7912b0) Importer(815301076,1909f56bfc062723c751e8b465ee728b)
Start importing Assets/02. Scripts/TowerUI.cs using Guid(a01656352e23f5e40a8bf05bcc7912b0) Importer(815301076,1909f56bfc062723c751e8b465ee728b)  -> (artifact id: '277b1b8a1d30346d6cede38843ac5e12') in 0.004604 seconds 
========================================================================
Received Import Request.
  Time since last request: 14.748187 seconds.
  path: Assets/02. Scripts/TowerUI.cs
  artifactKey: Guid(a01656352e23f5e40a8bf05bcc7912b0) Importer(815301076,1909f56bfc062723c751e8b465ee728b)
Start importing Assets/02. Scripts/TowerUI.cs using Guid(a01656352e23f5e40a8bf05bcc7912b0) Importer(815301076,1909f56bfc062723c751e8b465ee728b)  -> (artifact id: '135759f1d231e19203afa4aab01e4ce1') in 0.003821 seconds 
========================================================================
Received Import Request.
  Time since last request: 54.328263 seconds.
  path: Assets/02. Scripts/TowerUI.cs
  artifactKey: Guid(a01656352e23f5e40a8bf05bcc7912b0) Importer(815301076,1909f56bfc062723c751e8b465ee728b)
Start importing Assets/02. Scripts/TowerUI.cs using Guid(a01656352e23f5e40a8bf05bcc7912b0) Importer(815301076,1909f56bfc062723c751e8b465ee728b)  -> (artifact id: '9ed6841c8a72b06d52f7c5bfabb49bf2') in 0.004819 seconds 
========================================================================
Received Import Request.
  Time since last request: 20.019190 seconds.
  path: Assets/02. Scripts/TowerUI.cs
  artifactKey: Guid(a01656352e23f5e40a8bf05bcc7912b0) Importer(815301076,1909f56bfc062723c751e8b465ee728b)
Start importing Assets/02. Scripts/TowerUI.cs using Guid(a01656352e23f5e40a8bf05bcc7912b0) Importer(815301076,1909f56bfc062723c751e8b465ee728b)  -> (artifact id: '4c516c44dc6f13b31ca5c6d8bae749cf') in 0.002760 seconds 
========================================================================
Received Import Request.
  Time since last request: 47.025928 seconds.
  path: Assets/02. Scripts/TowerUI.cs
  artifactKey: Guid(a01656352e23f5e40a8bf05bcc7912b0) Importer(815301076,1909f56bfc062723c751e8b465ee728b)
Start importing Assets/02. Scripts/TowerUI.cs using Guid(a01656352e23f5e40a8bf05bcc7912b0) Importer(815301076,1909f56bfc062723c751e8b465ee728b)  -> (artifact id: '7aa59ec6a744c0ddade46c11bc61f52a') in 0.002634 seconds 
========================================================================
Received Import Request.
  Time since last request: 78.632403 seconds.
  path: Assets/02. Scripts/TowerUI.cs
  artifactKey: Guid(a01656352e23f5e40a8bf05bcc7912b0) Importer(815301076,1909f56bfc062723c751e8b465ee728b)
Start importing Assets/02. Scripts/TowerUI.cs using Guid(a01656352e23f5e40a8bf05bcc7912b0) Importer(815301076,1909f56bfc062723c751e8b465ee728b)  -> (artifact id: '6deaa3380459ad713291298b4eaa54fb') in 0.002761 seconds 
========================================================================
Received Import Request.
  Time since last request: 10.899386 seconds.
  path: Assets/02. Scripts/TowerUI.cs
  artifactKey: Guid(a01656352e23f5e40a8bf05bcc7912b0) Importer(815301076,1909f56bfc062723c751e8b465ee728b)
Start importing Assets/02. Scripts/TowerUI.cs using Guid(a01656352e23f5e40a8bf05bcc7912b0) Importer(815301076,1909f56bfc062723c751e8b465ee728b)  -> (artifact id: 'ab5cac36ad4347bf1f4ad4482e16b465') in 0.003220 seconds 
========================================================================
Received Import Request.
  Time since last request: 26.882830 seconds.
  path: Assets/02. Scripts/TowerUI.cs
  artifactKey: Guid(a01656352e23f5e40a8bf05bcc7912b0) Importer(815301076,1909f56bfc062723c751e8b465ee728b)
Start importing Assets/02. Scripts/TowerUI.cs using Guid(a01656352e23f5e40a8bf05bcc7912b0) Importer(815301076,1909f56bfc062723c751e8b465ee728b)  -> (artifact id: 'cf9b849bf03ef9381297e7ecde0a2ae2') in 0.003008 seconds 
========================================================================
Received Import Request.
  Time since last request: 12.608456 seconds.
  path: Assets/Resources/Assets/TowerAssets.prefab
  artifactKey: Guid(7a86e01c746b37944a501f08d19da7cf) Importer(815301076,1909f56bfc062723c751e8b465ee728b)
Start importing Assets/Resources/Assets/TowerAssets.prefab using Guid(7a86e01c746b37944a501f08d19da7cf) Importer(815301076,1909f56bfc062723c751e8b465ee728b)  -> (artifact id: '5612342bf4f7e8885a0c33d8a3ae00c3') in 0.016207 seconds 
========================================================================
Received Import Request.
  Time since last request: 3.608157 seconds.
  path: Assets/Resources/Assets/TowerAssets.prefab
  artifactKey: Guid(7a86e01c746b37944a501f08d19da7cf) Importer(815301076,1909f56bfc062723c751e8b465ee728b)
Start importing Assets/Resources/Assets/TowerAssets.prefab using Guid(7a86e01c746b37944a501f08d19da7cf) Importer(815301076,1909f56bfc062723c751e8b465ee728b)  -> (artifact id: '7a52e5defcb5cba26ea54e2711284f7e') in 0.004271 seconds 
========================================================================
Received Import Request.
  Time since last request: 3.479516 seconds.
  path: Assets/UnityTechnologies/TowerDefenseTemplate/Models/Player/HeadQuarters.fbx
  artifactKey: Guid(71168782495474ac69411fd475ef70e6) Importer(815301076,1909f56bfc062723c751e8b465ee728b)
Start importing Assets/UnityTechnologies/TowerDefenseTemplate/Models/Player/HeadQuarters.fbx using Guid(71168782495474ac69411fd475ef70e6) Importer(815301076,1909f56bfc062723c751e8b465ee728b)  -> (artifact id: '53b2d2422df9674c8b622cc72605ed5b') in 0.110441 seconds 
========================================================================
Received Import Request.
  Time since last request: 0.000016 seconds.
  path: Assets/UnityTechnologies/TowerDefenseTemplate/Models/Towers/Laser/LaserTower_BASE_L03_Shadow.fbx
  artifactKey: Guid(2cae8e904154e4fff85163cc3c6f4180) Importer(815301076,1909f56bfc062723c751e8b465ee728b)
Start importing Assets/UnityTechnologies/TowerDefenseTemplate/Models/Towers/Laser/LaserTower_BASE_L03_Shadow.fbx using Guid(2cae8e904154e4fff85163cc3c6f4180) Importer(815301076,1909f56bfc062723c751e8b465ee728b)  -> (artifact id: 'bb2fd6ede4d184575d8bfc5c0de0b4f2') in 0.020649 seconds 
========================================================================
Received Import Request.
  Time since last request: 0.000021 seconds.
  path: Assets/UnityTechnologies/TowerDefenseTemplate/Models/Towers/Rocket/Turret_RocketTower_L02_Shadow.fbx
  artifactKey: Guid(c5281a82deb8f42e5ba57e4aaab6dc3a) Importer(815301076,1909f56bfc062723c751e8b465ee728b)
Start importing Assets/UnityTechnologies/TowerDefenseTemplate/Models/Towers/Rocket/Turret_RocketTower_L02_Shadow.fbx using Guid(c5281a82deb8f42e5ba57e4aaab6dc3a) Importer(815301076,1909f56bfc062723c751e8b465ee728b)  -> (artifact id: 'aa7f01006bab276ec729ddacd099fe5b') in 0.019792 seconds 
========================================================================
Received Import Request.
  Time since last request: 0.000013 seconds.
  path: Assets/UnityTechnologies/TowerDefenseTemplate/Models/Towers/SuperTower/SuperTower_Base_Shadow.fbx
  artifactKey: Guid(edbec92379537441bbfdc3eab21363bc) Importer(815301076,1909f56bfc062723c751e8b465ee728b)
Start importing Assets/UnityTechnologies/TowerDefenseTemplate/Models/Towers/SuperTower/SuperTower_Base_Shadow.fbx using Guid(edbec92379537441bbfdc3eab21363bc) Importer(815301076,1909f56bfc062723c751e8b465ee728b)  -> (artifact id: '43f13c0c11575e04e9f74a6f71f67f66') in 0.017743 seconds 
========================================================================
Received Import Request.
  Time since last request: 0.000020 seconds.
  path: Assets/UnityTechnologies/TowerDefenseTemplate/Models/Towers/Laser/LaserTower_TURRET_L03.fbx
  artifactKey: Guid(8031707b196244358abb896d165def8f) Importer(815301076,1909f56bfc062723c751e8b465ee728b)
Start importing Assets/UnityTechnologies/TowerDefenseTemplate/Models/Towers/Laser/LaserTower_TURRET_L03.fbx using Guid(8031707b196244358abb896d165def8f) Importer(815301076,1909f56bfc062723c751e8b465ee728b)  -> (artifact id: '76ca49104e10c538e6d64933eac08a2a') in 0.022268 seconds 
========================================================================
Received Import Request.
  Time since last request: 0.000016 seconds.
  path: Assets/UnityTechnologies/TowerDefenseTemplate/Models/Units/Helicopter_Shadow.fbx
  artifactKey: Guid(25a881f6998a247a5ab71b289546cae0) Importer(815301076,1909f56bfc062723c751e8b465ee728b)
Start importing Assets/UnityTechnologies/TowerDefenseTemplate/Models/Units/Helicopter_Shadow.fbx using Guid(25a881f6998a247a5ab71b289546cae0) Importer(815301076,1909f56bfc062723c751e8b465ee728b)  -> (artifact id: '470f6fb769059f0167d04e95c7abd292') in 0.015047 seconds 
========================================================================
Received Import Request.
  Time since last request: 0.000016 seconds.
  path: Assets/UnityTechnologies/TowerDefenseTemplate/Models/Towers/Laser/LaserTower_TURRET_L02_Shadow.fbx
  artifactKey: Guid(cd4aa88c43e9b4a008ef41890d804843) Importer(815301076,1909f56bfc062723c751e8b465ee728b)
Start importing Assets/UnityTechnologies/TowerDefenseTemplate/Models/Towers/Laser/LaserTower_TURRET_L02_Shadow.fbx using Guid(cd4aa88c43e9b4a008ef41890d804843) Importer(815301076,1909f56bfc062723c751e8b465ee728b)  -> (artifact id: 'd2bfd34354a287947cb63bfb7f27a43f') in 0.017638 seconds 
========================================================================
Received Import Request.
  Time since last request: 0.000020 seconds.
  path: Assets/UnityTechnologies/TowerDefenseTemplate/Models/Towers/SuperTower/SuperTower_Turret_Shadow.fbx
  artifactKey: Guid(8ed8f5d3949844de39683546c79c9723) Importer(815301076,1909f56bfc062723c751e8b465ee728b)
Start importing Assets/UnityTechnologies/TowerDefenseTemplate/Models/Towers/SuperTower/SuperTower_Turret_Shadow.fbx using Guid(8ed8f5d3949844de39683546c79c9723) Importer(815301076,1909f56bfc062723c751e8b465ee728b)  -> (artifact id: 'fc12311e33dd2d5b3063aa4761bf8b97') in 0.020676 seconds 
========================================================================
Received Import Request.
  Time since last request: 0.000013 seconds.
  path: Assets/UnityTechnologies/TowerDefenseTemplate/Models/Units/HoverTank_Base.fbx
  artifactKey: Guid(845f9df773be94e26aa80e92ad483534) Importer(815301076,1909f56bfc062723c751e8b465ee728b)
Start importing Assets/UnityTechnologies/TowerDefenseTemplate/Models/Units/HoverTank_Base.fbx using Guid(845f9df773be94e26aa80e92ad483534) Importer(815301076,1909f56bfc062723c751e8b465ee728b)  -> (artifact id: 'c9db26514c54f88edd68e746cd72990b') in 0.023315 seconds 
========================================================================
Received Import Request.
  Time since last request: 0.000015 seconds.
  path: Assets/UnityTechnologies/TowerDefenseTemplate/Models/Units/HoverTank_Turret.fbx
  artifactKey: Guid(989fb7eab843640c7ada0607778bcf7e) Importer(815301076,1909f56bfc062723c751e8b465ee728b)
Start importing Assets/UnityTechnologies/TowerDefenseTemplate/Models/Units/HoverTank_Turret.fbx using Guid(989fb7eab843640c7ada0607778bcf7e) Importer(815301076,1909f56bfc062723c751e8b465ee728b)  -> (artifact id: '3710311c2f37b292fbb67bad0ba1c830') in 0.016207 seconds 
========================================================================
Received Import Request.
  Time since last request: 0.000019 seconds.
  path: Assets/UnityTechnologies/TowerDefenseTemplate/Models/Towers/MachineGun/Turret_MachineGun_L02_Shadow.fbx
  artifactKey: Guid(99c42a7789cc340e9ac3292001fe27e3) Importer(815301076,1909f56bfc062723c751e8b465ee728b)
Start importing Assets/UnityTechnologies/TowerDefenseTemplate/Models/Towers/MachineGun/Turret_MachineGun_L02_Shadow.fbx using Guid(99c42a7789cc340e9ac3292001fe27e3) Importer(815301076,1909f56bfc062723c751e8b465ee728b)  -> (artifact id: 'ad305650e225b23b1c92208d1757a8e6') in 0.017501 seconds 
========================================================================
Received Import Request.
  Time since last request: 0.000016 seconds.
  path: Assets/03. Prefabs/Towers/MachineGun1Ghost.prefab
  artifactKey: Guid(967a6c6fd1caf9c488a063498c4cb36e) Importer(815301076,1909f56bfc062723c751e8b465ee728b)
Start importing Assets/03. Prefabs/Towers/MachineGun1Ghost.prefab using Guid(967a6c6fd1caf9c488a063498c4cb36e) Importer(815301076,1909f56bfc062723c751e8b465ee728b)  -> (artifact id: 'f7fefdb9d7a0e4583f69ef05138b9759') in 0.011246 seconds 
========================================================================
Received Import Request.
  Time since last request: 0.000017 seconds.
  path: Assets/TextMesh Pro/Examples & Extras/Prefabs/TextMeshPro - Prefab 2.prefab
  artifactKey: Guid(fdad9d952ae84cafb74c63f2e694d042) Importer(815301076,1909f56bfc062723c751e8b465ee728b)
Start importing Assets/TextMesh Pro/Examples & Extras/Prefabs/TextMeshPro - Prefab 2.prefab using Guid(fdad9d952ae84cafb74c63f2e694d042) Importer(815301076,1909f56bfc062723c751e8b465ee728b)  -> (artifact id: '27fd93429c25e4d79c274e2b8f87af8d') in 0.036592 seconds 
========================================================================
Received Import Request.
  Time since last request: 0.000031 seconds.
  path: Assets/03. Prefabs/Towers/MachineGun1.prefab
  artifactKey: Guid(0e1eeed9832b0ed4398e376c4186e32f) Importer(815301076,1909f56bfc062723c751e8b465ee728b)
Start importing Assets/03. Prefabs/Towers/MachineGun1.prefab using Guid(0e1eeed9832b0ed4398e376c4186e32f) Importer(815301076,1909f56bfc062723c751e8b465ee728b)  -> (artifact id: '6ddc9843f924180afef4990b8686ff92') in 0.011891 seconds 
========================================================================
Received Import Request.
  Time since last request: 0.000020 seconds.
  path: Assets/UnityTechnologies/TowerDefenseTemplate/Models/Towers/Laser/LaserTower_BASE_L03.fbx
  artifactKey: Guid(d5fce1ef7f53e4b6384af86a686e95c9) Importer(815301076,1909f56bfc062723c751e8b465ee728b)
Start importing Assets/UnityTechnologies/TowerDefenseTemplate/Models/Towers/Laser/LaserTower_BASE_L03.fbx using Guid(d5fce1ef7f53e4b6384af86a686e95c9) Importer(815301076,1909f56bfc062723c751e8b465ee728b)  -> (artifact id: '5b40e007cd93bd4eaba175661ee1c95d') in 0.018869 seconds 
========================================================================
Received Import Request.
  Time since last request: 0.000016 seconds.
  path: Assets/03. Prefabs/Towers/MachineGun3.prefab
  artifactKey: Guid(5641665f9c7b7944d86b1f2c3d13d6f8) Importer(815301076,1909f56bfc062723c751e8b465ee728b)
Start importing Assets/03. Prefabs/Towers/MachineGun3.prefab using Guid(5641665f9c7b7944d86b1f2c3d13d6f8) Importer(815301076,1909f56bfc062723c751e8b465ee728b)  -> (artifact id: '56e28d4c809b3511e667e342d4603d5b') in 0.011955 seconds 
========================================================================
Received Import Request.
  Time since last request: 0.000016 seconds.
  path: Assets/UnityTechnologies/TowerDefenseTemplate/Models/Towers/Rocket/Turret_RocketTower_L02.fbx
  artifactKey: Guid(25834cacbbf5e4c9e8e23d0159570146) Importer(815301076,1909f56bfc062723c751e8b465ee728b)
Start importing Assets/UnityTechnologies/TowerDefenseTemplate/Models/Towers/Rocket/Turret_RocketTower_L02.fbx using Guid(25834cacbbf5e4c9e8e23d0159570146) Importer(815301076,1909f56bfc062723c751e8b465ee728b)  -> (artifact id: '7633c1c3cc2bea5b79d5e950047f88e4') in 0.016810 seconds 
========================================================================
Received Import Request.
  Time since last request: 0.000015 seconds.
  path: Assets/UnityTechnologies/TowerDefenseTemplate/Models/Projectiles/Rocket_Projectile.fbx
  artifactKey: Guid(c0d2f67af84a842359fbd3fe34000c64) Importer(815301076,1909f56bfc062723c751e8b465ee728b)
Start importing Assets/UnityTechnologies/TowerDefenseTemplate/Models/Projectiles/Rocket_Projectile.fbx using Guid(c0d2f67af84a842359fbd3fe34000c64) Importer(815301076,1909f56bfc062723c751e8b465ee728b)  -> (artifact id: '139be4fea205b81de3ff53f92ad1ad6a') in 0.016409 seconds 
========================================================================
Received Import Request.
  Time since last request: 0.000012 seconds.
  path: Assets/03. Prefabs/Towers/MachineGun2.prefab
  artifactKey: Guid(d4a53a08c6b98194eb521f411150b2a5) Importer(815301076,1909f56bfc062723c751e8b465ee728b)
Start importing Assets/03. Prefabs/Towers/MachineGun2.prefab using Guid(d4a53a08c6b98194eb521f411150b2a5) Importer(815301076,1909f56bfc062723c751e8b465ee728b)  -> (artifact id: 'e75bfcd0f0c8c251f5e13f68357aea8f') in 0.018648 seconds 
========================================================================
Received Import Request.
  Time since last request: 0.000019 seconds.
  path: Assets/UnityTechnologies/TowerDefenseTemplate/Models/Towers/MachineGun/Turret_MachineGun_L02.fbx
  artifactKey: Guid(b29d7ff11c99340e38246a09f771946f) Importer(815301076,1909f56bfc062723c751e8b465ee728b)
Start importing Assets/UnityTechnologies/TowerDefenseTemplate/Models/Towers/MachineGun/Turret_MachineGun_L02.fbx using Guid(b29d7ff11c99340e38246a09f771946f) Importer(815301076,1909f56bfc062723c751e8b465ee728b)  -> (artifact id: '6d2a0c687f25d982bc0bc2be1a8c48fb') in 0.012438 seconds 
========================================================================
Received Import Request.
  Time since last request: 0.000015 seconds.
  path: Assets/UnityTechnologies/TowerDefenseTemplate/Models/Towers/Rocket/Turret_RocketTower_L01.fbx
  artifactKey: Guid(67a055578b26444708b7df8956cd1336) Importer(815301076,1909f56bfc062723c751e8b465ee728b)
Start importing Assets/UnityTechnologies/TowerDefenseTemplate/Models/Towers/Rocket/Turret_RocketTower_L01.fbx using Guid(67a055578b26444708b7df8956cd1336) Importer(815301076,1909f56bfc062723c751e8b465ee728b)  -> (artifact id: '93ae79ed9a35c087e56260f7b9ac5697') in 0.017102 seconds 
========================================================================
Received Import Request.
  Time since last request: 0.000015 seconds.
  path: Assets/UnityTechnologies/TowerDefenseTemplate/Models/Towers/Laser/LaserTower_TURRET_L01_Shadow.fbx
  artifactKey: Guid(5264b22d57d4e4c9c9caec9d8b65452c) Importer(815301076,1909f56bfc062723c751e8b465ee728b)
Start importing Assets/UnityTechnologies/TowerDefenseTemplate/Models/Towers/Laser/LaserTower_TURRET_L01_Shadow.fbx using Guid(5264b22d57d4e4c9c9caec9d8b65452c) Importer(815301076,1909f56bfc062723c751e8b465ee728b)  -> (artifact id: '3490e24706ef480222332ec1d5609e71') in 0.015955 seconds 
========================================================================
Received Import Request.
  Time since last request: 0.000016 seconds.
  path: Assets/UnityTechnologies/TowerDefenseTemplate/Models/Towers/SuperTower/SuperTower_Base.fbx
  artifactKey: Guid(5a21a3f7bd3c644fb9b36035645566b9) Importer(815301076,1909f56bfc062723c751e8b465ee728b)
Start importing Assets/UnityTechnologies/TowerDefenseTemplate/Models/Towers/SuperTower/SuperTower_Base.fbx using Guid(5a21a3f7bd3c644fb9b36035645566b9) Importer(815301076,1909f56bfc062723c751e8b465ee728b)  -> (artifact id: '8158fb3513d50e81a5fd9e0dd7e42118') in 0.015067 seconds 
========================================================================
Received Import Request.
  Time since last request: 0.000017 seconds.
  path: Assets/UnityTechnologies/TowerDefenseTemplate/Models/Towers/Laser/LaserTower_TURRET_L03_Shadow.fbx
  artifactKey: Guid(3fb6ef455a5ff447d88cfd8c44789e06) Importer(815301076,1909f56bfc062723c751e8b465ee728b)
Start importing Assets/UnityTechnologies/TowerDefenseTemplate/Models/Towers/Laser/LaserTower_TURRET_L03_Shadow.fbx using Guid(3fb6ef455a5ff447d88cfd8c44789e06) Importer(815301076,1909f56bfc062723c751e8b465ee728b)  -> (artifact id: '15228040a78d67b8e94ff22fa438853a') in 0.016712 seconds 
========================================================================
Received Import Request.
  Time since last request: 1.457500 seconds.
  path: Assets/UnityTechnologies/TowerDefenseTemplate/Models/Towers/MachineGun/Base_MachineGun_L02.fbx
  artifactKey: Guid(eef9d1528875a43edb151eb2f6326ff4) Importer(815301076,1909f56bfc062723c751e8b465ee728b)
Start importing Assets/UnityTechnologies/TowerDefenseTemplate/Models/Towers/MachineGun/Base_MachineGun_L02.fbx using Guid(eef9d1528875a43edb151eb2f6326ff4) Importer(815301076,1909f56bfc062723c751e8b465ee728b)  -> (artifact id: 'bbde72b1fa98d7c7173fe405f45d0a3f') in 0.011551 seconds 
========================================================================
Received Import Request.
  Time since last request: 0.000017 seconds.
  path: Assets/UnityTechnologies/TowerDefenseTemplate/Models/Towers/EMP Tower/EMP_Tower_level_3.fbx
  artifactKey: Guid(220c2363b8fb44e4287e83ab206d82d5) Importer(815301076,1909f56bfc062723c751e8b465ee728b)
Start importing Assets/UnityTechnologies/TowerDefenseTemplate/Models/Towers/EMP Tower/EMP_Tower_level_3.fbx using Guid(220c2363b8fb44e4287e83ab206d82d5) Importer(815301076,1909f56bfc062723c751e8b465ee728b)  -> (artifact id: '2465261047ad9810544f93775e748773') in 0.019610 seconds 
========================================================================
Received Import Request.
  Time since last request: 0.000015 seconds.
  path: Assets/UnityTechnologies/TowerDefenseTemplate/Models/Towers/EMP Tower/EMP_Tower_level_2_Shadow.fbx
  artifactKey: Guid(46e42d258343c40dd887fb4b272e1e4d) Importer(815301076,1909f56bfc062723c751e8b465ee728b)
Start importing Assets/UnityTechnologies/TowerDefenseTemplate/Models/Towers/EMP Tower/EMP_Tower_level_2_Shadow.fbx using Guid(46e42d258343c40dd887fb4b272e1e4d) Importer(815301076,1909f56bfc062723c751e8b465ee728b)  -> (artifact id: '89e9abf16ec2ab47300fca8319f7aac1') in 0.015639 seconds 
Editor requested this worker to shutdown with reason: Scaling down because of idle timeout
AssetImportWorker is now disconnected from the server
Process exiting
Exiting without the bug reporter. Application will terminate with return code 0