Using pre-set license
Built from 'master' branch; Version is '2020.3.36f1 (71f96b79b9f0) revision 7469419'; Using compiler version '192528614'; Build Type 'Release'
OS: 'Windows 10  (10.0.19043) 64bit Core' Language: 'ko' Physical Memory: 65461 MB
BatchMode: 1, IsHumanControllingUs: 0, StartBugReporterOnCrash: 0, Is64bit: 1, IsPro: 0

COMMAND LINE ARGUMENTS:
C:\Program Files\Unity\Hub\Editor\2020.3.36f1\Editor\Unity.exe
-adb2
-batchMode
-noUpm
-name
AssetImportWorker0
-projectPath
C:/Users/USER/source/repos/UnityEngineBasic_Nowon_2000_2200/TowerDefence
-logFile
Logs/AssetImportWorker0.log
-srvPort
13515
Successfully changed project path to: C:/Users/USER/source/repos/UnityEngineBasic_Nowon_2000_2200/TowerDefence
C:/Users/USER/source/repos/UnityEngineBasic_Nowon_2000_2200/TowerDefence
Using Asset Import Pipeline V2.
Refreshing native plugins compatible for Editor in 23.34 ms, found 2 plugins.
Preloading 0 native plugins for Editor in 0.00 ms.
Initialize engine version: 2020.3.36f1 (71f96b79b9f0)
[Subsystems] Discovering subsystems at path C:/Program Files/Unity/Hub/Editor/2020.3.36f1/Editor/Data/Resources/UnitySubsystems
[Subsystems] Discovering subsystems at path C:/Users/USER/source/repos/UnityEngineBasic_Nowon_2000_2200/TowerDefence/Assets
GfxDevice: creating device client; threaded=0
Direct3D:
    Version:  Direct3D 11.0 [level 11.1]
    Renderer: NVIDIA GeForce RTX 3070 (ID=0x2488)
    Vendor:   
    VRAM:     8043 MB
    Driver:   30.0.15.1295
Initialize mono
Mono path[0] = 'C:/Program Files/Unity/Hub/Editor/2020.3.36f1/Editor/Data/Managed'
Mono path[1] = 'C:/Program Files/Unity/Hub/Editor/2020.3.36f1/Editor/Data/MonoBleedingEdge/lib/mono/unityjit'
Mono config path = 'C:/Program Files/Unity/Hub/Editor/2020.3.36f1/Editor/Data/MonoBleedingEdge/etc'
Using monoOptions --debugger-agent=transport=dt_socket,embedding=1,server=y,suspend=n,address=127.0.0.1:56524
Begin MonoManager ReloadAssembly
Registering precompiled unity dll's ...
Register platform support module: C:/Program Files/Unity/Hub/Editor/2020.3.36f1/Editor/Data/PlaybackEngines/WindowsStandaloneSupport/UnityEditor.WindowsStandalone.Extensions.dll
Registered in 0.001373 seconds.
Native extension for WindowsStandalone target not found
Refreshing native plugins compatible for Editor in 22.17 ms, found 2 plugins.
Preloading 0 native plugins for Editor in 0.00 ms.
Mono: successfully reloaded assembly
- Completed reload, in  0.361 seconds
Domain Reload Profiling:
	ReloadAssembly (361ms)
		BeginReloadAssembly (42ms)
			ExecutionOrderSort (0ms)
			DisableScriptedObjects (0ms)
			BackupInstance (0ms)
			ReleaseScriptingObjects (0ms)
			CreateAndSetChildDomain (1ms)
		EndReloadAssembly (271ms)
			LoadAssemblies (41ms)
			RebuildTransferFunctionScriptingTraits (0ms)
			SetupTypeCache (86ms)
			ReleaseScriptCaches (0ms)
			RebuildScriptCaches (18ms)
			SetupLoadedEditorAssemblies (106ms)
				LogAssemblyErrors (0ms)
				InitializePlatformSupportModulesInManaged (3ms)
				SetLoadedEditorAssemblies (0ms)
				RefreshPlugins (22ms)
				BeforeProcessingInitializeOnLoad (10ms)
				ProcessInitializeOnLoadAttributes (53ms)
				ProcessInitializeOnLoadMethodAttributes (17ms)
				AfterProcessingInitializeOnLoad (0ms)
				EditorAssembliesLoaded (0ms)
			ExecutionOrderSort2 (0ms)
			AwakeInstancesAfterBackupRestoration (0ms)
Platform modules already initialized, skipping
Registering precompiled user dll's ...
Registered in 0.001981 seconds.
Begin MonoManager ReloadAssembly
Native extension for WindowsStandalone target not found
Refreshing native plugins compatible for Editor in 0.32 ms, found 2 plugins.
Preloading 0 native plugins for Editor in 0.00 ms.
Mono: successfully reloaded assembly
- Completed reload, in  0.610 seconds
Domain Reload Profiling:
	ReloadAssembly (610ms)
		BeginReloadAssembly (98ms)
			ExecutionOrderSort (0ms)
			DisableScriptedObjects (3ms)
			BackupInstance (0ms)
			ReleaseScriptingObjects (0ms)
			CreateAndSetChildDomain (16ms)
		EndReloadAssembly (474ms)
			LoadAssemblies (59ms)
			RebuildTransferFunctionScriptingTraits (0ms)
			SetupTypeCache (157ms)
			ReleaseScriptCaches (0ms)
			RebuildScriptCaches (25ms)
			SetupLoadedEditorAssemblies (188ms)
				LogAssemblyErrors (0ms)
				InitializePlatformSupportModulesInManaged (3ms)
				SetLoadedEditorAssemblies (0ms)
				RefreshPlugins (0ms)
				BeforeProcessingInitializeOnLoad (50ms)
				ProcessInitializeOnLoadAttributes (121ms)
				ProcessInitializeOnLoadMethodAttributes (9ms)
				AfterProcessingInitializeOnLoad (4ms)
				EditorAssembliesLoaded (0ms)
			ExecutionOrderSort2 (0ms)
			AwakeInstancesAfterBackupRestoration (1ms)
Platform modules already initialized, skipping
========================================================================
Worker process is ready to serve import requests
Launched and connected shader compiler UnityShaderCompiler.exe after 0.04 seconds
Refreshing native plugins compatible for Editor in 0.33 ms, found 2 plugins.
Preloading 0 native plugins for Editor in 0.00 ms.
Unloading 1511 Unused Serialized files (Serialized files now loaded: 0)
System memory in use before: 72.4 MB.
System memory in use after: 72.4 MB.

Unloading 16 unused Assets to reduce memory usage. Loaded Objects now: 1947.
Total: 2.297900 ms (FindLiveObjects: 0.128700 ms CreateObjectMapping: 0.035500 ms MarkObjects: 2.077200 ms  DeleteObjects: 0.055700 ms)

AssetImportParameters requested are different than current active one (requested -> active):
  custom:framework-win-MediaFoundation: 216162199b28c13a410421893ffa2e32 -> 
  custom:video-decoder-ogg-theora: a1e56fd34408186e4bbccfd4996cb3dc -> 
  custom:container-muxer-webm: aa71ff27fc2769a1b78a27578f13a17b -> 
  custom:container-demuxer-webm: 4f35f7cbe854078d1ac9338744f61a02 -> 
  custom:container-demuxer-ogg: 62fdf1f143b41e24485cea50d1cbac27 -> 
  custom:video-encoder-webm-vp8: eb34c28f22e8b96e1ab97ce403110664 -> 
  custom:video-decoder-webm-vp8: 9c59270c3fd7afecdb556c50c9e8de78 -> 
  custom:audio-decoder-ogg-vorbis: bf7c407c2cedff20999df2af8eb42d56 -> 
  custom:audio-encoder-webm-vorbis: bf7c407c2cedff20999df2af8eb42d56 -> 
========================================================================
Received Import Request.
  path: Assets/UnityTechnologies/TowerDefenseTemplate/Models/Projectiles/Rocket_Projectile_Shadow.fbx
  artifactKey: Guid(a80ea39eabaf149638edf17de562b887) Importer(815301076,1909f56bfc062723c751e8b465ee728b)
Start importing Assets/UnityTechnologies/TowerDefenseTemplate/Models/Projectiles/Rocket_Projectile_Shadow.fbx using Guid(a80ea39eabaf149638edf17de562b887) Importer(815301076,1909f56bfc062723c751e8b465ee728b)  -> (artifact id: 'ccd77e6f4f2058f769c474d161ef5d92') in 0.276796 seconds 
========================================================================
Received Import Request.
  Time since last request: 0.000124 seconds.
  path: Assets/UnityTechnologies/TowerDefenseTemplate/Models/Projectiles/Rocket_Projectile.fbx
  artifactKey: Guid(c0d2f67af84a842359fbd3fe34000c64) Importer(815301076,1909f56bfc062723c751e8b465ee728b)
Start importing Assets/UnityTechnologies/TowerDefenseTemplate/Models/Projectiles/Rocket_Projectile.fbx using Guid(c0d2f67af84a842359fbd3fe34000c64) Importer(815301076,1909f56bfc062723c751e8b465ee728b)  -> (artifact id: 'eca255ab2f94cc02b0d3584766b56d5f') in 0.012121 seconds 
========================================================================
Received Import Request.
  Time since last request: 11.784258 seconds.
  path: Assets/UnityTechnologies/TowerDefenseTemplate/Models/Towers/MachineGun/Base_MachineGun_L01.fbx
  artifactKey: Guid(dd040609d7aef419b9c85fc5bfa91345) Importer(815301076,1909f56bfc062723c751e8b465ee728b)
Start importing Assets/UnityTechnologies/TowerDefenseTemplate/Models/Towers/MachineGun/Base_MachineGun_L01.fbx using Guid(dd040609d7aef419b9c85fc5bfa91345) Importer(815301076,1909f56bfc062723c751e8b465ee728b)  -> (artifact id: '43a63e65a123bd1d75e77f8faef03661') in 0.014038 seconds 
========================================================================
Received Import Request.
  Time since last request: 0.000086 seconds.
  path: Assets/UnityTechnologies/TowerDefenseTemplate/Models/Towers/MachineGun/Base_MachineGun_L02_Shadow.fbx
  artifactKey: Guid(0a2cc98c77c2e4668b2e400f341e1a74) Importer(815301076,1909f56bfc062723c751e8b465ee728b)
Start importing Assets/UnityTechnologies/TowerDefenseTemplate/Models/Towers/MachineGun/Base_MachineGun_L02_Shadow.fbx using Guid(0a2cc98c77c2e4668b2e400f341e1a74) Importer(815301076,1909f56bfc062723c751e8b465ee728b)  -> (artifact id: '4588093e8b6da536a39f79826ee65a87') in 0.012888 seconds 
========================================================================
Received Import Request.
  Time since last request: 0.000100 seconds.
  path: Assets/UnityTechnologies/TowerDefenseTemplate/Models/Towers/MachineGun/Base_MachineGun_L02.fbx
  artifactKey: Guid(eef9d1528875a43edb151eb2f6326ff4) Importer(815301076,1909f56bfc062723c751e8b465ee728b)
Start importing Assets/UnityTechnologies/TowerDefenseTemplate/Models/Towers/MachineGun/Base_MachineGun_L02.fbx using Guid(eef9d1528875a43edb151eb2f6326ff4) Importer(815301076,1909f56bfc062723c751e8b465ee728b)  -> (artifact id: 'fbc5e43d2da1bbbade08c5ba31f73457') in 0.014237 seconds 
========================================================================
Received Import Request.
  Time since last request: 0.000098 seconds.
  path: Assets/UnityTechnologies/TowerDefenseTemplate/Models/Towers/MachineGun/Base_MachineGun_L01_Shadow.fbx
  artifactKey: Guid(490fe486658304ca6887fd910d5ed644) Importer(815301076,1909f56bfc062723c751e8b465ee728b)
Start importing Assets/UnityTechnologies/TowerDefenseTemplate/Models/Towers/MachineGun/Base_MachineGun_L01_Shadow.fbx using Guid(490fe486658304ca6887fd910d5ed644) Importer(815301076,1909f56bfc062723c751e8b465ee728b)  -> (artifact id: 'b43ae47c88ac6ceff64ff9121ac94394') in 0.010905 seconds 
========================================================================
Received Import Request.
  Time since last request: 0.000105 seconds.
  path: Assets/UnityTechnologies/TowerDefenseTemplate/Models/Towers/MachineGun/Turret_MachineGun_L01.fbx
  artifactKey: Guid(ca1b398fbc1a64abaaf160449dab6c93) Importer(815301076,1909f56bfc062723c751e8b465ee728b)
Start importing Assets/UnityTechnologies/TowerDefenseTemplate/Models/Towers/MachineGun/Turret_MachineGun_L01.fbx using Guid(ca1b398fbc1a64abaaf160449dab6c93) Importer(815301076,1909f56bfc062723c751e8b465ee728b)  -> (artifact id: 'ac99e40bcfd3f67449d96a8ab1d15810') in 0.017879 seconds 
========================================================================
Received Import Request.
  Time since last request: 0.000094 seconds.
  path: Assets/UnityTechnologies/TowerDefenseTemplate/Models/Towers/MachineGun/Base_MachineGun_L03.fbx
  artifactKey: Guid(dca1d127a63854ace99cfd10bf9916cd) Importer(815301076,1909f56bfc062723c751e8b465ee728b)
Start importing Assets/UnityTechnologies/TowerDefenseTemplate/Models/Towers/MachineGun/Base_MachineGun_L03.fbx using Guid(dca1d127a63854ace99cfd10bf9916cd) Importer(815301076,1909f56bfc062723c751e8b465ee728b)  -> (artifact id: '91b8689241a285fd8c60e08f1bad14d2') in 0.011624 seconds 
========================================================================
Received Import Request.
  Time since last request: 0.000110 seconds.
  path: Assets/UnityTechnologies/TowerDefenseTemplate/Models/Towers/MachineGun/Turret_MachineGun_L03.fbx
  artifactKey: Guid(7b4f0cb8fc3314059b88194196134996) Importer(815301076,1909f56bfc062723c751e8b465ee728b)
Start importing Assets/UnityTechnologies/TowerDefenseTemplate/Models/Towers/MachineGun/Turret_MachineGun_L03.fbx using Guid(7b4f0cb8fc3314059b88194196134996) Importer(815301076,1909f56bfc062723c751e8b465ee728b)  -> (artifact id: '1809df46d5948ef2aaa7e28daa965215') in 0.015855 seconds 
========================================================================
Received Import Request.
  Time since last request: 0.000092 seconds.
  path: Assets/UnityTechnologies/TowerDefenseTemplate/Models/Towers/MachineGun/Turret_MachineGun_L01_Shadow.fbx
  artifactKey: Guid(aea6ab446662e4aee89e07d1cbab468f) Importer(815301076,1909f56bfc062723c751e8b465ee728b)
Start importing Assets/UnityTechnologies/TowerDefenseTemplate/Models/Towers/MachineGun/Turret_MachineGun_L01_Shadow.fbx using Guid(aea6ab446662e4aee89e07d1cbab468f) Importer(815301076,1909f56bfc062723c751e8b465ee728b)  -> (artifact id: '0bfcc83d2e7e9130a6510413811454da') in 0.010996 seconds 
========================================================================
Received Import Request.
  Time since last request: 0.000095 seconds.
  path: Assets/UnityTechnologies/TowerDefenseTemplate/Models/Towers/MachineGun/Turret_MachineGun_L02.fbx
  artifactKey: Guid(b29d7ff11c99340e38246a09f771946f) Importer(815301076,1909f56bfc062723c751e8b465ee728b)
Start importing Assets/UnityTechnologies/TowerDefenseTemplate/Models/Towers/MachineGun/Turret_MachineGun_L02.fbx using Guid(b29d7ff11c99340e38246a09f771946f) Importer(815301076,1909f56bfc062723c751e8b465ee728b)  -> (artifact id: 'dae10b7e330c2577bfaab79062e538c6') in 0.016316 seconds 
========================================================================
Received Import Request.
  Time since last request: 0.000111 seconds.
  path: Assets/UnityTechnologies/TowerDefenseTemplate/Models/Towers/MachineGun/Turret_MachineGun_L03_Shadow.fbx
  artifactKey: Guid(9e9c8eefde8d54604877bc88f64d9b19) Importer(815301076,1909f56bfc062723c751e8b465ee728b)
Start importing Assets/UnityTechnologies/TowerDefenseTemplate/Models/Towers/MachineGun/Turret_MachineGun_L03_Shadow.fbx using Guid(9e9c8eefde8d54604877bc88f64d9b19) Importer(815301076,1909f56bfc062723c751e8b465ee728b)  -> (artifact id: '111c07ba3290e714dfb907417f4e1086') in 0.012515 seconds 
========================================================================
Received Import Request.
  Time since last request: 0.000096 seconds.
  path: Assets/UnityTechnologies/TowerDefenseTemplate/Models/Towers/MachineGun/Turret_MachineGun_L02_Shadow.fbx
  artifactKey: Guid(99c42a7789cc340e9ac3292001fe27e3) Importer(815301076,1909f56bfc062723c751e8b465ee728b)
Start importing Assets/UnityTechnologies/TowerDefenseTemplate/Models/Towers/MachineGun/Turret_MachineGun_L02_Shadow.fbx using Guid(99c42a7789cc340e9ac3292001fe27e3) Importer(815301076,1909f56bfc062723c751e8b465ee728b)  -> (artifact id: '30e04fdd3adf2c7afaceb477c022d6a2') in 0.014323 seconds 
========================================================================
Received Import Request.
  Time since last request: 0.000099 seconds.
  path: Assets/UnityTechnologies/TowerDefenseTemplate/Models/Towers/MachineGun/Base_MachineGun_L03_Shadow.fbx
  artifactKey: Guid(997285826a7c945008c144da7cdc3689) Importer(815301076,1909f56bfc062723c751e8b465ee728b)
Start importing Assets/UnityTechnologies/TowerDefenseTemplate/Models/Towers/MachineGun/Base_MachineGun_L03_Shadow.fbx using Guid(997285826a7c945008c144da7cdc3689) Importer(815301076,1909f56bfc062723c751e8b465ee728b)  -> (artifact id: 'f8534b67366ac483f8a9aab4493fa5ea') in 0.011306 seconds 
========================================================================
Received Import Request.
  Time since last request: 37.787557 seconds.
  path: Assets/New Folder
  artifactKey: Guid(ed011237ed8a7d6419b1451e65de3344) Importer(815301076,1909f56bfc062723c751e8b465ee728b)
Start importing Assets/New Folder using Guid(ed011237ed8a7d6419b1451e65de3344) Importer(815301076,1909f56bfc062723c751e8b465ee728b)  -> (artifact id: '14bbba954a39a40781b61420598e89bf') in 0.004109 seconds 
========================================================================
Received Import Request.
  Time since last request: 0.846657 seconds.
  path: Assets/Scenes
  artifactKey: Guid(d670a59a92ce1a84c9b312a681af1b25) Importer(815301076,1909f56bfc062723c751e8b465ee728b)
Start importing Assets/Scenes using Guid(d670a59a92ce1a84c9b312a681af1b25) Importer(815301076,1909f56bfc062723c751e8b465ee728b)  -> (artifact id: '79c27c7f60258f43fcfd53e890001173') in 0.004281 seconds 
========================================================================
Received Import Request.
  Time since last request: 8.907703 seconds.
  path: Assets/01. Scenes
  artifactKey: Guid(d670a59a92ce1a84c9b312a681af1b25) Importer(815301076,1909f56bfc062723c751e8b465ee728b)
Start importing Assets/01. Scenes using Guid(d670a59a92ce1a84c9b312a681af1b25) Importer(815301076,1909f56bfc062723c751e8b465ee728b)  -> (artifact id: '408bbfc68ac288d27e316547fe18a3b7') in 0.005115 seconds 
========================================================================
Received Import Request.
  Time since last request: 9.224383 seconds.
  path: Assets/02. Scripts
  artifactKey: Guid(ed011237ed8a7d6419b1451e65de3344) Importer(815301076,1909f56bfc062723c751e8b465ee728b)
Start importing Assets/02. Scripts using Guid(ed011237ed8a7d6419b1451e65de3344) Importer(815301076,1909f56bfc062723c751e8b465ee728b)  -> (artifact id: 'fdeede23fe3218efa26b31964c7e2017') in 0.004872 seconds 
========================================================================
Received Import Request.
  Time since last request: 3.855713 seconds.
  path: Assets/New Folder
  artifactKey: Guid(07a15b90d36ea304fbec065503243bf0) Importer(815301076,1909f56bfc062723c751e8b465ee728b)
Start importing Assets/New Folder using Guid(07a15b90d36ea304fbec065503243bf0) Importer(815301076,1909f56bfc062723c751e8b465ee728b)  -> (artifact id: '149c935ed333a1c6f6a3e9d694bc15ff') in 0.001494 seconds 
========================================================================
Received Import Request.
  Time since last request: 2.753050 seconds.
  path: Assets/New Folder/New Folder
  artifactKey: Guid(7377059a258036c459a56e294d832653) Importer(815301076,1909f56bfc062723c751e8b465ee728b)
Start importing Assets/New Folder/New Folder using Guid(7377059a258036c459a56e294d832653) Importer(815301076,1909f56bfc062723c751e8b465ee728b)  -> (artifact id: '1e9b94a6481b037d5b244d36dcc5f87e') in 0.001599 seconds 
========================================================================
Received Import Request.
  Time since last request: 5.835496 seconds.
  path: Assets
  artifactKey: Guid(00000000000000001000000000000000) Importer(815301076,1909f56bfc062723c751e8b465ee728b)
Start importing Assets using Guid(00000000000000001000000000000000) Importer(815301076,1909f56bfc062723c751e8b465ee728b)  -> (artifact id: '42d402b061de3733987d63b9cc3b64de') in 0.004665 seconds 
========================================================================
Received Import Request.
  Time since last request: 4.025160 seconds.
  path: Assets/New Folder 1
  artifactKey: Guid(3561bc2c6eadd8641b755fe930a4cd0d) Importer(815301076,1909f56bfc062723c751e8b465ee728b)
Start importing Assets/New Folder 1 using Guid(3561bc2c6eadd8641b755fe930a4cd0d) Importer(815301076,1909f56bfc062723c751e8b465ee728b)  -> (artifact id: 'f9630c67529dd6ef6a476ad644eb83a8') in 0.004148 seconds 
========================================================================
Received Import Request.
  Time since last request: 2.653538 seconds.
  path: Assets/New Folder 2
  artifactKey: Guid(638eb0ccf53bb6044aa749b9c9b68301) Importer(815301076,1909f56bfc062723c751e8b465ee728b)
Start importing Assets/New Folder 2 using Guid(638eb0ccf53bb6044aa749b9c9b68301) Importer(815301076,1909f56bfc062723c751e8b465ee728b)  -> (artifact id: '06b2222c7ac33482c6ecc8607b777268') in 0.004348 seconds 
========================================================================
Received Import Request.
  Time since last request: 7.814450 seconds.
  path: Assets/03. Prefabs
  artifactKey: Guid(07a15b90d36ea304fbec065503243bf0) Importer(815301076,1909f56bfc062723c751e8b465ee728b)
Start importing Assets/03. Prefabs using Guid(07a15b90d36ea304fbec065503243bf0) Importer(815301076,1909f56bfc062723c751e8b465ee728b)  -> (artifact id: '96fa7486ccdb840cc8a65ed59fd7b0bf') in 0.004988 seconds 
========================================================================
Received Import Request.
  Time since last request: 4.237859 seconds.
  path: Assets/New Folder
  artifactKey: Guid(ab1590ec95d832a42a4b36f8e7ecb50f) Importer(815301076,1909f56bfc062723c751e8b465ee728b)
Start importing Assets/New Folder using Guid(ab1590ec95d832a42a4b36f8e7ecb50f) Importer(815301076,1909f56bfc062723c751e8b465ee728b)  -> (artifact id: '2cd12f7aa0612b19d50a92e4ef5d5b89') in 0.001496 seconds 
========================================================================
Received Import Request.
  Time since last request: 7.216107 seconds.
  path: Assets/Materials
  artifactKey: Guid(ab1590ec95d832a42a4b36f8e7ecb50f) Importer(815301076,1909f56bfc062723c751e8b465ee728b)
Start importing Assets/Materials using Guid(ab1590ec95d832a42a4b36f8e7ecb50f) Importer(815301076,1909f56bfc062723c751e8b465ee728b)  -> (artifact id: '5cdd334972b038e3880a8c5eeb76ccfc') in 0.004984 seconds 
========================================================================
Received Import Request.
  Time since last request: 7.712564 seconds.
  path: Assets/Textures
  artifactKey: Guid(3561bc2c6eadd8641b755fe930a4cd0d) Importer(815301076,1909f56bfc062723c751e8b465ee728b)
Start importing Assets/Textures using Guid(3561bc2c6eadd8641b755fe930a4cd0d) Importer(815301076,1909f56bfc062723c751e8b465ee728b)  -> (artifact id: 'ecfec037d0b766905e9f3d8acf0b7f6a') in 0.005186 seconds 
========================================================================
Received Import Request.
  Time since last request: 9.117923 seconds.
  path: Assets/Resources
  artifactKey: Guid(638eb0ccf53bb6044aa749b9c9b68301) Importer(815301076,1909f56bfc062723c751e8b465ee728b)
Start importing Assets/Resources using Guid(638eb0ccf53bb6044aa749b9c9b68301) Importer(815301076,1909f56bfc062723c751e8b465ee728b)  -> (artifact id: 'dac882813990f3bf2e758539d876cb6c') in 0.004835 seconds 
========================================================================
Received Import Request.
  Time since last request: 3.448613 seconds.
  path: Assets/01. Scenes/SampleScene.unity
  artifactKey: Guid(9fc0d4010bbf28b4594072e72b8655ab) Importer(815301076,1909f56bfc062723c751e8b465ee728b)
Start importing Assets/01. Scenes/SampleScene.unity using Guid(9fc0d4010bbf28b4594072e72b8655ab) Importer(815301076,1909f56bfc062723c751e8b465ee728b)  -> (artifact id: '94c55409359c0051422e58de30b0573d') in 0.004871 seconds 
========================================================================
Received Import Request.
  Time since last request: 10.495896 seconds.
  path: Assets/01. Scenes/Level1.unity
  artifactKey: Guid(9fc0d4010bbf28b4594072e72b8655ab) Importer(815301076,1909f56bfc062723c751e8b465ee728b)
Start importing Assets/01. Scenes/Level1.unity using Guid(9fc0d4010bbf28b4594072e72b8655ab) Importer(815301076,1909f56bfc062723c751e8b465ee728b)  -> (artifact id: '7bbd53ff2fbdad08c35bfe09d4a51a31') in 0.004781 seconds 
========================================================================
Received Import Request.
  Time since last request: 11.268064 seconds.
  path: Assets/04. Materials
  artifactKey: Guid(ab1590ec95d832a42a4b36f8e7ecb50f) Importer(815301076,1909f56bfc062723c751e8b465ee728b)
Start importing Assets/04. Materials using Guid(ab1590ec95d832a42a4b36f8e7ecb50f) Importer(815301076,1909f56bfc062723c751e8b465ee728b)  -> (artifact id: '3af95006166bd159d5a19d9382097976') in 0.004782 seconds 
========================================================================
Received Import Request.
  Time since last request: 5.595268 seconds.
  path: Assets/05. Textures
  artifactKey: Guid(3561bc2c6eadd8641b755fe930a4cd0d) Importer(815301076,1909f56bfc062723c751e8b465ee728b)
Start importing Assets/05. Textures using Guid(3561bc2c6eadd8641b755fe930a4cd0d) Importer(815301076,1909f56bfc062723c751e8b465ee728b)  -> (artifact id: 'd99f41769928311038a5afbadc10854c') in 0.013713 seconds 
========================================================================
Received Import Request.
  Time since last request: 461.922077 seconds.
  path: Assets/04. Materials/Node.mat
  artifactKey: Guid(2dc01efd3577f6a48b7173b9c92919c2) Importer(815301076,1909f56bfc062723c751e8b465ee728b)
Start importing Assets/04. Materials/Node.mat using Guid(2dc01efd3577f6a48b7173b9c92919c2) Importer(815301076,1909f56bfc062723c751e8b465ee728b)  -> (artifact id: 'a9254d9e8faef8f30eb09b8d81b3a7b9') in 0.030221 seconds 
========================================================================
Received Import Request.
  Time since last request: 700.451797 seconds.
  path: Assets/04. Materials/Node 1.mat
  artifactKey: Guid(4f9811b0e316be241a54d580899e7904) Importer(815301076,1909f56bfc062723c751e8b465ee728b)
Start importing Assets/04. Materials/Node 1.mat using Guid(4f9811b0e316be241a54d580899e7904) Importer(815301076,1909f56bfc062723c751e8b465ee728b)  -> (artifact id: '0656125146043df858f1b2cb5e0fc272') in 0.020116 seconds 
========================================================================
Received Import Request.
  Time since last request: 0.000123 seconds.
  path: Assets/04. Materials/Node.mat
  artifactKey: Guid(2dc01efd3577f6a48b7173b9c92919c2) Importer(815301076,1909f56bfc062723c751e8b465ee728b)
Start importing Assets/04. Materials/Node.mat using Guid(2dc01efd3577f6a48b7173b9c92919c2) Importer(815301076,1909f56bfc062723c751e8b465ee728b)  -> (artifact id: '19ff05b40161e8b18a1a969c689bf9eb') in 0.009244 seconds 
========================================================================
Received Import Request.
  Time since last request: 8.017303 seconds.
  path: Assets/04. Materials/EnemyPath.mat
  artifactKey: Guid(4f9811b0e316be241a54d580899e7904) Importer(815301076,1909f56bfc062723c751e8b465ee728b)
Start importing Assets/04. Materials/EnemyPath.mat using Guid(4f9811b0e316be241a54d580899e7904) Importer(815301076,1909f56bfc062723c751e8b465ee728b)  -> (artifact id: 'b7c6b480a8aa84946a9ef9219399ab19') in 0.009178 seconds 
========================================================================
Received Import Request.
  Time since last request: 872.226107 seconds.
  path: Assets/UnityTechnologies/TowerDefenseTemplate/Models/Player/HeadQuarters.fbx
  artifactKey: Guid(71168782495474ac69411fd475ef70e6) Importer(815301076,1909f56bfc062723c751e8b465ee728b)
Start importing Assets/UnityTechnologies/TowerDefenseTemplate/Models/Player/HeadQuarters.fbx using Guid(71168782495474ac69411fd475ef70e6) Importer(815301076,1909f56bfc062723c751e8b465ee728b)  -> (artifact id: '335724c3f79c6f871258f0ecb29f0123') in 0.022545 seconds 
========================================================================
Received Import Request.
  Time since last request: 82.810309 seconds.
  path: Assets/04. Materials/HeadQuarters.prefab
  artifactKey: Guid(6a40369a702833742a7e36446b61f94e) Importer(815301076,1909f56bfc062723c751e8b465ee728b)
Start importing Assets/04. Materials/HeadQuarters.prefab using Guid(6a40369a702833742a7e36446b61f94e) Importer(815301076,1909f56bfc062723c751e8b465ee728b)  -> (artifact id: 'b1cf65db0f38f4deeaf53dfc26d2fd78') in 0.011465 seconds 
========================================================================
Received Import Request.
  Time since last request: 58.994693 seconds.
  path: Assets/02. Scripts/Node.cs
  artifactKey: Guid(8d7d58e6df390ea49a9c6643fa399580) Importer(815301076,1909f56bfc062723c751e8b465ee728b)
Start importing Assets/02. Scripts/Node.cs using Guid(8d7d58e6df390ea49a9c6643fa399580) Importer(815301076,1909f56bfc062723c751e8b465ee728b)  -> (artifact id: '057d29940e11d4bd0072819d6789c45c') in 0.026560 seconds 
========================================================================
Received Prepare
Registering precompiled user dll's ...
Registered in 0.001854 seconds.
Begin MonoManager ReloadAssembly
Native extension for WindowsStandalone target not found
Refreshing native plugins compatible for Editor in 0.31 ms, found 2 plugins.
Preloading 0 native plugins for Editor in 0.00 ms.
Mono: successfully reloaded assembly
- Completed reload, in  0.570 seconds
Domain Reload Profiling:
	ReloadAssembly (571ms)
		BeginReloadAssembly (82ms)
			ExecutionOrderSort (0ms)
			DisableScriptedObjects (3ms)
			BackupInstance (0ms)
			ReleaseScriptingObjects (0ms)
			CreateAndSetChildDomain (25ms)
		EndReloadAssembly (450ms)
			LoadAssemblies (60ms)
			RebuildTransferFunctionScriptingTraits (0ms)
			SetupTypeCache (153ms)
			ReleaseScriptCaches (1ms)
			RebuildScriptCaches (21ms)
			SetupLoadedEditorAssemblies (174ms)
				LogAssemblyErrors (0ms)
				InitializePlatformSupportModulesInManaged (3ms)
				SetLoadedEditorAssemblies (0ms)
				RefreshPlugins (0ms)
				BeforeProcessingInitializeOnLoad (47ms)
				ProcessInitializeOnLoadAttributes (110ms)
				ProcessInitializeOnLoadMethodAttributes (9ms)
				AfterProcessingInitializeOnLoad (4ms)
				EditorAssembliesLoaded (0ms)
			ExecutionOrderSort2 (0ms)
			AwakeInstancesAfterBackupRestoration (1ms)
Platform modules already initialized, skipping
Refreshing native plugins compatible for Editor in 0.32 ms, found 2 plugins.
Preloading 0 native plugins for Editor in 0.00 ms.
Unloading 1506 Unused Serialized files (Serialized files now loaded: 0)
System memory in use before: 75.8 MB.
System memory in use after: 75.9 MB.

Unloading 12 unused Assets to reduce memory usage. Loaded Objects now: 1994.
Total: 2.197700 ms (FindLiveObjects: 0.117300 ms CreateObjectMapping: 0.032700 ms MarkObjects: 2.026300 ms  DeleteObjects: 0.020900 ms)

AssetImportParameters requested are different than current active one (requested -> active):
  custom:framework-win-MediaFoundation: 216162199b28c13a410421893ffa2e32 -> 
  custom:video-decoder-ogg-theora: a1e56fd34408186e4bbccfd4996cb3dc -> 
  custom:container-muxer-webm: aa71ff27fc2769a1b78a27578f13a17b -> 
  custom:container-demuxer-webm: 4f35f7cbe854078d1ac9338744f61a02 -> 
  custom:container-demuxer-ogg: 62fdf1f143b41e24485cea50d1cbac27 -> 
  custom:video-encoder-webm-vp8: eb34c28f22e8b96e1ab97ce403110664 -> 
  custom:video-decoder-webm-vp8: 9c59270c3fd7afecdb556c50c9e8de78 -> 
  custom:audio-decoder-ogg-vorbis: bf7c407c2cedff20999df2af8eb42d56 -> 
  custom:audio-encoder-webm-vorbis: bf7c407c2cedff20999df2af8eb42d56 -> 
========================================================================
Received Import Request.
  Time since last request: 34.633883 seconds.
  path: Assets/02. Scripts/Node.cs
  artifactKey: Guid(8d7d58e6df390ea49a9c6643fa399580) Importer(815301076,1909f56bfc062723c751e8b465ee728b)
Start importing Assets/02. Scripts/Node.cs using Guid(8d7d58e6df390ea49a9c6643fa399580) Importer(815301076,1909f56bfc062723c751e8b465ee728b)  -> (artifact id: 'a07c7f238f6deca14b8c8f5e0b48b238') in 0.006216 seconds 
========================================================================
Received Import Request.
  Time since last request: 82.418702 seconds.
  path: Assets/02. Scripts/Node.cs
  artifactKey: Guid(8d7d58e6df390ea49a9c6643fa399580) Importer(815301076,1909f56bfc062723c751e8b465ee728b)
Start importing Assets/02. Scripts/Node.cs using Guid(8d7d58e6df390ea49a9c6643fa399580) Importer(815301076,1909f56bfc062723c751e8b465ee728b)  -> (artifact id: '35bddf6258d09213efc7bf8b9a48c0bc') in 0.003946 seconds 
========================================================================
Received Prepare
Registering precompiled user dll's ...
Registered in 0.001839 seconds.
Begin MonoManager ReloadAssembly
Native extension for WindowsStandalone target not found
Refreshing native plugins compatible for Editor in 0.32 ms, found 2 plugins.
Preloading 0 native plugins for Editor in 0.00 ms.
Mono: successfully reloaded assembly
- Completed reload, in  0.576 seconds
Domain Reload Profiling:
	ReloadAssembly (577ms)
		BeginReloadAssembly (81ms)
			ExecutionOrderSort (0ms)
			DisableScriptedObjects (3ms)
			BackupInstance (0ms)
			ReleaseScriptingObjects (0ms)
			CreateAndSetChildDomain (24ms)
		EndReloadAssembly (458ms)
			LoadAssemblies (60ms)
			RebuildTransferFunctionScriptingTraits (0ms)
			SetupTypeCache (152ms)
			ReleaseScriptCaches (1ms)
			RebuildScriptCaches (23ms)
			SetupLoadedEditorAssemblies (178ms)
				LogAssemblyErrors (0ms)
				InitializePlatformSupportModulesInManaged (3ms)
				SetLoadedEditorAssemblies (0ms)
				RefreshPlugins (0ms)
				BeforeProcessingInitializeOnLoad (47ms)
				ProcessInitializeOnLoadAttributes (113ms)
				ProcessInitializeOnLoadMethodAttributes (9ms)
				AfterProcessingInitializeOnLoad (4ms)
				EditorAssembliesLoaded (0ms)
			ExecutionOrderSort2 (0ms)
			AwakeInstancesAfterBackupRestoration (1ms)
Platform modules already initialized, skipping
Refreshing native plugins compatible for Editor in 0.31 ms, found 2 plugins.
Preloading 0 native plugins for Editor in 0.00 ms.
Unloading 1506 Unused Serialized files (Serialized files now loaded: 0)
System memory in use before: 75.8 MB.
System memory in use after: 75.9 MB.

Unloading 11 unused Assets to reduce memory usage. Loaded Objects now: 1997.
Total: 2.159900 ms (FindLiveObjects: 0.095800 ms CreateObjectMapping: 0.033700 ms MarkObjects: 2.010600 ms  DeleteObjects: 0.019100 ms)

AssetImportParameters requested are different than current active one (requested -> active):
  custom:framework-win-MediaFoundation: 216162199b28c13a410421893ffa2e32 -> 
  custom:video-decoder-ogg-theora: a1e56fd34408186e4bbccfd4996cb3dc -> 
  custom:container-muxer-webm: aa71ff27fc2769a1b78a27578f13a17b -> 
  custom:container-demuxer-webm: 4f35f7cbe854078d1ac9338744f61a02 -> 
  custom:container-demuxer-ogg: 62fdf1f143b41e24485cea50d1cbac27 -> 
  custom:video-encoder-webm-vp8: eb34c28f22e8b96e1ab97ce403110664 -> 
  custom:video-decoder-webm-vp8: 9c59270c3fd7afecdb556c50c9e8de78 -> 
  custom:audio-decoder-ogg-vorbis: bf7c407c2cedff20999df2af8eb42d56 -> 
  custom:audio-encoder-webm-vorbis: bf7c407c2cedff20999df2af8eb42d56 -> 
========================================================================
Received Prepare
Registering precompiled user dll's ...
Registered in 0.005022 seconds.
Begin MonoManager ReloadAssembly
Native extension for WindowsStandalone target not found
Refreshing native plugins compatible for Editor in 0.31 ms, found 2 plugins.
Preloading 0 native plugins for Editor in 0.00 ms.
Mono: successfully reloaded assembly
- Completed reload, in  0.577 seconds
Domain Reload Profiling:
	ReloadAssembly (577ms)
		BeginReloadAssembly (81ms)
			ExecutionOrderSort (0ms)
			DisableScriptedObjects (3ms)
			BackupInstance (0ms)
			ReleaseScriptingObjects (0ms)
			CreateAndSetChildDomain (24ms)
		EndReloadAssembly (455ms)
			LoadAssemblies (60ms)
			RebuildTransferFunctionScriptingTraits (0ms)
			SetupTypeCache (154ms)
			ReleaseScriptCaches (1ms)
			RebuildScriptCaches (22ms)
			SetupLoadedEditorAssemblies (174ms)
				LogAssemblyErrors (0ms)
				InitializePlatformSupportModulesInManaged (3ms)
				SetLoadedEditorAssemblies (0ms)
				RefreshPlugins (0ms)
				BeforeProcessingInitializeOnLoad (47ms)
				ProcessInitializeOnLoadAttributes (111ms)
				ProcessInitializeOnLoadMethodAttributes (8ms)
				AfterProcessingInitializeOnLoad (4ms)
				EditorAssembliesLoaded (0ms)
			ExecutionOrderSort2 (0ms)
			AwakeInstancesAfterBackupRestoration (1ms)
Platform modules already initialized, skipping
Refreshing native plugins compatible for Editor in 0.30 ms, found 2 plugins.
Preloading 0 native plugins for Editor in 0.00 ms.
Unloading 1506 Unused Serialized files (Serialized files now loaded: 0)
System memory in use before: 75.8 MB.
System memory in use after: 76.0 MB.

Unloading 11 unused Assets to reduce memory usage. Loaded Objects now: 2000.
Total: 2.241400 ms (FindLiveObjects: 0.119100 ms CreateObjectMapping: 0.033800 ms MarkObjects: 2.070100 ms  DeleteObjects: 0.017900 ms)

AssetImportParameters requested are different than current active one (requested -> active):
  custom:framework-win-MediaFoundation: 216162199b28c13a410421893ffa2e32 -> 
  custom:video-decoder-ogg-theora: a1e56fd34408186e4bbccfd4996cb3dc -> 
  custom:container-muxer-webm: aa71ff27fc2769a1b78a27578f13a17b -> 
  custom:container-demuxer-webm: 4f35f7cbe854078d1ac9338744f61a02 -> 
  custom:container-demuxer-ogg: 62fdf1f143b41e24485cea50d1cbac27 -> 
  custom:video-encoder-webm-vp8: eb34c28f22e8b96e1ab97ce403110664 -> 
  custom:video-decoder-webm-vp8: 9c59270c3fd7afecdb556c50c9e8de78 -> 
  custom:audio-decoder-ogg-vorbis: bf7c407c2cedff20999df2af8eb42d56 -> 
  custom:audio-encoder-webm-vorbis: bf7c407c2cedff20999df2af8eb42d56 -> 
========================================================================
Received Prepare
Registering precompiled user dll's ...
Registered in 0.001894 seconds.
Begin MonoManager ReloadAssembly
Native extension for WindowsStandalone target not found
Refreshing native plugins compatible for Editor in 0.32 ms, found 2 plugins.
Preloading 0 native plugins for Editor in 0.00 ms.
Mono: successfully reloaded assembly
- Completed reload, in  0.604 seconds
Domain Reload Profiling:
	ReloadAssembly (604ms)
		BeginReloadAssembly (105ms)
			ExecutionOrderSort (0ms)
			DisableScriptedObjects (5ms)
			BackupInstance (0ms)
			ReleaseScriptingObjects (0ms)
			CreateAndSetChildDomain (33ms)
		EndReloadAssembly (460ms)
			LoadAssemblies (70ms)
			RebuildTransferFunctionScriptingTraits (0ms)
			SetupTypeCache (154ms)
			ReleaseScriptCaches (1ms)
			RebuildScriptCaches (23ms)
			SetupLoadedEditorAssemblies (175ms)
				LogAssemblyErrors (0ms)
				InitializePlatformSupportModulesInManaged (3ms)
				SetLoadedEditorAssemblies (0ms)
				RefreshPlugins (0ms)
				BeforeProcessingInitializeOnLoad (47ms)
				ProcessInitializeOnLoadAttributes (111ms)
				ProcessInitializeOnLoadMethodAttributes (8ms)
				AfterProcessingInitializeOnLoad (4ms)
				EditorAssembliesLoaded (0ms)
			ExecutionOrderSort2 (0ms)
			AwakeInstancesAfterBackupRestoration (1ms)
Platform modules already initialized, skipping
Refreshing native plugins compatible for Editor in 0.32 ms, found 2 plugins.
Preloading 0 native plugins for Editor in 0.00 ms.
Unloading 1506 Unused Serialized files (Serialized files now loaded: 0)
System memory in use before: 75.9 MB.
System memory in use after: 76.0 MB.

Unloading 11 unused Assets to reduce memory usage. Loaded Objects now: 2003.
Total: 2.262800 ms (FindLiveObjects: 0.107200 ms CreateObjectMapping: 0.104400 ms MarkObjects: 2.031400 ms  DeleteObjects: 0.018900 ms)

AssetImportParameters requested are different than current active one (requested -> active):
  custom:framework-win-MediaFoundation: 216162199b28c13a410421893ffa2e32 -> 
  custom:video-decoder-ogg-theora: a1e56fd34408186e4bbccfd4996cb3dc -> 
  custom:container-muxer-webm: aa71ff27fc2769a1b78a27578f13a17b -> 
  custom:container-demuxer-webm: 4f35f7cbe854078d1ac9338744f61a02 -> 
  custom:container-demuxer-ogg: 62fdf1f143b41e24485cea50d1cbac27 -> 
  custom:video-encoder-webm-vp8: eb34c28f22e8b96e1ab97ce403110664 -> 
  custom:video-decoder-webm-vp8: 9c59270c3fd7afecdb556c50c9e8de78 -> 
  custom:audio-decoder-ogg-vorbis: bf7c407c2cedff20999df2af8eb42d56 -> 
  custom:audio-encoder-webm-vorbis: bf7c407c2cedff20999df2af8eb42d56 -> 
========================================================================
Received Prepare
Registering precompiled user dll's ...
Registered in 0.001750 seconds.
Begin MonoManager ReloadAssembly
Native extension for WindowsStandalone target not found
Refreshing native plugins compatible for Editor in 0.33 ms, found 2 plugins.
Preloading 0 native plugins for Editor in 0.00 ms.
Mono: successfully reloaded assembly
- Completed reload, in  0.574 seconds
Domain Reload Profiling:
	ReloadAssembly (575ms)
		BeginReloadAssembly (79ms)
			ExecutionOrderSort (0ms)
			DisableScriptedObjects (3ms)
			BackupInstance (0ms)
			ReleaseScriptingObjects (0ms)
			CreateAndSetChildDomain (24ms)
		EndReloadAssembly (457ms)
			LoadAssemblies (60ms)
			RebuildTransferFunctionScriptingTraits (0ms)
			SetupTypeCache (150ms)
			ReleaseScriptCaches (1ms)
			RebuildScriptCaches (23ms)
			SetupLoadedEditorAssemblies (179ms)
				LogAssemblyErrors (0ms)
				InitializePlatformSupportModulesInManaged (3ms)
				SetLoadedEditorAssemblies (0ms)
				RefreshPlugins (0ms)
				BeforeProcessingInitializeOnLoad (47ms)
				ProcessInitializeOnLoadAttributes (114ms)
				ProcessInitializeOnLoadMethodAttributes (9ms)
				AfterProcessingInitializeOnLoad (5ms)
				EditorAssembliesLoaded (0ms)
			ExecutionOrderSort2 (0ms)
			AwakeInstancesAfterBackupRestoration (1ms)
Platform modules already initialized, skipping
Refreshing native plugins compatible for Editor in 0.32 ms, found 2 plugins.
Preloading 0 native plugins for Editor in 0.00 ms.
Unloading 1506 Unused Serialized files (Serialized files now loaded: 0)
System memory in use before: 75.9 MB.
System memory in use after: 76.0 MB.

Unloading 11 unused Assets to reduce memory usage. Loaded Objects now: 2006.
Total: 2.033600 ms (FindLiveObjects: 0.130000 ms CreateObjectMapping: 0.035000 ms MarkObjects: 1.852700 ms  DeleteObjects: 0.015200 ms)

AssetImportParameters requested are different than current active one (requested -> active):
  custom:framework-win-MediaFoundation: 216162199b28c13a410421893ffa2e32 -> 
  custom:video-decoder-ogg-theora: a1e56fd34408186e4bbccfd4996cb3dc -> 
  custom:container-muxer-webm: aa71ff27fc2769a1b78a27578f13a17b -> 
  custom:container-demuxer-webm: 4f35f7cbe854078d1ac9338744f61a02 -> 
  custom:container-demuxer-ogg: 62fdf1f143b41e24485cea50d1cbac27 -> 
  custom:video-encoder-webm-vp8: eb34c28f22e8b96e1ab97ce403110664 -> 
  custom:video-decoder-webm-vp8: 9c59270c3fd7afecdb556c50c9e8de78 -> 
  custom:audio-decoder-ogg-vorbis: bf7c407c2cedff20999df2af8eb42d56 -> 
  custom:audio-encoder-webm-vorbis: bf7c407c2cedff20999df2af8eb42d56 -> 
========================================================================
Received Prepare
Registering precompiled user dll's ...
Registered in 0.001955 seconds.
Begin MonoManager ReloadAssembly
Native extension for WindowsStandalone target not found
Refreshing native plugins compatible for Editor in 0.32 ms, found 2 plugins.
Preloading 0 native plugins for Editor in 0.00 ms.
Mono: successfully reloaded assembly
- Completed reload, in  0.572 seconds
Domain Reload Profiling:
	ReloadAssembly (572ms)
		BeginReloadAssembly (79ms)
			ExecutionOrderSort (0ms)
			DisableScriptedObjects (3ms)
			BackupInstance (0ms)
			ReleaseScriptingObjects (0ms)
			CreateAndSetChildDomain (23ms)
		EndReloadAssembly (455ms)
			LoadAssemblies (59ms)
			RebuildTransferFunctionScriptingTraits (0ms)
			SetupTypeCache (150ms)
			ReleaseScriptCaches (1ms)
			RebuildScriptCaches (23ms)
			SetupLoadedEditorAssemblies (178ms)
				LogAssemblyErrors (0ms)
				InitializePlatformSupportModulesInManaged (3ms)
				SetLoadedEditorAssemblies (0ms)
				RefreshPlugins (0ms)
				BeforeProcessingInitializeOnLoad (49ms)
				ProcessInitializeOnLoadAttributes (112ms)
				ProcessInitializeOnLoadMethodAttributes (9ms)
				AfterProcessingInitializeOnLoad (4ms)
				EditorAssembliesLoaded (0ms)
			ExecutionOrderSort2 (0ms)
			AwakeInstancesAfterBackupRestoration (1ms)
Platform modules already initialized, skipping
Refreshing native plugins compatible for Editor in 0.33 ms, found 2 plugins.
Preloading 0 native plugins for Editor in 0.00 ms.
Unloading 1506 Unused Serialized files (Serialized files now loaded: 0)
System memory in use before: 75.9 MB.
System memory in use after: 76.0 MB.

Unloading 11 unused Assets to reduce memory usage. Loaded Objects now: 2009.
Total: 2.228600 ms (FindLiveObjects: 0.118000 ms CreateObjectMapping: 0.034800 ms MarkObjects: 2.058100 ms  DeleteObjects: 0.017000 ms)

AssetImportParameters requested are different than current active one (requested -> active):
  custom:framework-win-MediaFoundation: 216162199b28c13a410421893ffa2e32 -> 
  custom:video-decoder-ogg-theora: a1e56fd34408186e4bbccfd4996cb3dc -> 
  custom:container-muxer-webm: aa71ff27fc2769a1b78a27578f13a17b -> 
  custom:container-demuxer-webm: 4f35f7cbe854078d1ac9338744f61a02 -> 
  custom:container-demuxer-ogg: 62fdf1f143b41e24485cea50d1cbac27 -> 
  custom:video-encoder-webm-vp8: eb34c28f22e8b96e1ab97ce403110664 -> 
  custom:video-decoder-webm-vp8: 9c59270c3fd7afecdb556c50c9e8de78 -> 
  custom:audio-decoder-ogg-vorbis: bf7c407c2cedff20999df2af8eb42d56 -> 
  custom:audio-encoder-webm-vorbis: bf7c407c2cedff20999df2af8eb42d56 -> 
========================================================================
Received Import Request.
  Time since last request: 553.961475 seconds.
  path: Assets/02. Scripts/Tower.cs
  artifactKey: Guid(5cbaed47a6fb030419fca310dcc395a3) Importer(815301076,1909f56bfc062723c751e8b465ee728b)
Start importing Assets/02. Scripts/Tower.cs using Guid(5cbaed47a6fb030419fca310dcc395a3) Importer(815301076,1909f56bfc062723c751e8b465ee728b)  -> (artifact id: '75794fe2d6f5218da063605c11d87025') in 0.006514 seconds 
========================================================================
Received Prepare
Registering precompiled user dll's ...
Registered in 0.001967 seconds.
Begin MonoManager ReloadAssembly
Native extension for WindowsStandalone target not found
Refreshing native plugins compatible for Editor in 0.33 ms, found 2 plugins.
Preloading 0 native plugins for Editor in 0.00 ms.
Mono: successfully reloaded assembly
- Completed reload, in  0.598 seconds
Domain Reload Profiling:
	ReloadAssembly (599ms)
		BeginReloadAssembly (82ms)
			ExecutionOrderSort (0ms)
			DisableScriptedObjects (3ms)
			BackupInstance (0ms)
			ReleaseScriptingObjects (0ms)
			CreateAndSetChildDomain (24ms)
		EndReloadAssembly (467ms)
			LoadAssemblies (61ms)
			RebuildTransferFunctionScriptingTraits (0ms)
			SetupTypeCache (156ms)
			ReleaseScriptCaches (1ms)
			RebuildScriptCaches (23ms)
			SetupLoadedEditorAssemblies (180ms)
				LogAssemblyErrors (0ms)
				InitializePlatformSupportModulesInManaged (3ms)
				SetLoadedEditorAssemblies (0ms)
				RefreshPlugins (0ms)
				BeforeProcessingInitializeOnLoad (48ms)
				ProcessInitializeOnLoadAttributes (115ms)
				ProcessInitializeOnLoadMethodAttributes (9ms)
				AfterProcessingInitializeOnLoad (5ms)
				EditorAssembliesLoaded (0ms)
			ExecutionOrderSort2 (0ms)
			AwakeInstancesAfterBackupRestoration (1ms)
Platform modules already initialized, skipping
Refreshing native plugins compatible for Editor in 0.32 ms, found 2 plugins.
Preloading 0 native plugins for Editor in 0.00 ms.
Unloading 1507 Unused Serialized files (Serialized files now loaded: 0)
System memory in use before: 75.9 MB.
System memory in use after: 76.0 MB.

Unloading 11 unused Assets to reduce memory usage. Loaded Objects now: 2013.
Total: 2.065400 ms (FindLiveObjects: 0.112500 ms CreateObjectMapping: 0.028100 ms MarkObjects: 1.905400 ms  DeleteObjects: 0.018600 ms)

AssetImportParameters requested are different than current active one (requested -> active):
  custom:framework-win-MediaFoundation: 216162199b28c13a410421893ffa2e32 -> 
  custom:video-decoder-ogg-theora: a1e56fd34408186e4bbccfd4996cb3dc -> 
  custom:container-muxer-webm: aa71ff27fc2769a1b78a27578f13a17b -> 
  custom:container-demuxer-webm: 4f35f7cbe854078d1ac9338744f61a02 -> 
  custom:container-demuxer-ogg: 62fdf1f143b41e24485cea50d1cbac27 -> 
  custom:video-encoder-webm-vp8: eb34c28f22e8b96e1ab97ce403110664 -> 
  custom:video-decoder-webm-vp8: 9c59270c3fd7afecdb556c50c9e8de78 -> 
  custom:audio-decoder-ogg-vorbis: bf7c407c2cedff20999df2af8eb42d56 -> 
  custom:audio-encoder-webm-vorbis: bf7c407c2cedff20999df2af8eb42d56 -> 
========================================================================
Received Import Request.
  Time since last request: 11.923018 seconds.
  path: Assets/02. Scripts/Tower.cs
  artifactKey: Guid(5cbaed47a6fb030419fca310dcc395a3) Importer(815301076,1909f56bfc062723c751e8b465ee728b)
Start importing Assets/02. Scripts/Tower.cs using Guid(5cbaed47a6fb030419fca310dcc395a3) Importer(815301076,1909f56bfc062723c751e8b465ee728b)  -> (artifact id: '91873d9b48e2e7da901fa664861b773a') in 0.008089 seconds 
========================================================================
Received Prepare
Registering precompiled user dll's ...
Registered in 0.002159 seconds.
Begin MonoManager ReloadAssembly
Native extension for WindowsStandalone target not found
Refreshing native plugins compatible for Editor in 0.32 ms, found 2 plugins.
Preloading 0 native plugins for Editor in 0.00 ms.
Mono: successfully reloaded assembly
- Completed reload, in  0.576 seconds
Domain Reload Profiling:
	ReloadAssembly (576ms)
		BeginReloadAssembly (89ms)
			ExecutionOrderSort (0ms)
			DisableScriptedObjects (4ms)
			BackupInstance (0ms)
			ReleaseScriptingObjects (0ms)
			CreateAndSetChildDomain (29ms)
		EndReloadAssembly (449ms)
			LoadAssemblies (60ms)
			RebuildTransferFunctionScriptingTraits (0ms)
			SetupTypeCache (148ms)
			ReleaseScriptCaches (1ms)
			RebuildScriptCaches (22ms)
			SetupLoadedEditorAssemblies (174ms)
				LogAssemblyErrors (0ms)
				InitializePlatformSupportModulesInManaged (3ms)
				SetLoadedEditorAssemblies (0ms)
				RefreshPlugins (0ms)
				BeforeProcessingInitializeOnLoad (47ms)
				ProcessInitializeOnLoadAttributes (111ms)
				ProcessInitializeOnLoadMethodAttributes (8ms)
				AfterProcessingInitializeOnLoad (5ms)
				EditorAssembliesLoaded (0ms)
			ExecutionOrderSort2 (0ms)
			AwakeInstancesAfterBackupRestoration (1ms)
Platform modules already initialized, skipping
Refreshing native plugins compatible for Editor in 0.24 ms, found 2 plugins.
Preloading 0 native plugins for Editor in 0.00 ms.
Unloading 1507 Unused Serialized files (Serialized files now loaded: 0)
System memory in use before: 75.9 MB.
System memory in use after: 76.0 MB.

Unloading 11 unused Assets to reduce memory usage. Loaded Objects now: 2016.
Total: 2.295700 ms (FindLiveObjects: 0.133500 ms CreateObjectMapping: 0.090100 ms MarkObjects: 2.054600 ms  DeleteObjects: 0.017000 ms)

AssetImportParameters requested are different than current active one (requested -> active):
  custom:framework-win-MediaFoundation: 216162199b28c13a410421893ffa2e32 -> 
  custom:video-decoder-ogg-theora: a1e56fd34408186e4bbccfd4996cb3dc -> 
  custom:container-muxer-webm: aa71ff27fc2769a1b78a27578f13a17b -> 
  custom:container-demuxer-webm: 4f35f7cbe854078d1ac9338744f61a02 -> 
  custom:container-demuxer-ogg: 62fdf1f143b41e24485cea50d1cbac27 -> 
  custom:video-encoder-webm-vp8: eb34c28f22e8b96e1ab97ce403110664 -> 
  custom:video-decoder-webm-vp8: 9c59270c3fd7afecdb556c50c9e8de78 -> 
  custom:audio-decoder-ogg-vorbis: bf7c407c2cedff20999df2af8eb42d56 -> 
  custom:audio-encoder-webm-vorbis: bf7c407c2cedff20999df2af8eb42d56 -> 
========================================================================
Received Prepare
Registering precompiled user dll's ...
Registered in 0.001931 seconds.
Begin MonoManager ReloadAssembly
Native extension for WindowsStandalone target not found
Refreshing native plugins compatible for Editor in 0.33 ms, found 2 plugins.
Preloading 0 native plugins for Editor in 0.00 ms.
Mono: successfully reloaded assembly
- Completed reload, in  0.659 seconds
Domain Reload Profiling:
	ReloadAssembly (660ms)
		BeginReloadAssembly (81ms)
			ExecutionOrderSort (0ms)
			DisableScriptedObjects (3ms)
			BackupInstance (0ms)
			ReleaseScriptingObjects (0ms)
			CreateAndSetChildDomain (25ms)
		EndReloadAssembly (541ms)
			LoadAssemblies (59ms)
			RebuildTransferFunctionScriptingTraits (0ms)
			SetupTypeCache (160ms)
			ReleaseScriptCaches (1ms)
			RebuildScriptCaches (22ms)
			SetupLoadedEditorAssemblies (243ms)
				LogAssemblyErrors (0ms)
				InitializePlatformSupportModulesInManaged (3ms)
				SetLoadedEditorAssemblies (0ms)
				RefreshPlugins (0ms)
				BeforeProcessingInitializeOnLoad (50ms)
				ProcessInitializeOnLoadAttributes (155ms)
				ProcessInitializeOnLoadMethodAttributes (17ms)
				AfterProcessingInitializeOnLoad (16ms)
				EditorAssembliesLoaded (0ms)
			ExecutionOrderSort2 (0ms)
			AwakeInstancesAfterBackupRestoration (2ms)
Platform modules already initialized, skipping
Refreshing native plugins compatible for Editor in 0.57 ms, found 2 plugins.
Preloading 0 native plugins for Editor in 0.00 ms.
Unloading 1508 Unused Serialized files (Serialized files now loaded: 0)
System memory in use before: 75.9 MB.
System memory in use after: 76.0 MB.

Unloading 11 unused Assets to reduce memory usage. Loaded Objects now: 2020.
Total: 3.980100 ms (FindLiveObjects: 0.256700 ms CreateObjectMapping: 0.074800 ms MarkObjects: 3.622100 ms  DeleteObjects: 0.025500 ms)

AssetImportParameters requested are different than current active one (requested -> active):
  custom:framework-win-MediaFoundation: 216162199b28c13a410421893ffa2e32 -> 
  custom:video-decoder-ogg-theora: a1e56fd34408186e4bbccfd4996cb3dc -> 
  custom:container-muxer-webm: aa71ff27fc2769a1b78a27578f13a17b -> 
  custom:container-demuxer-webm: 4f35f7cbe854078d1ac9338744f61a02 -> 
  custom:container-demuxer-ogg: 62fdf1f143b41e24485cea50d1cbac27 -> 
  custom:video-encoder-webm-vp8: eb34c28f22e8b96e1ab97ce403110664 -> 
  custom:video-decoder-webm-vp8: 9c59270c3fd7afecdb556c50c9e8de78 -> 
  custom:audio-decoder-ogg-vorbis: bf7c407c2cedff20999df2af8eb42d56 -> 
  custom:audio-encoder-webm-vorbis: bf7c407c2cedff20999df2af8eb42d56 -> 
========================================================================
Received Import Request.
  Time since last request: 46.254637 seconds.
  path: Assets/02. Scripts/TowerInfo.cs
  artifactKey: Guid(a09b675a8a2a36548b91aa130688a5e7) Importer(815301076,1909f56bfc062723c751e8b465ee728b)
Start importing Assets/02. Scripts/TowerInfo.cs using Guid(a09b675a8a2a36548b91aa130688a5e7) Importer(815301076,1909f56bfc062723c751e8b465ee728b)  -> (artifact id: 'c086704c851374a875199be10b7d2e2d') in 0.018258 seconds 
========================================================================
Received Prepare
Registering precompiled user dll's ...
Registered in 0.001785 seconds.
Begin MonoManager ReloadAssembly
Native extension for WindowsStandalone target not found
Refreshing native plugins compatible for Editor in 0.33 ms, found 2 plugins.
Preloading 0 native plugins for Editor in 0.00 ms.
Mono: successfully reloaded assembly
- Completed reload, in  0.585 seconds
Domain Reload Profiling:
	ReloadAssembly (585ms)
		BeginReloadAssembly (80ms)
			ExecutionOrderSort (0ms)
			DisableScriptedObjects (3ms)
			BackupInstance (0ms)
			ReleaseScriptingObjects (0ms)
			CreateAndSetChildDomain (24ms)
		EndReloadAssembly (466ms)
			LoadAssemblies (60ms)
			RebuildTransferFunctionScriptingTraits (0ms)
			SetupTypeCache (156ms)
			ReleaseScriptCaches (1ms)
			RebuildScriptCaches (23ms)
			SetupLoadedEditorAssemblies (182ms)
				LogAssemblyErrors (0ms)
				InitializePlatformSupportModulesInManaged (3ms)
				SetLoadedEditorAssemblies (0ms)
				RefreshPlugins (0ms)
				BeforeProcessingInitializeOnLoad (49ms)
				ProcessInitializeOnLoadAttributes (115ms)
				ProcessInitializeOnLoadMethodAttributes (9ms)
				AfterProcessingInitializeOnLoad (4ms)
				EditorAssembliesLoaded (0ms)
			ExecutionOrderSort2 (0ms)
			AwakeInstancesAfterBackupRestoration (1ms)
Platform modules already initialized, skipping
Refreshing native plugins compatible for Editor in 0.32 ms, found 2 plugins.
Preloading 0 native plugins for Editor in 0.00 ms.
Unloading 1508 Unused Serialized files (Serialized files now loaded: 0)
System memory in use before: 75.9 MB.
System memory in use after: 76.0 MB.

Unloading 11 unused Assets to reduce memory usage. Loaded Objects now: 2023.
Total: 2.176600 ms (FindLiveObjects: 0.118300 ms CreateObjectMapping: 0.034400 ms MarkObjects: 2.004700 ms  DeleteObjects: 0.018600 ms)

AssetImportParameters requested are different than current active one (requested -> active):
  custom:framework-win-MediaFoundation: 216162199b28c13a410421893ffa2e32 -> 
  custom:video-decoder-ogg-theora: a1e56fd34408186e4bbccfd4996cb3dc -> 
  custom:container-muxer-webm: aa71ff27fc2769a1b78a27578f13a17b -> 
  custom:container-demuxer-webm: 4f35f7cbe854078d1ac9338744f61a02 -> 
  custom:container-demuxer-ogg: 62fdf1f143b41e24485cea50d1cbac27 -> 
  custom:video-encoder-webm-vp8: eb34c28f22e8b96e1ab97ce403110664 -> 
  custom:video-decoder-webm-vp8: 9c59270c3fd7afecdb556c50c9e8de78 -> 
  custom:audio-decoder-ogg-vorbis: bf7c407c2cedff20999df2af8eb42d56 -> 
  custom:audio-encoder-webm-vorbis: bf7c407c2cedff20999df2af8eb42d56 -> 
========================================================================
Received Import Request.
  Time since last request: 21.656505 seconds.
  path: Assets/02. Scripts/TowerInfo.cs
  artifactKey: Guid(a09b675a8a2a36548b91aa130688a5e7) Importer(815301076,1909f56bfc062723c751e8b465ee728b)
Start importing Assets/02. Scripts/TowerInfo.cs using Guid(a09b675a8a2a36548b91aa130688a5e7) Importer(815301076,1909f56bfc062723c751e8b465ee728b)  -> (artifact id: '9c0371967d6aa5538e6aa37007f80e89') in 0.006688 seconds 
========================================================================
Received Import Request.
  Time since last request: 202.009423 seconds.
  path: Assets/02. Scripts/TowerInfo.cs
  artifactKey: Guid(a09b675a8a2a36548b91aa130688a5e7) Importer(815301076,1909f56bfc062723c751e8b465ee728b)
Start importing Assets/02. Scripts/TowerInfo.cs using Guid(a09b675a8a2a36548b91aa130688a5e7) Importer(815301076,1909f56bfc062723c751e8b465ee728b)  -> (artifact id: 'f9df57d8efbb9f161afae529283cb70d') in 0.003258 seconds 
========================================================================
Received Import Request.
  Time since last request: 16.400996 seconds.
  path: Assets/02. Scripts/TowerInfo.cs
  artifactKey: Guid(a09b675a8a2a36548b91aa130688a5e7) Importer(815301076,1909f56bfc062723c751e8b465ee728b)
Start importing Assets/02. Scripts/TowerInfo.cs using Guid(a09b675a8a2a36548b91aa130688a5e7) Importer(815301076,1909f56bfc062723c751e8b465ee728b)  -> (artifact id: 'fe20d0e6dc674a34b0d31bd1896090fb') in 0.004496 seconds 
========================================================================
Received Prepare
Registering precompiled user dll's ...
Registered in 0.001838 seconds.
Begin MonoManager ReloadAssembly
Native extension for WindowsStandalone target not found
Refreshing native plugins compatible for Editor in 0.32 ms, found 2 plugins.
Preloading 0 native plugins for Editor in 0.00 ms.
Mono: successfully reloaded assembly
- Completed reload, in  0.568 seconds
Domain Reload Profiling:
	ReloadAssembly (568ms)
		BeginReloadAssembly (78ms)
			ExecutionOrderSort (0ms)
			DisableScriptedObjects (3ms)
			BackupInstance (0ms)
			ReleaseScriptingObjects (0ms)
			CreateAndSetChildDomain (23ms)
		EndReloadAssembly (452ms)
			LoadAssemblies (59ms)
			RebuildTransferFunctionScriptingTraits (0ms)
			SetupTypeCache (148ms)
			ReleaseScriptCaches (1ms)
			RebuildScriptCaches (22ms)
			SetupLoadedEditorAssemblies (178ms)
				LogAssemblyErrors (0ms)
				InitializePlatformSupportModulesInManaged (3ms)
				SetLoadedEditorAssemblies (0ms)
				RefreshPlugins (0ms)
				BeforeProcessingInitializeOnLoad (48ms)
				ProcessInitializeOnLoadAttributes (113ms)
				ProcessInitializeOnLoadMethodAttributes (9ms)
				AfterProcessingInitializeOnLoad (4ms)
				EditorAssembliesLoaded (0ms)
			ExecutionOrderSort2 (0ms)
			AwakeInstancesAfterBackupRestoration (1ms)
Platform modules already initialized, skipping
Refreshing native plugins compatible for Editor in 0.32 ms, found 2 plugins.
Preloading 0 native plugins for Editor in 0.00 ms.
Unloading 1508 Unused Serialized files (Serialized files now loaded: 0)
System memory in use before: 75.9 MB.
System memory in use after: 76.0 MB.

Unloading 11 unused Assets to reduce memory usage. Loaded Objects now: 2026.
Total: 2.194200 ms (FindLiveObjects: 0.122900 ms CreateObjectMapping: 0.033200 ms MarkObjects: 2.019700 ms  DeleteObjects: 0.017900 ms)

AssetImportParameters requested are different than current active one (requested -> active):
  custom:framework-win-MediaFoundation: 216162199b28c13a410421893ffa2e32 -> 
  custom:video-decoder-ogg-theora: a1e56fd34408186e4bbccfd4996cb3dc -> 
  custom:container-muxer-webm: aa71ff27fc2769a1b78a27578f13a17b -> 
  custom:container-demuxer-webm: 4f35f7cbe854078d1ac9338744f61a02 -> 
  custom:container-demuxer-ogg: 62fdf1f143b41e24485cea50d1cbac27 -> 
  custom:video-encoder-webm-vp8: eb34c28f22e8b96e1ab97ce403110664 -> 
  custom:video-decoder-webm-vp8: 9c59270c3fd7afecdb556c50c9e8de78 -> 
  custom:audio-decoder-ogg-vorbis: bf7c407c2cedff20999df2af8eb42d56 -> 
  custom:audio-encoder-webm-vorbis: bf7c407c2cedff20999df2af8eb42d56 -> 
========================================================================
Received Import Request.
  Time since last request: 90.699534 seconds.
  path: Assets/03. Prefabs/MachineGun1.asset
  artifactKey: Guid(26a4d6522b1c51d41a13aca3dfa985ed) Importer(815301076,1909f56bfc062723c751e8b465ee728b)
Start importing Assets/03. Prefabs/MachineGun1.asset using Guid(26a4d6522b1c51d41a13aca3dfa985ed) Importer(815301076,1909f56bfc062723c751e8b465ee728b)  -> (artifact id: '1a7efd8b79db6d8f7d0db0c8bec9ccd7') in 0.017153 seconds 
========================================================================
Received Import Request.
  Time since last request: 179.388661 seconds.
  path: Assets/03. Prefabs/MachineGun1 1.asset
  artifactKey: Guid(3637bfb478c03c843aa53cbe3ce0ae27) Importer(815301076,1909f56bfc062723c751e8b465ee728b)
Start importing Assets/03. Prefabs/MachineGun1 1.asset using Guid(3637bfb478c03c843aa53cbe3ce0ae27) Importer(815301076,1909f56bfc062723c751e8b465ee728b)  -> (artifact id: '370132fb5c4b985d91518810c5d73298') in 0.007927 seconds 
========================================================================
Received Import Request.
  Time since last request: 0.198976 seconds.
  path: Assets/03. Prefabs/MachineGun1 2.asset
  artifactKey: Guid(da0a538dee828274f908dbb4705d354b) Importer(815301076,1909f56bfc062723c751e8b465ee728b)
Start importing Assets/03. Prefabs/MachineGun1 2.asset using Guid(da0a538dee828274f908dbb4705d354b) Importer(815301076,1909f56bfc062723c751e8b465ee728b)  -> (artifact id: '1810258618b10edfb9b0e99ee51e90b2') in 0.007307 seconds 
========================================================================
Received Import Request.
  Time since last request: 6.430678 seconds.
  path: Assets/03. Prefabs/MachineGun2.asset
  artifactKey: Guid(da0a538dee828274f908dbb4705d354b) Importer(815301076,1909f56bfc062723c751e8b465ee728b)
Start importing Assets/03. Prefabs/MachineGun2.asset using Guid(da0a538dee828274f908dbb4705d354b) Importer(815301076,1909f56bfc062723c751e8b465ee728b)  -> (artifact id: '8fc85c7c45c7ef371c66ddfc109610d1') in 0.007542 seconds 
========================================================================
Received Import Request.
  Time since last request: 5.702323 seconds.
  path: Assets/03. Prefabs/MachineGun3.asset
  artifactKey: Guid(3637bfb478c03c843aa53cbe3ce0ae27) Importer(815301076,1909f56bfc062723c751e8b465ee728b)
Start importing Assets/03. Prefabs/MachineGun3.asset using Guid(3637bfb478c03c843aa53cbe3ce0ae27) Importer(815301076,1909f56bfc062723c751e8b465ee728b)  -> (artifact id: '492a3b74c0d0e5a67c383dc24b6bf187') in 0.006632 seconds 
========================================================================
Received Import Request.
  Time since last request: 14.000630 seconds.
  path: Assets/03. Prefabs/MachineGun1.asset
  artifactKey: Guid(26a4d6522b1c51d41a13aca3dfa985ed) Importer(815301076,1909f56bfc062723c751e8b465ee728b)
Start importing Assets/03. Prefabs/MachineGun1.asset using Guid(26a4d6522b1c51d41a13aca3dfa985ed) Importer(815301076,1909f56bfc062723c751e8b465ee728b)  -> (artifact id: 'ecce85452f65c989b0e38e0dd73194f7') in 0.002115 seconds 
========================================================================
Received Prepare
Registering precompiled user dll's ...
Registered in 0.005049 seconds.
Begin MonoManager ReloadAssembly
Native extension for WindowsStandalone target not found
Refreshing native plugins compatible for Editor in 0.32 ms, found 2 plugins.
Preloading 0 native plugins for Editor in 0.00 ms.
Mono: successfully reloaded assembly
- Completed reload, in  0.568 seconds
Domain Reload Profiling:
	ReloadAssembly (569ms)
		BeginReloadAssembly (85ms)
			ExecutionOrderSort (0ms)
			DisableScriptedObjects (4ms)
			BackupInstance (0ms)
			ReleaseScriptingObjects (0ms)
			CreateAndSetChildDomain (25ms)
		EndReloadAssembly (446ms)
			LoadAssemblies (61ms)
			RebuildTransferFunctionScriptingTraits (0ms)
			SetupTypeCache (148ms)
			ReleaseScriptCaches (1ms)
			RebuildScriptCaches (22ms)
			SetupLoadedEditorAssemblies (173ms)
				LogAssemblyErrors (0ms)
				InitializePlatformSupportModulesInManaged (3ms)
				SetLoadedEditorAssemblies (0ms)
				RefreshPlugins (0ms)
				BeforeProcessingInitializeOnLoad (46ms)
				ProcessInitializeOnLoadAttributes (111ms)
				ProcessInitializeOnLoadMethodAttributes (8ms)
				AfterProcessingInitializeOnLoad (5ms)
				EditorAssembliesLoaded (0ms)
			ExecutionOrderSort2 (0ms)
			AwakeInstancesAfterBackupRestoration (1ms)
Platform modules already initialized, skipping
Refreshing native plugins compatible for Editor in 0.23 ms, found 2 plugins.
Preloading 0 native plugins for Editor in 0.00 ms.
Unloading 1508 Unused Serialized files (Serialized files now loaded: 0)
System memory in use before: 76.0 MB.
System memory in use after: 76.1 MB.

Unloading 11 unused Assets to reduce memory usage. Loaded Objects now: 2029.
Total: 2.220700 ms (FindLiveObjects: 0.123900 ms CreateObjectMapping: 0.034800 ms MarkObjects: 2.045000 ms  DeleteObjects: 0.016500 ms)

AssetImportParameters requested are different than current active one (requested -> active):
  custom:framework-win-MediaFoundation: 216162199b28c13a410421893ffa2e32 -> 
  custom:video-decoder-ogg-theora: a1e56fd34408186e4bbccfd4996cb3dc -> 
  custom:container-muxer-webm: aa71ff27fc2769a1b78a27578f13a17b -> 
  custom:container-demuxer-webm: 4f35f7cbe854078d1ac9338744f61a02 -> 
  custom:container-demuxer-ogg: 62fdf1f143b41e24485cea50d1cbac27 -> 
  custom:video-encoder-webm-vp8: eb34c28f22e8b96e1ab97ce403110664 -> 
  custom:video-decoder-webm-vp8: 9c59270c3fd7afecdb556c50c9e8de78 -> 
  custom:audio-decoder-ogg-vorbis: bf7c407c2cedff20999df2af8eb42d56 -> 
  custom:audio-encoder-webm-vorbis: bf7c407c2cedff20999df2af8eb42d56 -> 
========================================================================
Received Import Request.
  Time since last request: 196.927935 seconds.
  path: Assets/UnityTechnologies/TowerDefenseTemplate/Models/Towers/MachineGun
  artifactKey: Guid(d5bdab058adf9415a954b8cdf2bfa979) Importer(815301076,1909f56bfc062723c751e8b465ee728b)
Start importing Assets/UnityTechnologies/TowerDefenseTemplate/Models/Towers/MachineGun using Guid(d5bdab058adf9415a954b8cdf2bfa979) Importer(815301076,1909f56bfc062723c751e8b465ee728b)  -> (artifact id: '07651ee4041d5c64ed30b8bec1bff71b') in 0.007061 seconds 
========================================================================
Received Import Request.
  Time since last request: 265.883167 seconds.
  path: Assets/03. Prefabs/MachineGun1.prefab
  artifactKey: Guid(0e1eeed9832b0ed4398e376c4186e32f) Importer(815301076,1909f56bfc062723c751e8b465ee728b)
Start importing Assets/03. Prefabs/MachineGun1.prefab using Guid(0e1eeed9832b0ed4398e376c4186e32f) Importer(815301076,1909f56bfc062723c751e8b465ee728b)  -> (artifact id: '641f94825a096357d2beddc9ac0eac42') in 0.039818 seconds 
========================================================================
Received Import Request.
  Time since last request: 5.045355 seconds.
  path: Assets/03. Prefabs/MachineGun1.prefab
  artifactKey: Guid(0e1eeed9832b0ed4398e376c4186e32f) Importer(815301076,1909f56bfc062723c751e8b465ee728b)
Start importing Assets/03. Prefabs/MachineGun1.prefab using Guid(0e1eeed9832b0ed4398e376c4186e32f) Importer(815301076,1909f56bfc062723c751e8b465ee728b)  -> (artifact id: 'f3ffd8d7e62fadc70c101624b30cdc77') in 0.009366 seconds 
========================================================================
Received Import Request.
  Time since last request: 7.056194 seconds.
  path: Assets/03. Prefabs/MachineGun1.prefab
  artifactKey: Guid(0e1eeed9832b0ed4398e376c4186e32f) Importer(815301076,1909f56bfc062723c751e8b465ee728b)
Start importing Assets/03. Prefabs/MachineGun1.prefab using Guid(0e1eeed9832b0ed4398e376c4186e32f) Importer(815301076,1909f56bfc062723c751e8b465ee728b)  -> (artifact id: '7961893bb6abc28daf4e0cef267fcedf') in 0.007798 seconds 
AssetImportWorkerClient::OnTransportError - code=2 error=End of file
